#
# A fatal error has been detected by the Java Runtime Environment:
#
#  SIGSEGV (0xb) at pc=0x00007fba7543e980, pid=2663, tid=0x00007fba65dcb700
#
# JRE version: OpenJDK Runtime Environment (8.0_131-b11) (build 1.8.0_131-8u131-b11-0ubuntu1.17.04.1-b11)
# Java VM: OpenJDK 64-Bit Server VM (25.131-b11 mixed mode linux-amd64 compressed oops)
# Problematic frame:
# J 1395 C1 sun.awt.X11.XDragSourceContextPeer.doProcessEvent(Lsun/awt/X11/XEvent;)Z (690 bytes) @ 0x00007fba7543e980 [0x00007fba7543e960+0x20]
#
# Failed to write core dump. Core dumps have been disabled. To enable core dumping, try "ulimit -c unlimited" before starting Java again
#
# If you would like to submit a bug report, please visit:
#   http://bugreport.java.com/bugreport/crash.jsp
#

---------------  T H R E A D  ---------------

Current thread (0x00007fba18290000):  JavaThread "AWT-XAWT" daemon [_thread_in_Java, id=2706, stack(0x00007fba65ccb000,0x00007fba65dcc000)]

siginfo: si_signo: 11 (SIGSEGV), si_code: 128 (SI_KERNEL), si_addr: 0x0000000000000000

Registers:
RAX=0x0000000000000001, RBX=0x00000007c00d65d0, RCX=0x00000000e1597606, RDX=0x000000070ad14580
RSP=0x00007fba65dca898, RBP=0x00007fba65dca970, RSI=0x000000070ade6a00, RDI=0x00007fba06583110
R8 =0x000000070acbb030, R9 =0x00007fba85884000, R10=0x000000070acbb030, R11=0x0000000000000001
R12=0x0000000000000000, R13=0x00007fba65dca928, R14=0x00007fba65dca9b8, R15=0x00007fba18290000
RIP=0x00007fba7543e980, EFLAGS=0x0000000000010202, CSGSFS=0x002b000000000033, ERR=0x0000000000000000
  TRAPNO=0x000000000000000d

Top of Stack: (sp=0x00007fba65dca898)
0x00007fba65dca898:   00007fba753fc814 00007fba65dca970
0x00007fba65dca8a8:   00007fba7531d454 0000000000000000
0x00007fba65dca8b8:   00007fba7539a336 00007fba65dca910
0x00007fba65dca8c8:   00007fba7519ffec 00007fba65dca970
0x00007fba65dca8d8:   00007fba75382d8c 000000070ad14580
0x00007fba65dca8e8:   0000000000000031 00007fba65dca970
0x00007fba65dca8f8:   000000070ad14580 00007fba65dca970
0x00007fba65dca908:   00007fba7500807d 00007fba65dca970
0x00007fba65dca918:   00007fba75007850 00007fba75007850
0x00007fba65dca928:   000000070ad14580 00007fba65dca930
0x00007fba65dca938:   00007fba66ae693c 00007fba65dca9b8
0x00007fba65dca948:   00007fba66af1028 0000000000000000
0x00007fba65dca958:   00007fba66ae6b10 00007fba65dca928
0x00007fba65dca968:   00007fba65dca9b0 00007fba65dcaa00
0x00007fba65dca978:   00007fba7500807d 0000000000000000
0x00007fba65dca988:   000000070acc32f8 000000070acc3138
0x00007fba65dca998:   000000000360001c 0000000000000000
0x00007fba65dca9a8:   000000070ad14580 0000000000000000
0x00007fba65dca9b8:   000000070acdb440 00007fba65dca9c0
0x00007fba65dca9c8:   00007fba66ae6815 00007fba65dcaa10
0x00007fba65dca9d8:   00007fba66af1028 0000000000000000
0x00007fba65dca9e8:   00007fba66ae6820 00007fba65dca9b0
0x00007fba65dca9f8:   00007fba65dcaa10 00007fba65dcaa58
0x00007fba65dcaa08:   00007fba750080c2 000000070acdb440
0x00007fba65dcaa18:   00007fba65dcaa18 00007fba6ebde473
0x00007fba65dcaa28:   00007fba65dcaa68 00007fba6ec67c58
0x00007fba65dcaa38:   0000000000000000 00007fba6ebde480
0x00007fba65dcaa48:   00007fba65dcaa10 00007fba65dcaa68
0x00007fba65dcaa58:   00007fba65dcaad0 00007fba750004e7
0x00007fba65dcaa68:   000000070acbb030 00007fba00001fa0
0x00007fba65dcaa78:   00007fba18290000 00007fba65dcacc0
0x00007fba65dcaa88:   00007fba65dcab70 00007fba18290000 

Instructions: (pc=0x00007fba7543e980)
0x00007fba7543e960:   fb ff ff ff fb ff ff ff fb ff ff ff fb ff ff ff
0x00007fba7543e970:   fb ff ff ff fb ff ff ff fb ff ff ff fb ff ff ff
0x00007fba7543e980:   fb ff ff ff fb ff ff ff fb ff ff ff fb ff ff ff
0x00007fba7543e990:   fb ff ff ff fb ff ff ff fb ff ff ff fb ff ff ff 

Register to memory mapping:

RAX=0x0000000000000001 is an unknown value
RBX=0x00000007c00d65d0 is pointing into metadata
RCX=0x00000000e1597606 is an unknown value
RDX=0x000000070ad14580 is an oop
sun.awt.X11.XEvent 
 - klass: 'sun/awt/X11/XEvent'
RSP=0x00007fba65dca898 is pointing into the stack for thread: 0x00007fba18290000
RBP=0x00007fba65dca970 is pointing into the stack for thread: 0x00007fba18290000
RSI=0x000000070ade6a00 is an oop
sun.awt.X11.XDragSourceContextPeer 
 - klass: 'sun/awt/X11/XDragSourceContextPeer'
RDI=0x00007fba06583110 is pointing into metadata
R8 =0x000000070acbb030 is an oop
java.lang.Thread 
 - klass: 'java/lang/Thread'
R9 =0x00007fba85884000 is an unknown value
R10=0x000000070acbb030 is an oop
java.lang.Thread 
 - klass: 'java/lang/Thread'
R11=0x0000000000000001 is an unknown value
R12=0x0000000000000000 is an unknown value
R13=0x00007fba65dca928 is pointing into the stack for thread: 0x00007fba18290000
R14=0x00007fba65dca9b8 is pointing into the stack for thread: 0x00007fba18290000
R15=0x00007fba18290000 is a thread


Stack: [0x00007fba65ccb000,0x00007fba65dcc000],  sp=0x00007fba65dca898,  free space=1022k
Native frames: (J=compiled Java code, j=interpreted, Vv=VM code, C=native code)
J 1395 C1 sun.awt.X11.XDragSourceContextPeer.doProcessEvent(Lsun/awt/X11/XEvent;)Z (690 bytes) @ 0x00007fba7543e980 [0x00007fba7543e960+0x20]
C  0x00007fba65dcad50


---------------  P R O C E S S  ---------------

Java Threads: ( => current thread )
  0x00007fba18364800 JavaThread "Thread-3" daemon [_thread_blocked, id=2717, stack(0x00007fb9dfeff000,0x00007fb9e0000000)]
  0x00007fba1835a800 JavaThread "PulseAudio Eventloop Thread" daemon [_thread_in_native, id=2716, stack(0x00007fba040d0000,0x00007fba041d1000)]
  0x00007fb9fc002800 JavaThread "Thread-1" daemon [_thread_in_native, id=2709, stack(0x00007fba072dc000,0x00007fba07add000)]
  0x00007fba18317000 JavaThread "AWT-EventQueue-1" [_thread_blocked, id=2711, stack(0x00007fba06dc8000,0x00007fba06ec9000)]
  0x00007fba18315000 JavaThread "AWT-Shutdown" [_thread_blocked, id=2710, stack(0x00007fba64014000,0x00007fba64115000)]
=>0x00007fba18290000 JavaThread "AWT-XAWT" daemon [_thread_in_Java, id=2706, stack(0x00007fba65ccb000,0x00007fba65dcc000)]
  0x00007fba1826c000 JavaThread "Java2D Disposer" daemon [_thread_blocked, id=2705, stack(0x00007fba661dc000,0x00007fba662dd000)]
  0x00007fba18014000 JavaThread "Poll DrJava Thread" daemon [_thread_blocked, id=2687, stack(0x00007fba6c57d000,0x00007fba6c67e000)]
  0x00007fba18007800 JavaThread "RMI RenewClean-[127.0.0.1:34171]" daemon [_thread_blocked, id=2686, stack(0x00007fba6c67e000,0x00007fba6c77f000)]
  0x00007fba1800b800 JavaThread "RMI Scheduler(0)" daemon [_thread_blocked, id=2685, stack(0x00007fba6c77f000,0x00007fba6c880000)]
  0x00007fba2c001800 JavaThread "RMI TCP Connection(2)-127.0.0.1" daemon [_thread_blocked, id=2684, stack(0x00007fba6c880000,0x00007fba6c981000)]
  0x00007fba8400c800 JavaThread "DestroyJavaVM" [_thread_blocked, id=2664, stack(0x00007fba8dddd000,0x00007fba8dede000)]
  0x00007fba84413800 JavaThread "GC Daemon" daemon [_thread_blocked, id=2682, stack(0x00007fba6c981000,0x00007fba6ca82000)]
  0x00007fba8440d800 JavaThread "RMI Reaper" [_thread_blocked, id=2681, stack(0x00007fba6ca82000,0x00007fba6cb83000)]
  0x00007fba843d6000 JavaThread "RMI TCP Accept-0" daemon [_thread_in_native, id=2680, stack(0x00007fba6cb83000,0x00007fba6cc84000)]
  0x00007fba840d4800 JavaThread "Service Thread" daemon [_thread_blocked, id=2678, stack(0x00007fba6d071000,0x00007fba6d172000)]
  0x00007fba840c7000 JavaThread "C1 CompilerThread2" daemon [_thread_blocked, id=2677, stack(0x00007fba6d172000,0x00007fba6d273000)]
  0x00007fba840c5000 JavaThread "C2 CompilerThread1" daemon [_thread_blocked, id=2676, stack(0x00007fba6d273000,0x00007fba6d374000)]
  0x00007fba840c2000 JavaThread "C2 CompilerThread0" daemon [_thread_blocked, id=2675, stack(0x00007fba6d374000,0x00007fba6d475000)]
  0x00007fba840c0000 JavaThread "JDWP Event Helper Thread" daemon [_thread_blocked, id=2674, stack(0x00007fba6d475000,0x00007fba6d576000)]
  0x00007fba840bb800 JavaThread "JDWP Transport Listener: dt_socket" daemon [_thread_in_native, id=2673, stack(0x00007fba6d576000,0x00007fba6d677000)]
  0x00007fba840ac800 JavaThread "Signal Dispatcher" daemon [_thread_blocked, id=2672, stack(0x00007fba6d87c000,0x00007fba6d97d000)]
  0x00007fba84086000 JavaThread "Finalizer" daemon [_thread_blocked, id=2671, stack(0x00007fba6d97d000,0x00007fba6da7e000)]
  0x00007fba84081800 JavaThread "Reference Handler" daemon [_thread_blocked, id=2670, stack(0x00007fba6da7e000,0x00007fba6db7f000)]

Other Threads:
  0x00007fba8407a000 VMThread [stack: 0x00007fba6db7f000,0x00007fba6dc80000] [id=2669]
  0x00007fba840d7000 WatcherThread [stack: 0x00007fba6cf70000,0x00007fba6d071000] [id=2679]

VM state:not at safepoint (normal execution)

VM Mutex/Monitor currently owned by a thread: None

Heap:
 PSYoungGen      total 622592K, used 569784K [0x0000000782780000, 0x00000007a8d80000, 0x00000007c0000000)
  eden space 616448K, 92% used [0x0000000782780000,0x00000007a53ce3e8,0x00000007a8180000)
  from space 6144K, 2% used [0x00000007a8780000,0x00000007a87a0000,0x00000007a8d80000)
  to   space 6144K, 0% used [0x00000007a8180000,0x00000007a8180000,0x00000007a8780000)
 ParOldGen       total 126976K, used 58891K [0x0000000707600000, 0x000000070f200000, 0x0000000782780000)
  object space 126976K, 46% used [0x0000000707600000,0x000000070af82cd8,0x000000070f200000)
 Metaspace       used 17422K, capacity 17866K, committed 18048K, reserved 1064960K
  class space    used 2014K, capacity 2173K, committed 2176K, reserved 1048576K

Card table byte_map: [0x00007fba890bf000,0x00007fba89685000] byte_map_base: 0x00007fba85884000

Marking Bits: (ParMarkBitMap*) 0x00007fba8d0aa260
 Begin Bits: [0x00007fba6f3b0000, 0x00007fba721d8000)
 End Bits:   [0x00007fba721d8000, 0x00007fba75000000)

Polling page: 0x00007fba8defc000

CodeCache: size=245760Kb used=5968Kb max_used=5968Kb free=239791Kb
 bounds [0x00007fba75000000, 0x00007fba755e0000, 0x00007fba84000000]
 total_blobs=2277 nmethods=1739 adapters=461
 compilation: enabled

Compilation events (10 events):
Event: 158.552 Thread 0x00007fba840c7000 1817       3       sun.nio.cs.StreamEncoder::ensureOpen (18 bytes)
Event: 158.553 Thread 0x00007fba840c7000 nmethod 1817 0x00007fba755d6f90 code [0x00007fba755d7120, 0x00007fba755d7388]
Event: 158.553 Thread 0x00007fba840c7000 1818       3       sun.nio.cs.StreamEncoder::implWrite (156 bytes)
Event: 158.562 Thread 0x00007fba840c7000 nmethod 1818 0x00007fba755d7450 code [0x00007fba755d76c0, 0x00007fba755d85a8]
Event: 158.562 Thread 0x00007fba840c7000 1819       3       java.io.OutputStreamWriter::flushBuffer (8 bytes)
Event: 158.562 Thread 0x00007fba840c7000 nmethod 1819 0x00007fba755d8f50 code [0x00007fba755d90c0, 0x00007fba755d9268]
Event: 159.300 Thread 0x00007fba840c7000 1820       3       java.lang.Throwable::<init> (34 bytes)
Event: 159.302 Thread 0x00007fba840c7000 nmethod 1820 0x00007fba755d9310 code [0x00007fba755d94a0, 0x00007fba755d9a68]
Event: 159.702 Thread 0x00007fba840c7000 1821       3       sun.java2d.pipe.Region::isInsideQuickCheck (57 bytes)
Event: 159.703 Thread 0x00007fba840c7000 nmethod 1821 0x00007fba755d9bd0 code [0x00007fba755d9d40, 0x00007fba755d9ff0]

GC Heap History (10 events):
Event: 113.275 GC heap before
{Heap before GC invocations=6 (full 0):
 PSYoungGen      total 103936K, used 99136K [0x0000000782780000, 0x000000078ee80000, 0x00000007c0000000)
  eden space 96256K, 100% used [0x0000000782780000,0x0000000788580000,0x0000000788580000)
  from space 7680K, 37% used [0x0000000788580000,0x0000000788850020,0x0000000788d00000)
  to   space 5632K, 0% used [0x000000078e900000,0x000000078e900000,0x000000078ee80000)
 ParOldGen       total 126976K, used 55949K [0x0000000707600000, 0x000000070f200000, 0x0000000782780000)
  object space 126976K, 44% used [0x0000000707600000,0x000000070aca35d8,0x000000070f200000)
 Metaspace       used 16904K, capacity 17340K, committed 17536K, reserved 1064960K
  class space    used 2012K, capacity 2172K, committed 2176K, reserved 1048576K
Event: 113.284 GC heap after
Heap after GC invocations=6 (full 0):
 PSYoungGen      total 198144K, used 2916K [0x0000000782780000, 0x000000078ee80000, 0x00000007c0000000)
  eden space 192512K, 0% used [0x0000000782780000,0x0000000782780000,0x000000078e380000)
  from space 5632K, 51% used [0x000000078e900000,0x000000078ebd9040,0x000000078ee80000)
  to   space 5632K, 0% used [0x000000078e380000,0x000000078e380000,0x000000078e900000)
 ParOldGen       total 126976K, used 55957K [0x0000000707600000, 0x000000070f200000, 0x0000000782780000)
  object space 126976K, 44% used [0x0000000707600000,0x000000070aca55d8,0x000000070f200000)
 Metaspace       used 16904K, capacity 17340K, committed 17536K, reserved 1064960K
  class space    used 2012K, capacity 2172K, committed 2176K, reserved 1048576K
}
Event: 118.511 GC heap before
{Heap before GC invocations=7 (full 0):
 PSYoungGen      total 198144K, used 195428K [0x0000000782780000, 0x000000078ee80000, 0x00000007c0000000)
  eden space 192512K, 100% used [0x0000000782780000,0x000000078e380000,0x000000078e380000)
  from space 5632K, 51% used [0x000000078e900000,0x000000078ebd9040,0x000000078ee80000)
  to   space 5632K, 0% used [0x000000078e380000,0x000000078e380000,0x000000078e900000)
 ParOldGen       total 126976K, used 55957K [0x0000000707600000, 0x000000070f200000, 0x0000000782780000)
  object space 126976K, 44% used [0x0000000707600000,0x000000070aca55d8,0x000000070f200000)
 Metaspace       used 16967K, capacity 17412K, committed 17536K, reserved 1064960K
  class space    used 2012K, capacity 2172K, committed 2176K, reserved 1048576K
Event: 118.520 GC heap after
Heap after GC invocations=7 (full 0):
 PSYoungGen      total 198144K, used 256K [0x0000000782780000, 0x000000079ab80000, 0x00000007c0000000)
  eden space 192512K, 0% used [0x0000000782780000,0x0000000782780000,0x000000078e380000)
  from space 5632K, 4% used [0x000000078e380000,0x000000078e3c0000,0x000000078e900000)
  to   space 6144K, 0% used [0x000000079a580000,0x000000079a580000,0x000000079ab80000)
 ParOldGen       total 126976K, used 58635K [0x0000000707600000, 0x000000070f200000, 0x0000000782780000)
  object space 126976K, 46% used [0x0000000707600000,0x000000070af42cb8,0x000000070f200000)
 Metaspace       used 16967K, capacity 17412K, committed 17536K, reserved 1064960K
  class space    used 2012K, capacity 2172K, committed 2176K, reserved 1048576K
}
Event: 124.081 GC heap before
{Heap before GC invocations=8 (full 0):
 PSYoungGen      total 198144K, used 192768K [0x0000000782780000, 0x000000079ab80000, 0x00000007c0000000)
  eden space 192512K, 100% used [0x0000000782780000,0x000000078e380000,0x000000078e380000)
  from space 5632K, 4% used [0x000000078e380000,0x000000078e3c0000,0x000000078e900000)
  to   space 6144K, 0% used [0x000000079a580000,0x000000079a580000,0x000000079ab80000)
 ParOldGen       total 126976K, used 58635K [0x0000000707600000, 0x000000070f200000, 0x0000000782780000)
  object space 126976K, 46% used [0x0000000707600000,0x000000070af42cb8,0x000000070f200000)
 Metaspace       used 17045K, capacity 17482K, committed 17792K, reserved 1064960K
  class space    used 2014K, capacity 2173K, committed 2176K, reserved 1048576K
Event: 124.084 GC heap after
Heap after GC invocations=8 (full 0):
 PSYoungGen      total 391168K, used 192K [0x0000000782780000, 0x000000079ab80000, 0x00000007c0000000)
  eden space 385024K, 0% used [0x0000000782780000,0x0000000782780000,0x0000000799f80000)
  from space 6144K, 3% used [0x000000079a580000,0x000000079a5b0000,0x000000079ab80000)
  to   space 6144K, 0% used [0x0000000799f80000,0x0000000799f80000,0x000000079a580000)
 ParOldGen       total 126976K, used 58835K [0x0000000707600000, 0x000000070f200000, 0x0000000782780000)
  object space 126976K, 46% used [0x0000000707600000,0x000000070af74cb8,0x000000070f200000)
 Metaspace       used 17045K, capacity 17482K, committed 17792K, reserved 1064960K
  class space    used 2014K, capacity 2173K, committed 2176K, reserved 1048576K
}
Event: 134.729 GC heap before
{Heap before GC invocations=9 (full 0):
 PSYoungGen      total 391168K, used 385216K [0x0000000782780000, 0x000000079ab80000, 0x00000007c0000000)
  eden space 385024K, 100% used [0x0000000782780000,0x0000000799f80000,0x0000000799f80000)
  from space 6144K, 3% used [0x000000079a580000,0x000000079a5b0000,0x000000079ab80000)
  to   space 6144K, 0% used [0x0000000799f80000,0x0000000799f80000,0x000000079a580000)
 ParOldGen       total 126976K, used 58835K [0x0000000707600000, 0x000000070f200000, 0x0000000782780000)
  object space 126976K, 46% used [0x0000000707600000,0x000000070af74cb8,0x000000070f200000)
 Metaspace       used 17210K, capacity 17610K, committed 17792K, reserved 1064960K
  class space    used 2014K, capacity 2173K, committed 2176K, reserved 1048576K
Event: 134.734 GC heap after
Heap after GC invocations=9 (full 0):
 PSYoungGen      total 391168K, used 160K [0x0000000782780000, 0x00000007a8d80000, 0x00000007c0000000)
  eden space 385024K, 0% used [0x0000000782780000,0x0000000782780000,0x0000000799f80000)
  from space 6144K, 2% used [0x0000000799f80000,0x0000000799fa8000,0x000000079a580000)
  to   space 6144K, 0% used [0x00000007a8780000,0x00000007a8780000,0x00000007a8d80000)
 ParOldGen       total 126976K, used 58851K [0x0000000707600000, 0x000000070f200000, 0x0000000782780000)
  object space 126976K, 46% used [0x0000000707600000,0x000000070af78cb8,0x000000070f200000)
 Metaspace       used 17210K, capacity 17610K, committed 17792K, reserved 1064960K
  class space    used 2014K, capacity 2173K, committed 2176K, reserved 1048576K
}
Event: 142.648 GC heap before
{Heap before GC invocations=10 (full 0):
 PSYoungGen      total 391168K, used 385184K [0x0000000782780000, 0x00000007a8d80000, 0x00000007c0000000)
  eden space 385024K, 100% used [0x0000000782780000,0x0000000799f80000,0x0000000799f80000)
  from space 6144K, 2% used [0x0000000799f80000,0x0000000799fa8000,0x000000079a580000)
  to   space 6144K, 0% used [0x00000007a8780000,0x00000007a8780000,0x00000007a8d80000)
 ParOldGen       total 126976K, used 58851K [0x0000000707600000, 0x000000070f200000, 0x0000000782780000)
  object space 126976K, 46% used [0x0000000707600000,0x000000070af78cb8,0x000000070f200000)
 Metaspace       used 17268K, capacity 17674K, committed 17792K, reserved 1064960K
  class space    used 2014K, capacity 2173K, committed 2176K, reserved 1048576K
Event: 142.651 GC heap after
Heap after GC invocations=10 (full 0):
 PSYoungGen      total 622592K, used 128K [0x0000000782780000, 0x00000007a8d80000, 0x00000007c0000000)
  eden space 616448K, 0% used [0x0000000782780000,0x0000000782780000,0x00000007a8180000)
  from space 6144K, 2% used [0x00000007a8780000,0x00000007a87a0000,0x00000007a8d80000)
  to   space 6144K, 0% used [0x00000007a8180000,0x00000007a8180000,0x00000007a8780000)
 ParOldGen       total 126976K, used 58891K [0x0000000707600000, 0x000000070f200000, 0x0000000782780000)
  object space 126976K, 46% used [0x0000000707600000,0x000000070af82cd8,0x000000070f200000)
 Metaspace       used 17268K, capacity 17674K, committed 17792K, reserved 1064960K
  class space    used 2014K, capacity 2173K, committed 2176K, reserved 1048576K
}

Deoptimization events (10 events):
Event: 120.746 Thread 0x00007fba18317000 Uncommon trap: reason=unstable_if action=reinterpret pc=0x00007fba75403c60 method=sun.java2d.pisces.Renderer.endRendering()V @ 116
Event: 120.748 Thread 0x00007fba18317000 Uncommon trap: reason=unstable_if action=reinterpret pc=0x00007fba753fe5f8 method=sun.java2d.pisces.Renderer.endRendering()V @ 116
Event: 121.417 Thread 0x00007fba18317000 Uncommon trap: reason=unstable_if action=reinterpret pc=0x00007fba7538aaec method=sun.java2d.pisces.Renderer._endRendering(IIII)V @ 281
Event: 121.417 Thread 0x00007fba18317000 Uncommon trap: reason=unstable_if action=reinterpret pc=0x00007fba7536322c method=sun.java2d.pisces.Renderer._endRendering(IIII)V @ 281
Event: 121.619 Thread 0x00007fba18317000 Uncommon trap: reason=unstable_if action=reinterpret pc=0x00007fba7530935c method=java.util.ArrayList$Itr.checkForComodification()V @ 11
Event: 145.179 Thread 0x00007fba18317000 Uncommon trap: reason=unstable_if action=reinterpret pc=0x00007fba7542a11c method=sun.java2d.pisces.PiscesTileGenerator.getAlpha([BII)V @ 35
Event: 148.144 Thread 0x00007fba18317000 Uncommon trap: reason=unstable_if action=reinterpret pc=0x00007fba75490854 method=java.lang.StrictMath.floorOrCeil(DDDD)D @ 38
Event: 148.144 Thread 0x00007fba18317000 Uncommon trap: reason=unstable_if action=reinterpret pc=0x00007fba7545c16c method=java.lang.StrictMath.floorOrCeil(DDDD)D @ 38
Event: 148.144 Thread 0x00007fba18317000 Uncommon trap: reason=unstable_if action=reinterpret pc=0x00007fba7538588c method=java.lang.StrictMath.floorOrCeil(DDDD)D @ 38
Event: 148.144 Thread 0x00007fba18317000 Uncommon trap: reason=unstable_if action=reinterpret pc=0x00007fba7548c4c4 method=java.lang.StrictMath.floorOrCeil(DDDD)D @ 38

Internal exceptions (10 events):
Event: 121.620 Thread 0x00007fba18317000 Exception <a 'java/util/ConcurrentModificationException'> (0x0000000789c26d50) thrown at [/build/openjdk-8-XBM715/openjdk-8-8u131-b11/src/hotspot/src/share/vm/prims/jvm.cpp, line 1394]
Event: 127.442 Thread 0x00007fba18317000 Exception <a 'java/util/ConcurrentModificationException'> (0x000000078f6c74f0) thrown at [/build/openjdk-8-XBM715/openjdk-8-8u131-b11/src/hotspot/src/share/vm/prims/jvm.cpp, line 1394]
Event: 127.442 Thread 0x00007fba18317000 Exception <a 'java/util/ConcurrentModificationException'> (0x000000078f6c74f0) thrown at [/build/openjdk-8-XBM715/openjdk-8-8u131-b11/src/hotspot/src/share/vm/prims/jvm.cpp, line 1394]
Event: 145.675 Thread 0x00007fba18317000 Exception <a 'java/util/ConcurrentModificationException'> (0x000000078461b558) thrown at [/build/openjdk-8-XBM715/openjdk-8-8u131-b11/src/hotspot/src/share/vm/prims/jvm.cpp, line 1394]
Event: 145.675 Thread 0x00007fba18317000 Exception <a 'java/util/ConcurrentModificationException'> (0x000000078461b558) thrown at [/build/openjdk-8-XBM715/openjdk-8-8u131-b11/src/hotspot/src/share/vm/prims/jvm.cpp, line 1394]
Event: 149.706 Thread 0x00007fba18317000 Exception <a 'java/util/ConcurrentModificationException'> (0x000000078f03a038) thrown at [/build/openjdk-8-XBM715/openjdk-8-8u131-b11/src/hotspot/src/share/vm/prims/jvm.cpp, line 1394]
Event: 149.706 Thread 0x00007fba18317000 Exception <a 'java/util/ConcurrentModificationException'> (0x000000078f03a038) thrown at [/build/openjdk-8-XBM715/openjdk-8-8u131-b11/src/hotspot/src/share/vm/prims/jvm.cpp, line 1394]
Event: 158.278 Thread 0x00007fba18317000 Exception <a 'java/util/ConcurrentModificationException'> (0x000000079e90a5c8) thrown at [/build/openjdk-8-XBM715/openjdk-8-8u131-b11/src/hotspot/src/share/vm/prims/jvm.cpp, line 1394]
Event: 158.278 Thread 0x00007fba18317000 Exception <a 'java/util/ConcurrentModificationException'> (0x000000079e90a5c8) thrown at [/build/openjdk-8-XBM715/openjdk-8-8u131-b11/src/hotspot/src/share/vm/prims/jvm.cpp, line 1394]
Event: 160.107 Thread 0x00007fba18290000 Implicit null exception at 0x00007fba7543e980 to 0x0000000000000000

Events (10 events):
Event: 160.026 Thread 0x00007fba18317000 DEOPT PACKING pc=0x00007fba7546fe2c sp=0x00007fba06ec51b0
Event: 160.026 Thread 0x00007fba18317000 DEOPT UNPACKING pc=0x00007fba75046f73 sp=0x00007fba06ec4eb0 mode 1
Event: 160.026 Thread 0x00007fba18317000 DEOPT PACKING pc=0x00007fba75413f74 sp=0x00007fba06ec4ff0
Event: 160.026 Thread 0x00007fba18317000 DEOPT UNPACKING pc=0x00007fba75046f73 sp=0x00007fba06ec4e70 mode 1
Event: 160.026 Thread 0x00007fba18317000 DEOPT PACKING pc=0x00007fba7546fe2c sp=0x00007fba06ec51b0
Event: 160.026 Thread 0x00007fba18317000 DEOPT UNPACKING pc=0x00007fba75046f73 sp=0x00007fba06ec4eb0 mode 1
Event: 160.026 Thread 0x00007fba18317000 DEOPT PACKING pc=0x00007fba75413f74 sp=0x00007fba06ec4ff0
Event: 160.026 Thread 0x00007fba18317000 DEOPT UNPACKING pc=0x00007fba75046f73 sp=0x00007fba06ec4e70 mode 1
Event: 160.026 Thread 0x00007fba18317000 DEOPT PACKING pc=0x00007fba7546fe2c sp=0x00007fba06ec51b0
Event: 160.026 Thread 0x00007fba18317000 DEOPT UNPACKING pc=0x00007fba75046f73 sp=0x00007fba06ec4eb0 mode 1


Dynamic libraries:
707600000-70f200000 rw-p 00000000 00:00 0 
70f200000-782780000 ---p 00000000 00:00 0 
782780000-7a8d80000 rw-p 00000000 00:00 0 
7a8d80000-7c0000000 ---p 00000000 00:00 0 
7c0000000-7c0220000 rw-p 00000000 00:00 0 
7c0220000-800000000 ---p 00000000 00:00 0 
556de4eba000-556de4ebb000 r-xp 00000000 08:01 9578586                    /usr/lib/jvm/java-8-openjdk-amd64/jre/bin/java
556de50ba000-556de50bb000 r--p 00000000 08:01 9578586                    /usr/lib/jvm/java-8-openjdk-amd64/jre/bin/java
556de50bb000-556de50bc000 rw-p 00001000 08:01 9578586                    /usr/lib/jvm/java-8-openjdk-amd64/jre/bin/java
556de5e6e000-556de5e8f000 rw-p 00000000 00:00 0                          [heap]
7fb9d8000000-7fb9d9235000 rw-p 00000000 00:00 0 
7fb9d9235000-7fb9dc000000 ---p 00000000 00:00 0 
7fb9dfeff000-7fb9dff02000 ---p 00000000 00:00 0 
7fb9dff02000-7fb9e0000000 rw-p 00000000 00:00 0 
7fb9e0000000-7fb9e4000000 rw-s 00000000 00:05 41038                      /memfd:pulseaudio (deleted)
7fb9e4000000-7fb9e8000000 rw-s 00000000 00:05 29728                      /memfd:pulseaudio (deleted)
7fb9e8000000-7fb9e8021000 rw-p 00000000 00:00 0 
7fb9e8021000-7fb9ec000000 ---p 00000000 00:00 0 
7fb9ec000000-7fb9f0000000 rw-s 00000000 00:05 41035                      /memfd:pulseaudio (deleted)
7fb9f0000000-7fb9f4000000 rw-s 00000000 00:05 41035                      /memfd:pulseaudio (deleted)
7fb9f4000000-7fb9f4021000 rw-p 00000000 00:00 0 
7fb9f4021000-7fb9f8000000 ---p 00000000 00:00 0 
7fb9f8000000-7fb9f8073000 rw-p 00000000 00:00 0 
7fb9f8073000-7fb9fc000000 ---p 00000000 00:00 0 
7fb9fc000000-7fb9fc021000 rw-p 00000000 00:00 0 
7fb9fc021000-7fba00000000 ---p 00000000 00:00 0 
7fba00000000-7fba00021000 rw-p 00000000 00:00 0 
7fba00021000-7fba04000000 ---p 00000000 00:00 0 
7fba040d0000-7fba040d3000 ---p 00000000 00:00 0 
7fba040d3000-7fba041d1000 rw-p 00000000 00:00 0 
7fba041d1000-7fba041dd000 r-xp 00000000 08:01 9833149                    /usr/lib/jvm/java-8-openjdk-amd64/jre/lib/amd64/libicedtea-sound.so
7fba041dd000-7fba043dd000 ---p 0000c000 08:01 9833149                    /usr/lib/jvm/java-8-openjdk-amd64/jre/lib/amd64/libicedtea-sound.so
7fba043dd000-7fba043de000 r--p 0000c000 08:01 9833149                    /usr/lib/jvm/java-8-openjdk-amd64/jre/lib/amd64/libicedtea-sound.so
7fba043de000-7fba043df000 rw-p 0000d000 08:01 9833149                    /usr/lib/jvm/java-8-openjdk-amd64/jre/lib/amd64/libicedtea-sound.so
7fba043df000-7fba043e0000 ---p 00000000 00:00 0 
7fba043e0000-7fba04be0000 rw-p 00000000 00:00 0 
7fba04be0000-7fba04be6000 r-xp 00000000 08:01 9179541                    /usr/lib/x86_64-linux-gnu/alsa-lib/libasound_module_pcm_pulse.so
7fba04be6000-7fba04de5000 ---p 00006000 08:01 9179541                    /usr/lib/x86_64-linux-gnu/alsa-lib/libasound_module_pcm_pulse.so
7fba04de5000-7fba04de6000 r--p 00005000 08:01 9179541                    /usr/lib/x86_64-linux-gnu/alsa-lib/libasound_module_pcm_pulse.so
7fba04de6000-7fba04de7000 rw-p 00006000 08:01 9179541                    /usr/lib/x86_64-linux-gnu/alsa-lib/libasound_module_pcm_pulse.so
7fba04de7000-7fba04dfe000 r-xp 00000000 08:01 11539036                   /lib/x86_64-linux-gnu/libresolv-2.24.so
7fba04dfe000-7fba04ffe000 ---p 00017000 08:01 11539036                   /lib/x86_64-linux-gnu/libresolv-2.24.so
7fba04ffe000-7fba04fff000 r--p 00017000 08:01 11539036                   /lib/x86_64-linux-gnu/libresolv-2.24.so
7fba04fff000-7fba05000000 rw-p 00018000 08:01 11539036                   /lib/x86_64-linux-gnu/libresolv-2.24.so
7fba05000000-7fba05002000 rw-p 00000000 00:00 0 
7fba05002000-7fba0508f000 r-xp 00000000 08:01 8922784                    /usr/lib/x86_64-linux-gnu/libvorbisenc.so.2.0.11
7fba0508f000-7fba0528e000 ---p 0008d000 08:01 8922784                    /usr/lib/x86_64-linux-gnu/libvorbisenc.so.2.0.11
7fba0528e000-7fba052aa000 r--p 0008c000 08:01 8922784                    /usr/lib/x86_64-linux-gnu/libvorbisenc.so.2.0.11
7fba052aa000-7fba052ab000 rw-p 000a8000 08:01 8922784                    /usr/lib/x86_64-linux-gnu/libvorbisenc.so.2.0.11
7fba052ab000-7fba052d5000 r-xp 00000000 08:01 8922782                    /usr/lib/x86_64-linux-gnu/libvorbis.so.0.4.8
7fba052d5000-7fba054d4000 ---p 0002a000 08:01 8922782                    /usr/lib/x86_64-linux-gnu/libvorbis.so.0.4.8
7fba054d4000-7fba054d5000 r--p 00029000 08:01 8922782                    /usr/lib/x86_64-linux-gnu/libvorbis.so.0.4.8
7fba054d5000-7fba054d6000 rw-p 0002a000 08:01 8922782                    /usr/lib/x86_64-linux-gnu/libvorbis.so.0.4.8
7fba054d6000-7fba054dd000 r-xp 00000000 08:01 8922351                    /usr/lib/x86_64-linux-gnu/libogg.so.0.8.2
7fba054dd000-7fba056dd000 ---p 00007000 08:01 8922351                    /usr/lib/x86_64-linux-gnu/libogg.so.0.8.2
7fba056dd000-7fba056de000 r--p 00007000 08:01 8922351                    /usr/lib/x86_64-linux-gnu/libogg.so.0.8.2
7fba056de000-7fba056df000 rw-p 00008000 08:01 8922351                    /usr/lib/x86_64-linux-gnu/libogg.so.0.8.2
7fba056df000-7fba05754000 r-xp 00000000 08:01 8921175                    /usr/lib/x86_64-linux-gnu/libFLAC.so.8.3.0
7fba05754000-7fba05954000 ---p 00075000 08:01 8921175                    /usr/lib/x86_64-linux-gnu/libFLAC.so.8.3.0
7fba05954000-7fba05955000 r--p 00075000 08:01 8921175                    /usr/lib/x86_64-linux-gnu/libFLAC.so.8.3.0
7fba05955000-7fba05956000 rw-p 00076000 08:01 8921175                    /usr/lib/x86_64-linux-gnu/libFLAC.so.8.3.0
7fba05956000-7fba0595b000 r-xp 00000000 08:01 8921456                    /usr/lib/x86_64-linux-gnu/libasyncns.so.0.3.1
7fba0595b000-7fba05b5a000 ---p 00005000 08:01 8921456                    /usr/lib/x86_64-linux-gnu/libasyncns.so.0.3.1
7fba05b5a000-7fba05b5b000 r--p 00004000 08:01 8921456                    /usr/lib/x86_64-linux-gnu/libasyncns.so.0.3.1
7fba05b5b000-7fba05b5c000 rw-p 00005000 08:01 8921456                    /usr/lib/x86_64-linux-gnu/libasyncns.so.0.3.1
7fba05b5c000-7fba05bce000 r-xp 00000000 08:01 8922574                    /usr/lib/x86_64-linux-gnu/libsndfile.so.1.0.27
7fba05bce000-7fba05dce000 ---p 00072000 08:01 8922574                    /usr/lib/x86_64-linux-gnu/libsndfile.so.1.0.27
7fba05dce000-7fba05dd0000 r--p 00072000 08:01 8922574                    /usr/lib/x86_64-linux-gnu/libsndfile.so.1.0.27
7fba05dd0000-7fba05dd1000 rw-p 00074000 08:01 8922574                    /usr/lib/x86_64-linux-gnu/libsndfile.so.1.0.27
7fba05dd1000-7fba05dd3000 rw-p 00000000 00:00 0 
7fba05dd3000-7fba05ddb000 r-xp 00000000 08:01 11539068                   /lib/x86_64-linux-gnu/libwrap.so.0.7.6
7fba05ddb000-7fba05fdb000 ---p 00008000 08:01 11539068                   /lib/x86_64-linux-gnu/libwrap.so.0.7.6
7fba05fdb000-7fba05fdc000 r--p 00008000 08:01 11539068                   /lib/x86_64-linux-gnu/libwrap.so.0.7.6
7fba05fdc000-7fba05fdd000 rw-p 00009000 08:01 11539068                   /lib/x86_64-linux-gnu/libwrap.so.0.7.6
7fba05fdd000-7fba0605a000 r-xp 00000000 08:01 9309769                    /usr/lib/x86_64-linux-gnu/pulseaudio/libpulsecommon-10.0.so
7fba0605a000-7fba06259000 ---p 0007d000 08:01 9309769                    /usr/lib/x86_64-linux-gnu/pulseaudio/libpulsecommon-10.0.so
7fba06259000-7fba0625b000 r--p 0007c000 08:01 9309769                    /usr/lib/x86_64-linux-gnu/pulseaudio/libpulsecommon-10.0.so
7fba0625b000-7fba0625c000 rw-p 0007e000 08:01 9309769                    /usr/lib/x86_64-linux-gnu/pulseaudio/libpulsecommon-10.0.so
7fba0625c000-7fba062a9000 r-xp 00000000 08:01 8922451                    /usr/lib/x86_64-linux-gnu/libpulse.so.0.20.1
7fba062a9000-7fba064a9000 ---p 0004d000 08:01 8922451                    /usr/lib/x86_64-linux-gnu/libpulse.so.0.20.1
7fba064a9000-7fba064ab000 r--p 0004d000 08:01 8922451                    /usr/lib/x86_64-linux-gnu/libpulse.so.0.20.1
7fba064ab000-7fba064ac000 rw-p 0004f000 08:01 8922451                    /usr/lib/x86_64-linux-gnu/libpulse.so.0.20.1
7fba064ae000-7fba0662e000 rw-p 00000000 00:00 0 
7fba0662e000-7fba066ae000 ---p 00000000 00:00 0 
7fba066ae000-7fba067ae000 r-xp 00000000 08:01 8921450                    /usr/lib/x86_64-linux-gnu/libasound.so.2.0.0
7fba067ae000-7fba069ae000 ---p 00100000 08:01 8921450                    /usr/lib/x86_64-linux-gnu/libasound.so.2.0.0
7fba069ae000-7fba069b5000 r--p 00100000 08:01 8921450                    /usr/lib/x86_64-linux-gnu/libasound.so.2.0.0
7fba069b5000-7fba069b6000 rw-p 00107000 08:01 8921450                    /usr/lib/x86_64-linux-gnu/libasound.so.2.0.0
7fba069b6000-7fba069c5000 r-xp 00000000 08:01 9833150                    /usr/lib/jvm/java-8-openjdk-amd64/jre/lib/amd64/libjsoundalsa.so
7fba069c5000-7fba06bc4000 ---p 0000f000 08:01 9833150                    /usr/lib/jvm/java-8-openjdk-amd64/jre/lib/amd64/libjsoundalsa.so
7fba06bc4000-7fba06bc5000 r--p 0000e000 08:01 9833150                    /usr/lib/jvm/java-8-openjdk-amd64/jre/lib/amd64/libjsoundalsa.so
7fba06bc5000-7fba06bc6000 rw-p 0000f000 08:01 9833150                    /usr/lib/jvm/java-8-openjdk-amd64/jre/lib/amd64/libjsoundalsa.so
7fba06bc6000-7fba06bc7000 r-xp 00000000 08:01 9833136                    /usr/lib/jvm/java-8-openjdk-amd64/jre/lib/amd64/libjsound.so
7fba06bc7000-7fba06dc6000 ---p 00001000 08:01 9833136                    /usr/lib/jvm/java-8-openjdk-amd64/jre/lib/amd64/libjsound.so
7fba06dc6000-7fba06dc7000 r--p 00000000 08:01 9833136                    /usr/lib/jvm/java-8-openjdk-amd64/jre/lib/amd64/libjsound.so
7fba06dc7000-7fba06dc8000 rw-p 00001000 08:01 9833136                    /usr/lib/jvm/java-8-openjdk-amd64/jre/lib/amd64/libjsound.so
7fba06dc8000-7fba06dcb000 ---p 00000000 00:00 0 
7fba06dcb000-7fba06ec9000 rw-p 00000000 00:00 0 
7fba06ec9000-7fba06eda000 r-xp 00000000 08:01 9833140                    /usr/lib/jvm/java-8-openjdk-amd64/jre/lib/amd64/libnio.so
7fba06eda000-7fba070da000 ---p 00011000 08:01 9833140                    /usr/lib/jvm/java-8-openjdk-amd64/jre/lib/amd64/libnio.so
7fba070da000-7fba070db000 r--p 00011000 08:01 9833140                    /usr/lib/jvm/java-8-openjdk-amd64/jre/lib/amd64/libnio.so
7fba070db000-7fba070dc000 rw-p 00012000 08:01 9833140                    /usr/lib/jvm/java-8-openjdk-amd64/jre/lib/amd64/libnio.so
7fba070dc000-7fba072dc000 rw-p 00000000 00:00 0 
7fba072dc000-7fba072df000 ---p 00000000 00:00 0 
7fba072df000-7fba07add000 rw-p 00000000 00:00 0 
7fba07add000-7fba07af0000 r-xp 00000000 08:01 11538933                   /lib/x86_64-linux-gnu/libgpg-error.so.0.21.0
7fba07af0000-7fba07cef000 ---p 00013000 08:01 11538933                   /lib/x86_64-linux-gnu/libgpg-error.so.0.21.0
7fba07cef000-7fba07cf0000 r--p 00012000 08:01 11538933                   /lib/x86_64-linux-gnu/libgpg-error.so.0.21.0
7fba07cf0000-7fba07cf1000 rw-p 00013000 08:01 11538933                   /lib/x86_64-linux-gnu/libgpg-error.so.0.21.0
7fba07cf1000-7fba07df8000 r-xp 00000000 08:01 11538929                   /lib/x86_64-linux-gnu/libgcrypt.so.20.1.6
7fba07df8000-7fba07ff7000 ---p 00107000 08:01 11538929                   /lib/x86_64-linux-gnu/libgcrypt.so.20.1.6
7fba07ff7000-7fba07ff9000 r--p 00106000 08:01 11538929                   /lib/x86_64-linux-gnu/libgcrypt.so.20.1.6
7fba07ff9000-7fba08000000 rw-p 00108000 08:01 11538929                   /lib/x86_64-linux-gnu/libgcrypt.so.20.1.6
7fba08000000-7fba08021000 rw-p 00000000 00:00 0 
7fba08021000-7fba0c000000 ---p 00000000 00:00 0 
7fba0c000000-7fba0c021000 rw-p 00000000 00:00 0 
7fba0c021000-7fba10000000 ---p 00000000 00:00 0 
7fba10000000-7fba10021000 rw-p 00000000 00:00 0 
7fba10021000-7fba14000000 ---p 00000000 00:00 0 
7fba14000000-7fba14280000 rw-p 00000000 00:00 0 
7fba14280000-7fba18000000 ---p 00000000 00:00 0 
7fba18000000-7fba185d3000 rw-p 00000000 00:00 0 
7fba185d3000-7fba1c000000 ---p 00000000 00:00 0 
7fba1c000000-7fba1c021000 rw-p 00000000 00:00 0 
7fba1c021000-7fba20000000 ---p 00000000 00:00 0 
7fba20000000-7fba20021000 rw-p 00000000 00:00 0 
7fba20021000-7fba24000000 ---p 00000000 00:00 0 
7fba24000000-7fba24021000 rw-p 00000000 00:00 0 
7fba24021000-7fba28000000 ---p 00000000 00:00 0 
7fba28000000-7fba28021000 rw-p 00000000 00:00 0 
7fba28021000-7fba2c000000 ---p 00000000 00:00 0 
7fba2c000000-7fba2c021000 rw-p 00000000 00:00 0 
7fba2c021000-7fba30000000 ---p 00000000 00:00 0 
7fba30000000-7fba30786000 rw-p 00000000 00:00 0 
7fba30786000-7fba34000000 ---p 00000000 00:00 0 
7fba34000000-7fba34021000 rw-p 00000000 00:00 0 
7fba34021000-7fba38000000 ---p 00000000 00:00 0 
7fba38000000-7fba382f0000 rw-p 00000000 00:00 0 
7fba382f0000-7fba3c000000 ---p 00000000 00:00 0 
7fba3c000000-7fba3c71a000 rw-p 00000000 00:00 0 
7fba3c71a000-7fba40000000 ---p 00000000 00:00 0 
7fba40000000-7fba40021000 rw-p 00000000 00:00 0 
7fba40021000-7fba44000000 ---p 00000000 00:00 0 
7fba44000000-7fba44021000 rw-p 00000000 00:00 0 
7fba44021000-7fba48000000 ---p 00000000 00:00 0 
7fba48000000-7fba48021000 rw-p 00000000 00:00 0 
7fba48021000-7fba4c000000 ---p 00000000 00:00 0 
7fba4c000000-7fba4c021000 rw-p 00000000 00:00 0 
7fba4c021000-7fba50000000 ---p 00000000 00:00 0 
7fba50000000-7fba50031000 rw-p 00000000 00:00 0 
7fba50031000-7fba54000000 ---p 00000000 00:00 0 
7fba54000000-7fba54021000 rw-p 00000000 00:00 0 
7fba54021000-7fba58000000 ---p 00000000 00:00 0 
7fba58000000-7fba58021000 rw-p 00000000 00:00 0 
7fba58021000-7fba5c000000 ---p 00000000 00:00 0 
7fba5c000000-7fba5c021000 rw-p 00000000 00:00 0 
7fba5c021000-7fba60000000 ---p 00000000 00:00 0 
7fba60000000-7fba60021000 rw-p 00000000 00:00 0 
7fba60021000-7fba64000000 ---p 00000000 00:00 0 
7fba64014000-7fba64017000 ---p 00000000 00:00 0 
7fba64017000-7fba64115000 rw-p 00000000 00:00 0 
7fba64115000-7fba6412c000 r-xp 00000000 08:01 8922213                    /usr/lib/x86_64-linux-gnu/liblz4.so.1.7.1
7fba6412c000-7fba6432b000 ---p 00017000 08:01 8922213                    /usr/lib/x86_64-linux-gnu/liblz4.so.1.7.1
7fba6432b000-7fba6432c000 r--p 00016000 08:01 8922213                    /usr/lib/x86_64-linux-gnu/liblz4.so.1.7.1
7fba6432c000-7fba6432d000 rw-p 00017000 08:01 8922213                    /usr/lib/x86_64-linux-gnu/liblz4.so.1.7.1
7fba6432d000-7fba64351000 r-xp 00000000 08:01 11538952                   /lib/x86_64-linux-gnu/liblzma.so.5.2.2
7fba64351000-7fba64551000 ---p 00024000 08:01 11538952                   /lib/x86_64-linux-gnu/liblzma.so.5.2.2
7fba64551000-7fba64552000 r--p 00024000 08:01 11538952                   /lib/x86_64-linux-gnu/liblzma.so.5.2.2
7fba64552000-7fba64553000 rw-p 00025000 08:01 11538952                   /lib/x86_64-linux-gnu/liblzma.so.5.2.2
7fba64553000-7fba64578000 r-xp 00000000 08:01 11539042                   /lib/x86_64-linux-gnu/libselinux.so.1
7fba64578000-7fba64777000 ---p 00025000 08:01 11539042                   /lib/x86_64-linux-gnu/libselinux.so.1
7fba64777000-7fba64778000 r--p 00024000 08:01 11539042                   /lib/x86_64-linux-gnu/libselinux.so.1
7fba64778000-7fba64779000 rw-p 00025000 08:01 11539042                   /lib/x86_64-linux-gnu/libselinux.so.1
7fba64779000-7fba6477b000 rw-p 00000000 00:00 0 
7fba6477b000-7fba647fe000 r-xp 00000000 08:01 11534341                   /lib/x86_64-linux-gnu/libsystemd.so.0.17.0
7fba647fe000-7fba64801000 r--p 00082000 08:01 11534341                   /lib/x86_64-linux-gnu/libsystemd.so.0.17.0
7fba64801000-7fba64802000 rw-p 00085000 08:01 11534341                   /lib/x86_64-linux-gnu/libsystemd.so.0.17.0
7fba64802000-7fba64803000 rw-p 00000000 00:00 0 
7fba64803000-7fba64875000 r-xp 00000000 08:01 11539015                   /lib/x86_64-linux-gnu/libpcre.so.3.13.3
7fba64875000-7fba64a74000 ---p 00072000 08:01 11539015                   /lib/x86_64-linux-gnu/libpcre.so.3.13.3
7fba64a74000-7fba64a75000 r--p 00071000 08:01 11539015                   /lib/x86_64-linux-gnu/libpcre.so.3.13.3
7fba64a75000-7fba64a76000 rw-p 00072000 08:01 11539015                   /lib/x86_64-linux-gnu/libpcre.so.3.13.3
7fba64a76000-7fba64a7d000 r-xp 00000000 08:01 8921757                    /usr/lib/x86_64-linux-gnu/libffi.so.6.0.4
7fba64a7d000-7fba64c7c000 ---p 00007000 08:01 8921757                    /usr/lib/x86_64-linux-gnu/libffi.so.6.0.4
7fba64c7c000-7fba64c7d000 r--p 00006000 08:01 8921757                    /usr/lib/x86_64-linux-gnu/libffi.so.6.0.4
7fba64c7d000-7fba64c7e000 rw-p 00007000 08:01 8921757                    /usr/lib/x86_64-linux-gnu/libffi.so.6.0.4
7fba64c7e000-7fba64cc8000 r-xp 00000000 08:01 11538905                   /lib/x86_64-linux-gnu/libdbus-1.so.3.14.7
7fba64cc8000-7fba64ec8000 ---p 0004a000 08:01 11538905                   /lib/x86_64-linux-gnu/libdbus-1.so.3.14.7
7fba64ec8000-7fba64ec9000 r--p 0004a000 08:01 11538905                   /lib/x86_64-linux-gnu/libdbus-1.so.3.14.7
7fba64ec9000-7fba64eca000 rw-p 0004b000 08:01 11538905                   /lib/x86_64-linux-gnu/libdbus-1.so.3.14.7
7fba64eca000-7fba64ef6000 r-xp 00000000 08:01 8921466                    /usr/lib/x86_64-linux-gnu/libatspi.so.0.0.1
7fba64ef6000-7fba650f5000 ---p 0002c000 08:01 8921466                    /usr/lib/x86_64-linux-gnu/libatspi.so.0.0.1
7fba650f5000-7fba650f8000 r--p 0002b000 08:01 8921466                    /usr/lib/x86_64-linux-gnu/libatspi.so.0.0.1
7fba650f8000-7fba650f9000 rw-p 0002e000 08:01 8921466                    /usr/lib/x86_64-linux-gnu/libatspi.so.0.0.1
7fba650f9000-7fba6520a000 r-xp 00000000 08:01 11538931                   /lib/x86_64-linux-gnu/libglib-2.0.so.0.5200.0
7fba6520a000-7fba6540a000 ---p 00111000 08:01 11538931                   /lib/x86_64-linux-gnu/libglib-2.0.so.0.5200.0
7fba6540a000-7fba6540b000 r--p 00111000 08:01 11538931                   /lib/x86_64-linux-gnu/libglib-2.0.so.0.5200.0
7fba6540b000-7fba6540c000 rw-p 00112000 08:01 11538931                   /lib/x86_64-linux-gnu/libglib-2.0.so.0.5200.0
7fba6540c000-7fba6540d000 rw-p 00000000 00:00 0 
7fba6540d000-7fba6545e000 r-xp 00000000 08:01 8921918                    /usr/lib/x86_64-linux-gnu/libgobject-2.0.so.0.5200.0
7fba6545e000-7fba6565e000 ---p 00051000 08:01 8921918                    /usr/lib/x86_64-linux-gnu/libgobject-2.0.so.0.5200.0
7fba6565e000-7fba6565f000 r--p 00051000 08:01 8921918                    /usr/lib/x86_64-linux-gnu/libgobject-2.0.so.0.5200.0
7fba6565f000-7fba65660000 rw-p 00052000 08:01 8921918                    /usr/lib/x86_64-linux-gnu/libgobject-2.0.so.0.5200.0
7fba65660000-7fba6568d000 r-xp 00000000 08:01 8921460                    /usr/lib/x86_64-linux-gnu/libatk-bridge-2.0.so.0.0.0
7fba6568d000-7fba6588c000 ---p 0002d000 08:01 8921460                    /usr/lib/x86_64-linux-gnu/libatk-bridge-2.0.so.0.0.0
7fba6588c000-7fba6588d000 r--p 0002c000 08:01 8921460                    /usr/lib/x86_64-linux-gnu/libatk-bridge-2.0.so.0.0.0
7fba6588d000-7fba6588f000 rw-p 0002d000 08:01 8921460                    /usr/lib/x86_64-linux-gnu/libatk-bridge-2.0.so.0.0.0
7fba6588f000-7fba658b1000 r-xp 00000000 08:01 8921458                    /usr/lib/x86_64-linux-gnu/libatk-1.0.so.0.22209.1
7fba658b1000-7fba65ab0000 ---p 00022000 08:01 8921458                    /usr/lib/x86_64-linux-gnu/libatk-1.0.so.0.22209.1
7fba65ab0000-7fba65ab3000 r--p 00021000 08:01 8921458                    /usr/lib/x86_64-linux-gnu/libatk-1.0.so.0.22209.1
7fba65ab3000-7fba65ab4000 rw-p 00024000 08:01 8921458                    /usr/lib/x86_64-linux-gnu/libatk-1.0.so.0.22209.1
7fba65ab4000-7fba65aca000 r-xp 00000000 08:01 12848974                   /usr/lib/x86_64-linux-gnu/jni/libatk-wrapper.so.6.0.0
7fba65aca000-7fba65cc9000 ---p 00016000 08:01 12848974                   /usr/lib/x86_64-linux-gnu/jni/libatk-wrapper.so.6.0.0
7fba65cc9000-7fba65cca000 r--p 00015000 08:01 12848974                   /usr/lib/x86_64-linux-gnu/jni/libatk-wrapper.so.6.0.0
7fba65cca000-7fba65ccb000 rw-p 00016000 08:01 12848974                   /usr/lib/x86_64-linux-gnu/jni/libatk-wrapper.so.6.0.0
7fba65ccb000-7fba65cce000 ---p 00000000 00:00 0 
7fba65cce000-7fba65dcc000 rw-p 00000000 00:00 0 
7fba65dcc000-7fba65dd1000 r-xp 00000000 08:01 8921371                    /usr/lib/x86_64-linux-gnu/libXfixes.so.3.1.0
7fba65dd1000-7fba65fd0000 ---p 00005000 08:01 8921371                    /usr/lib/x86_64-linux-gnu/libXfixes.so.3.1.0
7fba65fd0000-7fba65fd1000 r--p 00004000 08:01 8921371                    /usr/lib/x86_64-linux-gnu/libXfixes.so.3.1.0
7fba65fd1000-7fba65fd2000 rw-p 00005000 08:01 8921371                    /usr/lib/x86_64-linux-gnu/libXfixes.so.3.1.0
7fba65fd2000-7fba65fdb000 r-xp 00000000 08:01 8921363                    /usr/lib/x86_64-linux-gnu/libXcursor.so.1.0.2
7fba65fdb000-7fba661da000 ---p 00009000 08:01 8921363                    /usr/lib/x86_64-linux-gnu/libXcursor.so.1.0.2
7fba661da000-7fba661db000 r--p 00008000 08:01 8921363                    /usr/lib/x86_64-linux-gnu/libXcursor.so.1.0.2
7fba661db000-7fba661dc000 rw-p 00009000 08:01 8921363                    /usr/lib/x86_64-linux-gnu/libXcursor.so.1.0.2
7fba661dc000-7fba661df000 ---p 00000000 00:00 0 
7fba661df000-7fba662dd000 rw-p 00000000 00:00 0 
7fba662dd000-7fba6630d000 r-xp 00000000 08:01 8922416                    /usr/lib/x86_64-linux-gnu/libpng16.so.16.28.0
7fba6630d000-7fba6650d000 ---p 00030000 08:01 8922416                    /usr/lib/x86_64-linux-gnu/libpng16.so.16.28.0
7fba6650d000-7fba6650e000 r--p 00030000 08:01 8922416                    /usr/lib/x86_64-linux-gnu/libpng16.so.16.28.0
7fba6650e000-7fba6650f000 rw-p 00031000 08:01 8922416                    /usr/lib/x86_64-linux-gnu/libpng16.so.16.28.0
7fba6650f000-7fba665b6000 r-xp 00000000 08:01 8916046                    /usr/lib/x86_64-linux-gnu/libfreetype.so.6.12.3
7fba665b6000-7fba667b5000 ---p 000a7000 08:01 8916046                    /usr/lib/x86_64-linux-gnu/libfreetype.so.6.12.3
7fba667b5000-7fba667bb000 r--p 000a6000 08:01 8916046                    /usr/lib/x86_64-linux-gnu/libfreetype.so.6.12.3
7fba667bb000-7fba667bc000 rw-p 000ac000 08:01 8916046                    /usr/lib/x86_64-linux-gnu/libfreetype.so.6.12.3
7fba667bc000-7fba6680e000 r-xp 00000000 08:01 9833121                    /usr/lib/jvm/java-8-openjdk-amd64/jre/lib/amd64/libfontmanager.so
7fba6680e000-7fba66a0e000 ---p 00052000 08:01 9833121                    /usr/lib/jvm/java-8-openjdk-amd64/jre/lib/amd64/libfontmanager.so
7fba66a0e000-7fba66a10000 r--p 00052000 08:01 9833121                    /usr/lib/jvm/java-8-openjdk-amd64/jre/lib/amd64/libfontmanager.so
7fba66a10000-7fba66a11000 rw-p 00054000 08:01 9833121                    /usr/lib/jvm/java-8-openjdk-amd64/jre/lib/amd64/libfontmanager.so
7fba66a11000-7fba66c11000 rw-p 00000000 00:00 0 
7fba66c11000-7fba66c16000 r-xp 00000000 08:01 8921367                    /usr/lib/x86_64-linux-gnu/libXdmcp.so.6.0.0
7fba66c16000-7fba66e15000 ---p 00005000 08:01 8921367                    /usr/lib/x86_64-linux-gnu/libXdmcp.so.6.0.0
7fba66e15000-7fba66e16000 r--p 00004000 08:01 8921367                    /usr/lib/x86_64-linux-gnu/libXdmcp.so.6.0.0
7fba66e16000-7fba66e17000 rw-p 00005000 08:01 8921367                    /usr/lib/x86_64-linux-gnu/libXdmcp.so.6.0.0
7fba66e17000-7fba66e19000 r-xp 00000000 08:01 8921356                    /usr/lib/x86_64-linux-gnu/libXau.so.6.0.0
7fba66e19000-7fba67019000 ---p 00002000 08:01 8921356                    /usr/lib/x86_64-linux-gnu/libXau.so.6.0.0
7fba67019000-7fba6701a000 r--p 00002000 08:01 8921356                    /usr/lib/x86_64-linux-gnu/libXau.so.6.0.0
7fba6701a000-7fba6701b000 rw-p 00003000 08:01 8921356                    /usr/lib/x86_64-linux-gnu/libXau.so.6.0.0
7fba6701b000-7fba6703c000 r-xp 00000000 08:01 8922909                    /usr/lib/x86_64-linux-gnu/libxcb.so.1.1.0
7fba6703c000-7fba6723b000 ---p 00021000 08:01 8922909                    /usr/lib/x86_64-linux-gnu/libxcb.so.1.1.0
7fba6723b000-7fba6723c000 r--p 00020000 08:01 8922909                    /usr/lib/x86_64-linux-gnu/libxcb.so.1.1.0
7fba6723c000-7fba6723d000 rw-p 00021000 08:01 8922909                    /usr/lib/x86_64-linux-gnu/libxcb.so.1.1.0
7fba6723d000-7fba6724c000 r-xp 00000000 08:01 8921379                    /usr/lib/x86_64-linux-gnu/libXi.so.6.1.0
7fba6724c000-7fba6744b000 ---p 0000f000 08:01 8921379                    /usr/lib/x86_64-linux-gnu/libXi.so.6.1.0
7fba6744b000-7fba6744c000 r--p 0000e000 08:01 8921379                    /usr/lib/x86_64-linux-gnu/libXi.so.6.1.0
7fba6744c000-7fba6744d000 rw-p 0000f000 08:01 8921379                    /usr/lib/x86_64-linux-gnu/libXi.so.6.1.0
7fba6744d000-7fba67452000 r-xp 00000000 08:01 8921397                    /usr/lib/x86_64-linux-gnu/libXtst.so.6.1.0
7fba67452000-7fba67651000 ---p 00005000 08:01 8921397                    /usr/lib/x86_64-linux-gnu/libXtst.so.6.1.0
7fba67651000-7fba67652000 r--p 00004000 08:01 8921397                    /usr/lib/x86_64-linux-gnu/libXtst.so.6.1.0
7fba67652000-7fba67653000 rw-p 00005000 08:01 8921397                    /usr/lib/x86_64-linux-gnu/libXtst.so.6.1.0
7fba67653000-7fba6765c000 r-xp 00000000 08:01 8921391                    /usr/lib/x86_64-linux-gnu/libXrender.so.1.3.0
7fba6765c000-7fba6785b000 ---p 00009000 08:01 8921391                    /usr/lib/x86_64-linux-gnu/libXrender.so.1.3.0
7fba6785b000-7fba6785c000 r--p 00008000 08:01 8921391                    /usr/lib/x86_64-linux-gnu/libXrender.so.1.3.0
7fba6785c000-7fba6785d000 rw-p 00009000 08:01 8921391                    /usr/lib/x86_64-linux-gnu/libXrender.so.1.3.0
7fba6785d000-7fba67991000 r-xp 00000000 08:01 8921352                    /usr/lib/x86_64-linux-gnu/libX11.so.6.3.0
7fba67991000-7fba67b91000 ---p 00134000 08:01 8921352                    /usr/lib/x86_64-linux-gnu/libX11.so.6.3.0
7fba67b91000-7fba67b92000 r--p 00134000 08:01 8921352                    /usr/lib/x86_64-linux-gnu/libX11.so.6.3.0
7fba67b92000-7fba67b96000 rw-p 00135000 08:01 8921352                    /usr/lib/x86_64-linux-gnu/libX11.so.6.3.0
7fba67b96000-7fba67ba7000 r-xp 00000000 08:01 8921369                    /usr/lib/x86_64-linux-gnu/libXext.so.6.4.0
7fba67ba7000-7fba67da6000 ---p 00011000 08:01 8921369                    /usr/lib/x86_64-linux-gnu/libXext.so.6.4.0
7fba67da6000-7fba67da7000 r--p 00010000 08:01 8921369                    /usr/lib/x86_64-linux-gnu/libXext.so.6.4.0
7fba67da7000-7fba67da8000 rw-p 00011000 08:01 8921369                    /usr/lib/x86_64-linux-gnu/libXext.so.6.4.0
7fba67da8000-7fba67dfc000 r-xp 00000000 08:01 9833119                    /usr/lib/jvm/java-8-openjdk-amd64/jre/lib/amd64/libawt_xawt.so
7fba67dfc000-7fba67ffb000 ---p 00054000 08:01 9833119                    /usr/lib/jvm/java-8-openjdk-amd64/jre/lib/amd64/libawt_xawt.so
7fba67ffb000-7fba67ffc000 r--p 00053000 08:01 9833119                    /usr/lib/jvm/java-8-openjdk-amd64/jre/lib/amd64/libawt_xawt.so
7fba67ffc000-7fba67fff000 rw-p 00054000 08:01 9833119                    /usr/lib/jvm/java-8-openjdk-amd64/jre/lib/amd64/libawt_xawt.so
7fba67fff000-7fba68000000 rw-p 00000000 00:00 0 
7fba68000000-7fba68021000 rw-p 00000000 00:00 0 
7fba68021000-7fba6c000000 ---p 00000000 00:00 0 
7fba6c05a000-7fba6c061000 r--s 00000000 08:01 9307384                    /usr/lib/x86_64-linux-gnu/gconv/gconv-modules.cache
7fba6c061000-7fba6c064000 ---p 00000000 00:00 0 
7fba6c064000-7fba6c09a000 rw-p 00000000 00:00 0 
7fba6c09a000-7fba6c0ad000 r--s 00346000 08:01 9702734                    /usr/lib/jvm/java-8-openjdk-amd64/jre/lib/resources.jar
7fba6c0ad000-7fba6c14d000 r-xp 00000000 08:01 9833117                    /usr/lib/jvm/java-8-openjdk-amd64/jre/lib/amd64/libawt.so
7fba6c14d000-7fba6c34c000 ---p 000a0000 08:01 9833117                    /usr/lib/jvm/java-8-openjdk-amd64/jre/lib/amd64/libawt.so
7fba6c34c000-7fba6c34d000 r--p 0009f000 08:01 9833117                    /usr/lib/jvm/java-8-openjdk-amd64/jre/lib/amd64/libawt.so
7fba6c34d000-7fba6c358000 rw-p 000a0000 08:01 9833117                    /usr/lib/jvm/java-8-openjdk-amd64/jre/lib/amd64/libawt.so
7fba6c358000-7fba6c57d000 rw-p 00000000 00:00 0 
7fba6c57d000-7fba6c580000 ---p 00000000 00:00 0 
7fba6c580000-7fba6c67e000 rw-p 00000000 00:00 0 
7fba6c67e000-7fba6c681000 ---p 00000000 00:00 0 
7fba6c681000-7fba6c77f000 rw-p 00000000 00:00 0 
7fba6c77f000-7fba6c782000 ---p 00000000 00:00 0 
7fba6c782000-7fba6c880000 rw-p 00000000 00:00 0 
7fba6c880000-7fba6c883000 ---p 00000000 00:00 0 
7fba6c883000-7fba6c981000 rw-p 00000000 00:00 0 
7fba6c981000-7fba6c984000 ---p 00000000 00:00 0 
7fba6c984000-7fba6ca82000 rw-p 00000000 00:00 0 
7fba6ca82000-7fba6ca85000 ---p 00000000 00:00 0 
7fba6ca85000-7fba6cb83000 rw-p 00000000 00:00 0 
7fba6cb83000-7fba6cb86000 ---p 00000000 00:00 0 
7fba6cb86000-7fba6cc84000 rw-p 00000000 00:00 0 
7fba6cc84000-7fba6cc9b000 r-xp 00000000 08:01 9833139                    /usr/lib/jvm/java-8-openjdk-amd64/jre/lib/amd64/libnet.so
7fba6cc9b000-7fba6ce9a000 ---p 00017000 08:01 9833139                    /usr/lib/jvm/java-8-openjdk-amd64/jre/lib/amd64/libnet.so
7fba6ce9a000-7fba6ce9b000 r--p 00016000 08:01 9833139                    /usr/lib/jvm/java-8-openjdk-amd64/jre/lib/amd64/libnet.so
7fba6ce9b000-7fba6ce9c000 rw-p 00017000 08:01 9833139                    /usr/lib/jvm/java-8-openjdk-amd64/jre/lib/amd64/libnet.so
7fba6ce9c000-7fba6cea1000 r--s 0009a000 08:01 9702730                    /usr/lib/jvm/java-8-openjdk-amd64/jre/lib/jsse.jar
7fba6cea1000-7fba6cf52000 r--s 00d0f000 08:01 9963132                    /home/daniel/Downloads/drjava.jar
7fba6cf52000-7fba6cf55000 r--s 0000f000 08:01 10507280                   /usr/lib/jvm/java-8-openjdk-amd64/jre/lib/ext/icedtea-sound.jar
7fba6cf55000-7fba6cf70000 r--s 001d6000 08:01 10507283                   /usr/lib/jvm/java-8-openjdk-amd64/jre/lib/ext/nashorn.jar
7fba6cf70000-7fba6cf71000 ---p 00000000 00:00 0 
7fba6cf71000-7fba6d071000 rw-p 00000000 00:00 0 
7fba6d071000-7fba6d074000 ---p 00000000 00:00 0 
7fba6d074000-7fba6d172000 rw-p 00000000 00:00 0 
7fba6d172000-7fba6d175000 ---p 00000000 00:00 0 
7fba6d175000-7fba6d273000 rw-p 00000000 00:00 0 
7fba6d273000-7fba6d276000 ---p 00000000 00:00 0 
7fba6d276000-7fba6d374000 rw-p 00000000 00:00 0 
7fba6d374000-7fba6d377000 ---p 00000000 00:00 0 
7fba6d377000-7fba6d475000 rw-p 00000000 00:00 0 
7fba6d475000-7fba6d478000 ---p 00000000 00:00 0 
7fba6d478000-7fba6d576000 rw-p 00000000 00:00 0 
7fba6d576000-7fba6d579000 ---p 00000000 00:00 0 
7fba6d579000-7fba6d677000 rw-p 00000000 00:00 0 
7fba6d677000-7fba6d67b000 r-xp 00000000 08:01 9833120                    /usr/lib/jvm/java-8-openjdk-amd64/jre/lib/amd64/libdt_socket.so
7fba6d67b000-7fba6d87a000 ---p 00004000 08:01 9833120                    /usr/lib/jvm/java-8-openjdk-amd64/jre/lib/amd64/libdt_socket.so
7fba6d87a000-7fba6d87b000 r--p 00003000 08:01 9833120                    /usr/lib/jvm/java-8-openjdk-amd64/jre/lib/amd64/libdt_socket.so
7fba6d87b000-7fba6d87c000 rw-p 00004000 08:01 9833120                    /usr/lib/jvm/java-8-openjdk-amd64/jre/lib/amd64/libdt_socket.so
7fba6d87c000-7fba6d87f000 ---p 00000000 00:00 0 
7fba6d87f000-7fba6d97d000 rw-p 00000000 00:00 0 
7fba6d97d000-7fba6d980000 ---p 00000000 00:00 0 
7fba6d980000-7fba6da7e000 rw-p 00000000 00:00 0 
7fba6da7e000-7fba6da81000 ---p 00000000 00:00 0 
7fba6da81000-7fba6db7f000 rw-p 00000000 00:00 0 
7fba6db7f000-7fba6db80000 ---p 00000000 00:00 0 
7fba6db80000-7fba75000000 rw-p 00000000 00:00 0 
7fba75000000-7fba755e0000 rwxp 00000000 00:00 0 
7fba755e0000-7fba84000000 ---p 00000000 00:00 0 
7fba84000000-7fba84447000 rw-p 00000000 00:00 0 
7fba84447000-7fba88000000 ---p 00000000 00:00 0 
7fba88002000-7fba88007000 r--s 0003b000 08:01 10507285                   /usr/lib/jvm/java-8-openjdk-amd64/jre/lib/ext/sunjce_provider.jar
7fba88007000-7fba880d8000 rw-p 00000000 00:00 0 
7fba880d8000-7fba882a7000 r--s 03c07000 08:01 9702735                    /usr/lib/jvm/java-8-openjdk-amd64/jre/lib/rt.jar
7fba882a7000-7fba888e2000 rw-p 00000000 00:00 0 
7fba888e2000-7fba888e3000 ---p 00000000 00:00 0 
7fba888e3000-7fba889e3000 rw-p 00000000 00:00 0 
7fba889e3000-7fba889e4000 ---p 00000000 00:00 0 
7fba889e4000-7fba88ae4000 rw-p 00000000 00:00 0 
7fba88ae4000-7fba88ae5000 ---p 00000000 00:00 0 
7fba88ae5000-7fba88be5000 rw-p 00000000 00:00 0 
7fba88be5000-7fba88be6000 ---p 00000000 00:00 0 
7fba88be6000-7fba88d24000 rw-p 00000000 00:00 0 
7fba88d24000-7fba890bf000 ---p 00000000 00:00 0 
7fba890bf000-7fba890fd000 rw-p 00000000 00:00 0 
7fba890fd000-7fba89497000 ---p 00000000 00:00 0 
7fba89497000-7fba895cb000 rw-p 00000000 00:00 0 
7fba895cb000-7fba89684000 ---p 00000000 00:00 0 
7fba89684000-7fba8969d000 rw-p 00000000 00:00 0 
7fba8969d000-7fba89a45000 ---p 00000000 00:00 0 
7fba89a45000-7fba89a4d000 r-xp 00000000 08:01 9833147                    /usr/lib/jvm/java-8-openjdk-amd64/jre/lib/amd64/libzip.so
7fba89a4d000-7fba89c4c000 ---p 00008000 08:01 9833147                    /usr/lib/jvm/java-8-openjdk-amd64/jre/lib/amd64/libzip.so
7fba89c4c000-7fba89c4d000 r--p 00007000 08:01 9833147                    /usr/lib/jvm/java-8-openjdk-amd64/jre/lib/amd64/libzip.so
7fba89c4d000-7fba89c4e000 rw-p 00008000 08:01 9833147                    /usr/lib/jvm/java-8-openjdk-amd64/jre/lib/amd64/libzip.so
7fba89c4e000-7fba89c59000 r-xp 00000000 08:01 11538984                   /lib/x86_64-linux-gnu/libnss_files-2.24.so
7fba89c59000-7fba89e58000 ---p 0000b000 08:01 11538984                   /lib/x86_64-linux-gnu/libnss_files-2.24.so
7fba89e58000-7fba89e59000 r--p 0000a000 08:01 11538984                   /lib/x86_64-linux-gnu/libnss_files-2.24.so
7fba89e59000-7fba89e5a000 rw-p 0000b000 08:01 11538984                   /lib/x86_64-linux-gnu/libnss_files-2.24.so
7fba89e5a000-7fba89e60000 rw-p 00000000 00:00 0 
7fba89e60000-7fba89e6b000 r-xp 00000000 08:01 11538994                   /lib/x86_64-linux-gnu/libnss_nis-2.24.so
7fba89e6b000-7fba8a06a000 ---p 0000b000 08:01 11538994                   /lib/x86_64-linux-gnu/libnss_nis-2.24.so
7fba8a06a000-7fba8a06b000 r--p 0000a000 08:01 11538994                   /lib/x86_64-linux-gnu/libnss_nis-2.24.so
7fba8a06b000-7fba8a06c000 rw-p 0000b000 08:01 11538994                   /lib/x86_64-linux-gnu/libnss_nis-2.24.so
7fba8a06c000-7fba8a082000 r-xp 00000000 08:01 11538978                   /lib/x86_64-linux-gnu/libnsl-2.24.so
7fba8a082000-7fba8a281000 ---p 00016000 08:01 11538978                   /lib/x86_64-linux-gnu/libnsl-2.24.so
7fba8a281000-7fba8a282000 r--p 00015000 08:01 11538978                   /lib/x86_64-linux-gnu/libnsl-2.24.so
7fba8a282000-7fba8a283000 rw-p 00016000 08:01 11538978                   /lib/x86_64-linux-gnu/libnsl-2.24.so
7fba8a283000-7fba8a285000 rw-p 00000000 00:00 0 
7fba8a285000-7fba8a28d000 r-xp 00000000 08:01 11538980                   /lib/x86_64-linux-gnu/libnss_compat-2.24.so
7fba8a28d000-7fba8a48c000 ---p 00008000 08:01 11538980                   /lib/x86_64-linux-gnu/libnss_compat-2.24.so
7fba8a48c000-7fba8a48d000 r--p 00007000 08:01 11538980                   /lib/x86_64-linux-gnu/libnss_compat-2.24.so
7fba8a48d000-7fba8a48e000 rw-p 00008000 08:01 11538980                   /lib/x86_64-linux-gnu/libnss_compat-2.24.so
7fba8a48e000-7fba8ae55000 r--p 00000000 08:01 8920040                    /usr/lib/locale/locale-archive
7fba8ae55000-7fba8ae57000 r-xp 00000000 08:01 9833141                    /usr/lib/jvm/java-8-openjdk-amd64/jre/lib/amd64/libnpt.so
7fba8ae57000-7fba8b057000 ---p 00002000 08:01 9833141                    /usr/lib/jvm/java-8-openjdk-amd64/jre/lib/amd64/libnpt.so
7fba8b057000-7fba8b058000 r--p 00002000 08:01 9833141                    /usr/lib/jvm/java-8-openjdk-amd64/jre/lib/amd64/libnpt.so
7fba8b058000-7fba8b059000 rw-p 00003000 08:01 9833141                    /usr/lib/jvm/java-8-openjdk-amd64/jre/lib/amd64/libnpt.so
7fba8b059000-7fba8b094000 r-xp 00000000 08:01 9833133                    /usr/lib/jvm/java-8-openjdk-amd64/jre/lib/amd64/libjdwp.so
7fba8b094000-7fba8b293000 ---p 0003b000 08:01 9833133                    /usr/lib/jvm/java-8-openjdk-amd64/jre/lib/amd64/libjdwp.so
7fba8b293000-7fba8b294000 r--p 0003a000 08:01 9833133                    /usr/lib/jvm/java-8-openjdk-amd64/jre/lib/amd64/libjdwp.so
7fba8b294000-7fba8b295000 rw-p 0003b000 08:01 9833133                    /usr/lib/jvm/java-8-openjdk-amd64/jre/lib/amd64/libjdwp.so
7fba8b295000-7fba8b2c2000 r-xp 00000000 08:01 9833128                    /usr/lib/jvm/java-8-openjdk-amd64/jre/lib/amd64/libjava.so
7fba8b2c2000-7fba8b4c1000 ---p 0002d000 08:01 9833128                    /usr/lib/jvm/java-8-openjdk-amd64/jre/lib/amd64/libjava.so
7fba8b4c1000-7fba8b4c2000 r--p 0002c000 08:01 9833128                    /usr/lib/jvm/java-8-openjdk-amd64/jre/lib/amd64/libjava.so
7fba8b4c2000-7fba8b4c4000 rw-p 0002d000 08:01 9833128                    /usr/lib/jvm/java-8-openjdk-amd64/jre/lib/amd64/libjava.so
7fba8b4c4000-7fba8b4d3000 r-xp 00000000 08:01 9833146                    /usr/lib/jvm/java-8-openjdk-amd64/jre/lib/amd64/libverify.so
7fba8b4d3000-7fba8b6d2000 ---p 0000f000 08:01 9833146                    /usr/lib/jvm/java-8-openjdk-amd64/jre/lib/amd64/libverify.so
7fba8b6d2000-7fba8b6d4000 r--p 0000e000 08:01 9833146                    /usr/lib/jvm/java-8-openjdk-amd64/jre/lib/amd64/libverify.so
7fba8b6d4000-7fba8b6d5000 rw-p 00010000 08:01 9833146                    /usr/lib/jvm/java-8-openjdk-amd64/jre/lib/amd64/libverify.so
7fba8b6d5000-7fba8b6dc000 r-xp 00000000 08:01 11539038                   /lib/x86_64-linux-gnu/librt-2.24.so
7fba8b6dc000-7fba8b8db000 ---p 00007000 08:01 11539038                   /lib/x86_64-linux-gnu/librt-2.24.so
7fba8b8db000-7fba8b8dc000 r--p 00006000 08:01 11539038                   /lib/x86_64-linux-gnu/librt-2.24.so
7fba8b8dc000-7fba8b8dd000 rw-p 00007000 08:01 11539038                   /lib/x86_64-linux-gnu/librt-2.24.so
7fba8b8dd000-7fba8b8f3000 r-xp 00000000 08:01 11538927                   /lib/x86_64-linux-gnu/libgcc_s.so.1
7fba8b8f3000-7fba8baf2000 ---p 00016000 08:01 11538927                   /lib/x86_64-linux-gnu/libgcc_s.so.1
7fba8baf2000-7fba8baf3000 r--p 00015000 08:01 11538927                   /lib/x86_64-linux-gnu/libgcc_s.so.1
7fba8baf3000-7fba8baf4000 rw-p 00016000 08:01 11538927                   /lib/x86_64-linux-gnu/libgcc_s.so.1
7fba8baf4000-7fba8bbfc000 r-xp 00000000 08:01 11538955                   /lib/x86_64-linux-gnu/libm-2.24.so
7fba8bbfc000-7fba8bdfb000 ---p 00108000 08:01 11538955                   /lib/x86_64-linux-gnu/libm-2.24.so
7fba8bdfb000-7fba8bdfc000 r--p 00107000 08:01 11538955                   /lib/x86_64-linux-gnu/libm-2.24.so
7fba8bdfc000-7fba8bdfd000 rw-p 00108000 08:01 11538955                   /lib/x86_64-linux-gnu/libm-2.24.so
7fba8bdfd000-7fba8bf76000 r-xp 00000000 08:01 8922603                    /usr/lib/x86_64-linux-gnu/libstdc++.so.6.0.22
7fba8bf76000-7fba8c175000 ---p 00179000 08:01 8922603                    /usr/lib/x86_64-linux-gnu/libstdc++.so.6.0.22
7fba8c175000-7fba8c17f000 r--p 00178000 08:01 8922603                    /usr/lib/x86_64-linux-gnu/libstdc++.so.6.0.22
7fba8c17f000-7fba8c181000 rw-p 00182000 08:01 8922603                    /usr/lib/x86_64-linux-gnu/libstdc++.so.6.0.22
7fba8c181000-7fba8c185000 rw-p 00000000 00:00 0 
7fba8c185000-7fba8cddb000 r-xp 00000000 08:01 10233244                   /usr/lib/jvm/java-8-openjdk-amd64/jre/lib/amd64/server/libjvm.so
7fba8cddb000-7fba8cfdb000 ---p 00c56000 08:01 10233244                   /usr/lib/jvm/java-8-openjdk-amd64/jre/lib/amd64/server/libjvm.so
7fba8cfdb000-7fba8d06e000 r--p 00c56000 08:01 10233244                   /usr/lib/jvm/java-8-openjdk-amd64/jre/lib/amd64/server/libjvm.so
7fba8d06e000-7fba8d097000 rw-p 00ce9000 08:01 10233244                   /usr/lib/jvm/java-8-openjdk-amd64/jre/lib/amd64/server/libjvm.so
7fba8d097000-7fba8d0c7000 rw-p 00000000 00:00 0 
7fba8d0c7000-7fba8d0df000 r-xp 00000000 08:01 11539030                   /lib/x86_64-linux-gnu/libpthread-2.24.so
7fba8d0df000-7fba8d2df000 ---p 00018000 08:01 11539030                   /lib/x86_64-linux-gnu/libpthread-2.24.so
7fba8d2df000-7fba8d2e0000 r--p 00018000 08:01 11539030                   /lib/x86_64-linux-gnu/libpthread-2.24.so
7fba8d2e0000-7fba8d2e1000 rw-p 00019000 08:01 11539030                   /lib/x86_64-linux-gnu/libpthread-2.24.so
7fba8d2e1000-7fba8d2e5000 rw-p 00000000 00:00 0 
7fba8d2e5000-7fba8d2e8000 r-xp 00000000 08:01 11538913                   /lib/x86_64-linux-gnu/libdl-2.24.so
7fba8d2e8000-7fba8d4e7000 ---p 00003000 08:01 11538913                   /lib/x86_64-linux-gnu/libdl-2.24.so
7fba8d4e7000-7fba8d4e8000 r--p 00002000 08:01 11538913                   /lib/x86_64-linux-gnu/libdl-2.24.so
7fba8d4e8000-7fba8d4e9000 rw-p 00003000 08:01 11538913                   /lib/x86_64-linux-gnu/libdl-2.24.so
7fba8d4e9000-7fba8d504000 r-xp 00000000 08:01 11539070                   /lib/x86_64-linux-gnu/libz.so.1.2.11
7fba8d504000-7fba8d703000 ---p 0001b000 08:01 11539070                   /lib/x86_64-linux-gnu/libz.so.1.2.11
7fba8d703000-7fba8d704000 r--p 0001a000 08:01 11539070                   /lib/x86_64-linux-gnu/libz.so.1.2.11
7fba8d704000-7fba8d705000 rw-p 0001b000 08:01 11539070                   /lib/x86_64-linux-gnu/libz.so.1.2.11
7fba8d705000-7fba8d8c2000 r-xp 00000000 08:01 11538887                   /lib/x86_64-linux-gnu/libc-2.24.so
7fba8d8c2000-7fba8dac2000 ---p 001bd000 08:01 11538887                   /lib/x86_64-linux-gnu/libc-2.24.so
7fba8dac2000-7fba8dac6000 r--p 001bd000 08:01 11538887                   /lib/x86_64-linux-gnu/libc-2.24.so
7fba8dac6000-7fba8dac8000 rw-p 001c1000 08:01 11538887                   /lib/x86_64-linux-gnu/libc-2.24.so
7fba8dac8000-7fba8dacc000 rw-p 00000000 00:00 0 
7fba8dacc000-7fba8dad9000 r-xp 00000000 08:01 10093804                   /usr/lib/jvm/java-8-openjdk-amd64/jre/lib/amd64/jli/libjli.so
7fba8dad9000-7fba8dcd9000 ---p 0000d000 08:01 10093804                   /usr/lib/jvm/java-8-openjdk-amd64/jre/lib/amd64/jli/libjli.so
7fba8dcd9000-7fba8dcda000 r--p 0000d000 08:01 10093804                   /usr/lib/jvm/java-8-openjdk-amd64/jre/lib/amd64/jli/libjli.so
7fba8dcda000-7fba8dcdb000 rw-p 0000e000 08:01 10093804                   /usr/lib/jvm/java-8-openjdk-amd64/jre/lib/amd64/jli/libjli.so
7fba8dcdb000-7fba8dd00000 r-xp 00000000 08:01 11538859                   /lib/x86_64-linux-gnu/ld-2.24.so
7fba8dd00000-7fba8dd02000 r--s 00001000 08:01 10507279                   /usr/lib/jvm/java-8-openjdk-amd64/jre/lib/ext/dnsns.jar
7fba8dd02000-7fba8dd03000 r--s 00010000 08:01 10507287                   /usr/lib/jvm/java-8-openjdk-amd64/jre/lib/ext/zipfs.jar
7fba8dd03000-7fba8dd05000 r--s 00008000 08:01 10507284                   /usr/lib/jvm/java-8-openjdk-amd64/jre/lib/ext/sunec.jar
7fba8dd05000-7fba8dd20000 r--s 00394000 08:01 10507278                   /usr/lib/jvm/java-8-openjdk-amd64/jre/lib/ext/cldrdata.jar
7fba8dd20000-7fba8dddd000 rw-p 00000000 00:00 0 
7fba8dddd000-7fba8dde0000 ---p 00000000 00:00 0 
7fba8dde0000-7fba8dee2000 rw-p 00000000 00:00 0 
7fba8dee2000-7fba8dee6000 r--s 00037000 08:01 10507286                   /usr/lib/jvm/java-8-openjdk-amd64/jre/lib/ext/sunpkcs11.jar
7fba8dee6000-7fba8dee7000 r--s 0000a000 08:01 10507281                   /usr/lib/jvm/java-8-openjdk-amd64/jre/lib/ext/jaccess.jar
7fba8dee7000-7fba8def1000 r--s 00116000 08:01 10507282                   /usr/lib/jvm/java-8-openjdk-amd64/jre/lib/ext/localedata.jar
7fba8def1000-7fba8def3000 r--s 00007000 08:01 9440996                    /usr/share/java/java-atk-wrapper.jar
7fba8def3000-7fba8defb000 rw-s 00000000 08:01 9963129                    /tmp/hsperfdata_daniel/2663
7fba8defb000-7fba8defc000 rw-p 00000000 00:00 0 
7fba8defc000-7fba8defd000 r--p 00000000 00:00 0 
7fba8defd000-7fba8df00000 rw-p 00000000 00:00 0 
7fba8df00000-7fba8df01000 r--p 00025000 08:01 11538859                   /lib/x86_64-linux-gnu/ld-2.24.so
7fba8df01000-7fba8df02000 rw-p 00026000 08:01 11538859                   /lib/x86_64-linux-gnu/ld-2.24.so
7fba8df02000-7fba8df03000 rw-p 00000000 00:00 0 
7ffca5f7a000-7ffca5f9b000 rw-p 00000000 00:00 0                          [stack]
7ffca5fe7000-7ffca5fe9000 r--p 00000000 00:00 0                          [vvar]
7ffca5fe9000-7ffca5feb000 r-xp 00000000 00:00 0                          [vdso]
ffffffffff600000-ffffffffff601000 r-xp 00000000 00:00 0                  [vsyscall]

VM Arguments:
jvm_args: -ea -Xrunjdwp:transport=dt_socket,server=y,suspend=n,address=40557 -Xdebug -Xnoagent -Djava.compiler=NONE -Ddrjava.debug.port=40557 -Dedu.rice.cs.cunit.concJUnit.check.join.enabled=false -Dedu.rice.cs.cunit.concJUnit.check.lucky.enabled=false -Dedu.rice.cs.cunit.concJUnit.check.threads.enabled=false -Djava.rmi.server.hostname=127.0.0.1 
java_command: edu.rice.cs.plt.concurrent.ProcessTaskController$Runner
java_class_path (initial): /home/daniel/Downloads/drjava.jar
Launcher Type: SUN_STANDARD

Environment Variables:
PATH=/usr/local/sbin:/usr/local/bin:/usr/sbin:/usr/bin:/sbin:/bin:/usr/games:/usr/local/games:/snap/bin
SHELL=/bin/bash
DISPLAY=:0

Signal Handlers:
SIGSEGV: [libjvm.so+0xa6d630], sa_mask[0]=11111111011111111101111111111110, sa_flags=SA_RESTART|SA_SIGINFO
SIGBUS: [libjvm.so+0xa6d630], sa_mask[0]=11111111011111111101111111111110, sa_flags=SA_RESTART|SA_SIGINFO
SIGFPE: [libjvm.so+0x8b7230], sa_mask[0]=11111111011111111101111111111110, sa_flags=SA_RESTART|SA_SIGINFO
SIGPIPE: [libjvm.so+0x8b7230], sa_mask[0]=11111111011111111101111111111110, sa_flags=SA_RESTART|SA_SIGINFO
SIGXFSZ: [libjvm.so+0x8b7230], sa_mask[0]=11111111011111111101111111111110, sa_flags=SA_RESTART|SA_SIGINFO
SIGILL: [libjvm.so+0x8b7230], sa_mask[0]=11111111011111111101111111111110, sa_flags=SA_RESTART|SA_SIGINFO
SIGUSR1: SIG_DFL, sa_mask[0]=00000000000000000000000000000000, sa_flags=none
SIGUSR2: [libjvm.so+0x8b70e0], sa_mask[0]=00100000000000000000000000000000, sa_flags=SA_RESTART|SA_SIGINFO
SIGHUP: [libjvm.so+0x8b7590], sa_mask[0]=11111111011111111101111111111110, sa_flags=SA_RESTART|SA_SIGINFO
SIGINT: [libjvm.so+0x8b7590], sa_mask[0]=11111111011111111101111111111110, sa_flags=SA_RESTART|SA_SIGINFO
SIGTERM: [libjvm.so+0x8b7590], sa_mask[0]=11111111011111111101111111111110, sa_flags=SA_RESTART|SA_SIGINFO
SIGQUIT: [libjvm.so+0x8b7590], sa_mask[0]=11111111011111111101111111111110, sa_flags=SA_RESTART|SA_SIGINFO


---------------  S Y S T E M  ---------------

OS:DISTRIB_ID=Ubuntu
DISTRIB_RELEASE=17.04
DISTRIB_CODENAME=zesty
DISTRIB_DESCRIPTION="Ubuntu 17.04"

uname:Linux 4.10.0-20-generic #22-Ubuntu SMP Thu Apr 20 09:22:42 UTC 2017 x86_64
libc:glibc 2.24 NPTL 2.24 
rlimit: STACK 8192k, CORE 0k, NPROC 47064, NOFILE 4096, AS infinity
load average:0.71 0.82 0.55

/proc/meminfo:
MemTotal:       12094108 kB
MemFree:         9447736 kB
MemAvailable:    9842688 kB
Buffers:           55924 kB
Cached:           761132 kB
SwapCached:            0 kB
Active:          1886324 kB
Inactive:         558976 kB
Active(anon):    1629340 kB
Inactive(anon):   208256 kB
Active(file):     256984 kB
Inactive(file):   350720 kB
Unevictable:          48 kB
Mlocked:              48 kB
SwapTotal:       2097148 kB
SwapFree:        2097148 kB
Dirty:                64 kB
Writeback:             0 kB
AnonPages:       1588256 kB
Mapped:           190028 kB
Shmem:            209356 kB
Slab:              82108 kB
SReclaimable:      48656 kB
SUnreclaim:        33452 kB
KernelStack:        8496 kB
PageTables:        35876 kB
NFS_Unstable:          0 kB
Bounce:                0 kB
WritebackTmp:          0 kB
CommitLimit:     8144200 kB
Committed_AS:    5141268 kB
VmallocTotal:   34359738367 kB
VmallocUsed:           0 kB
VmallocChunk:          0 kB
HardwareCorrupted:     0 kB
AnonHugePages:    888832 kB
ShmemHugePages:        0 kB
ShmemPmdMapped:        0 kB
CmaTotal:              0 kB
CmaFree:               0 kB
HugePages_Total:       0
HugePages_Free:        0
HugePages_Rsvd:        0
HugePages_Surp:        0
Hugepagesize:       2048 kB
DirectMap4k:      136136 kB
DirectMap2M:    12238848 kB


CPU:total 4 (initial active 4) (2 cores per cpu, 2 threads per core) family 6 model 37 stepping 5, cmov, cx8, fxsr, mmx, sse, sse2, sse3, ssse3, sse4.1, sse4.2, popcnt, ht, tsc, tscinvbit

/proc/cpuinfo:
processor	: 0
vendor_id	: GenuineIntel
cpu family	: 6
model		: 37
model name	: Intel(R) Core(TM) i3 CPU       M 380  @ 2.53GHz
stepping	: 5
microcode	: 0x4
cpu MHz		: 1066.000
cache size	: 3072 KB
physical id	: 0
siblings	: 4
core id		: 0
cpu cores	: 2
apicid		: 0
initial apicid	: 0
fpu		: yes
fpu_exception	: yes
cpuid level	: 11
wp		: yes
flags		: fpu vme de pse tsc msr pae mce cx8 apic sep mtrr pge mca cmov pat pse36 clflush dts acpi mmx fxsr sse sse2 ss ht tm pbe syscall nx rdtscp lm constant_tsc arch_perfmon pebs bts rep_good nopl xtopology nonstop_tsc aperfmperf pni dtes64 monitor ds_cpl vmx est tm2 ssse3 cx16 xtpr pdcm pcid sse4_1 sse4_2 popcnt lahf_lm tpr_shadow vnmi flexpriority ept vpid dtherm arat
bugs		:
bogomips	: 5053.84
clflush size	: 64
cache_alignment	: 64
address sizes	: 36 bits physical, 48 bits virtual
power management:

processor	: 1
vendor_id	: GenuineIntel
cpu family	: 6
model		: 37
model name	: Intel(R) Core(TM) i3 CPU       M 380  @ 2.53GHz
stepping	: 5
microcode	: 0x4
cpu MHz		: 2533.000
cache size	: 3072 KB
physical id	: 0
siblings	: 4
core id		: 2
cpu cores	: 2
apicid		: 4
initial apicid	: 4
fpu		: yes
fpu_exception	: yes
cpuid level	: 11
wp		: yes
flags		: fpu vme de pse tsc msr pae mce cx8 apic sep mtrr pge mca cmov pat pse36 clflush dts acpi mmx fxsr sse sse2 ss ht tm pbe syscall nx rdtscp lm constant_tsc arch_perfmon pebs bts rep_good nopl xtopology nonstop_tsc aperfmperf pni dtes64 monitor ds_cpl vmx est tm2 ssse3 cx16 xtpr pdcm pcid sse4_1 sse4_2 popcnt lahf_lm tpr_shadow vnmi flexpriority ept vpid dtherm arat
bugs		:
bogomips	: 5053.84
clflush size	: 64
cache_alignment	: 64
address sizes	: 36 bits physical, 48 bits virtual
power management:

processor	: 2
vendor_id	: GenuineIntel
cpu family	: 6
model		: 37
model name	: Intel(R) Core(TM) i3 CPU       M 380  @ 2.53GHz
stepping	: 5
microcode	: 0x4
cpu MHz		: 1066.000
cache size	: 3072 KB
physical id	: 0
siblings	: 4
core id		: 0
cpu cores	: 2
apicid		: 1
initial apicid	: 1
fpu		: yes
fpu_exception	: yes
cpuid level	: 11
wp		: yes
flags		: fpu vme de pse tsc msr pae mce cx8 apic sep mtrr pge mca cmov pat pse36 clflush dts acpi mmx fxsr sse sse2 ss ht tm pbe syscall nx rdtscp lm constant_tsc arch_perfmon pebs bts rep_good nopl xtopology nonstop_tsc aperfmperf pni dtes64 monitor ds_cpl vmx est tm2 ssse3 cx16 xtpr pdcm pcid sse4_1 sse4_2 popcnt lahf_lm tpr_shadow vnmi flexpriority ept vpid dtherm arat
bugs		:
bogomips	: 5053.84
clflush size	: 64
cache_alignment	: 64
address sizes	: 36 bits physical, 48 bits virtual
power management:

processor	: 3
vendor_id	: GenuineIntel
cpu family	: 6
model		: 37
model name	: Intel(R) Core(TM) i3 CPU       M 380  @ 2.53GHz
stepping	: 5
microcode	: 0x4
cpu MHz		: 1599.000
cache size	: 3072 KB
physical id	: 0
siblings	: 4
core id		: 2
cpu cores	: 2
apicid		: 5
initial apicid	: 5
fpu		: yes
fpu_exception	: yes
cpuid level	: 11
wp		: yes
flags		: fpu vme de pse tsc msr pae mce cx8 apic sep mtrr pge mca cmov pat pse36 clflush dts acpi mmx fxsr sse sse2 ss ht tm pbe syscall nx rdtscp lm constant_tsc arch_perfmon pebs bts rep_good nopl xtopology nonstop_tsc aperfmperf pni dtes64 monitor ds_cpl vmx est tm2 ssse3 cx16 xtpr pdcm pcid sse4_1 sse4_2 popcnt lahf_lm tpr_shadow vnmi flexpriority ept vpid dtherm arat
bugs		:
bogomips	: 5053.84
clflush size	: 64
cache_alignment	: 64
address sizes	: 36 bits physical, 48 bits virtual
power management:



Memory: 4k page, physical 12094108k(9447736k free), swap 2097148k(2097148k free)

vm_info: OpenJDK 64-Bit Server VM (25.131-b11) for linux-amd64 JRE (1.8.0_131-8u131-b11-0ubuntu1.17.04.1-b11), built on May  2 2017 02:51:42 by "buildd" with gcc 6.3.0 20170406

time: Fri May 12 08:42:36 2017
elapsed time: 160 seconds (0d 0h 2m 40s)

