#
# A fatal error has been detected by the Java Runtime Environment:
#
#  SIGSEGV (0xb) at pc=0x00007f5ad8c14e66, pid=3055, tid=0x00007f5ab9060700
#
# JRE version: OpenJDK Runtime Environment (8.0_131-b11) (build 1.8.0_131-8u131-b11-0ubuntu1.17.04.1-b11)
# Java VM: OpenJDK 64-Bit Server VM (25.131-b11 mixed mode linux-amd64 compressed oops)
# Problematic frame:
# j  java.awt.Component.getGraphics_NoClientCode()Ljava/awt/Graphics;+0
#
# Failed to write core dump. Core dumps have been disabled. To enable core dumping, try "ulimit -c unlimited" before starting Java again
#
# If you would like to submit a bug report, please visit:
#   http://bugreport.java.com/bugreport/crash.jsp
#

---------------  T H R E A D  ---------------

Current thread (0x00007f5a801df000):  JavaThread "AWT-EventQueue-1" [_thread_in_Java, id=3089, stack(0x00007f5ab8f60000,0x00007f5ab9061000)]

siginfo: si_signo: 11 (SIGSEGV), si_code: 1 (SEGV_MAPERR), si_addr: 0x000000053842b190

Registers:
RAX=0x000000053842b188, RBX=0x0000000000000095, RCX=0x00007f5ad42b6828, RDX=0x00007f5ad42b4808
RSP=0x00007f5ab905d798, RBP=0x00007f5ab905d7d8, RSI=0x00007f5ab905d8b8, RDI=0x0000000709ba75e8
R8 =0x0000000709b94370, R9 =0x00000007c00d4fb0, R10=0x00007f5aef2ea7a0, R11=0x00007f5ad8ff6a40
R12=0x0000000000000000, R13=0x00007f5ad42c2fde, R14=0x00007f5ab905d800, R15=0x00007f5a801df000
RIP=0x00007f5ad8c14e66, EFLAGS=0x0000000000010246, CSGSFS=0x002b000000000033, ERR=0x0000000000000004
  TRAPNO=0x000000000000000e

Top of Stack: (sp=0x00007f5ab905d798)
0x00007f5ab905d798:   00007f5ab905d798 00007f5ad42c2fd8
0x00007f5ab905d7a8:   00007f5ab905d800 00007f5ad43479c8
0x00007f5ab905d7b8:   0000000000000000 00007f5ad42c3068
0x00007f5ab905d7c8:   0000000000000000 00007f5ab905d800
0x00007f5ab905d7d8:   00007f5ab905d848 00007f5ad8bece00
0x00007f5ab905d7e8:   0000000000000000 0000000000000000
0x00007f5ab905d7f8:   000000053842b188 0000000709a7d7b0
0x00007f5ab905d808:   00007f5ab905d808 00007f5ab93dafe6
0x00007f5ab905d818:   00007f5ab905d890 00007f5ab93dba08
0x00007f5ab905d828:   0000000000000000 00007f5ab93db098
0x00007f5ab905d838:   00007f5ab905d800 00007f5ab905d870
0x00007f5ab905d848:   00007f5ab905d8d8 00007f5ad8bed07d
0x00007f5ab905d858:   0000000000000000 0000000000000000
0x00007f5ab905d868:   0000000000000000 0000000000000280
0x00007f5ab905d878:   00000000000003a0 0000000000000000
0x00007f5ab905d888:   0000000000000000 0000000709acd5d0
0x00007f5ab905d898:   00007f5ab905d898 00007f5ab93da156
0x00007f5ab905d8a8:   00007f5ab905d908 00007f5ab93dbef0
0x00007f5ab905d8b8:   0000000000000000 00007f5ab93da160
0x00007f5ab905d8c8:   00007f5ab905d870 00007f5ab905d8e8
0x00007f5ab905d8d8:   00007f5ab905d950 00007f5ad8bed0c2
0x00007f5ab905d8e8:   0000000000000280 00000000000003a0
0x00007f5ab905d8f8:   0000000000000000 0000000000000000
0x00007f5ab905d908:   0000000709acd5d0 00007f5ab905d910
0x00007f5ab905d918:   00007f5ace9348a8 00007f5ab905d978
0x00007f5ab905d928:   00007f5ab9275648 0000000000000000
0x00007f5ab905d938:   00007f5ace9348f0 00007f5ab905d8e8
0x00007f5ab905d948:   00007f5ab905d978 00007f5ab905d9c0
0x00007f5ab905d958:   00007f5ad8bec850 0000000000000000
0x00007f5ab905d968:   0000000709acd5d0 0000000000000001
0x00007f5ab905d978:   0000000709aacc30 00007f5ab905d980
0x00007f5ab905d988:   00007f5ace934764 00007f5ab905d9e8 

Instructions: (pc=0x00007f5ad8c14e66)
0x00007f5ad8c14e46:   87 28 02 00 00 49 ba 00 00 00 00 00 00 00 00 4d
0x00007f5ad8c14e56:   89 97 28 02 00 00 5a 8b 52 08 48 c1 e2 03 eb 0c
0x00007f5ad8c14e66:   8b 50 08 48 c1 e2 03 48 8b 44 d9 50 48 8b 4d e0
0x00007f5ad8c14e76:   48 85 c9 0f 84 8a 00 00 00 48 8b 79 10 48 3b fa 

Register to memory mapping:

RAX=
[error occurred during error reporting (printing register info), id 0xb]

Stack: [0x00007f5ab8f60000,0x00007f5ab9061000],  sp=0x00007f5ab905d798,  free space=1013k
Native frames: (J=compiled Java code, j=interpreted, Vv=VM code, C=native code)
j  java.awt.Component.getGraphics_NoClientCode()Ljava/awt/Graphics;+0
j  java.awt.Component$BltBufferStrategy.showSubRegion(IIII)V+54
j  java.awt.Component$BltSubRegionBufferStrategy.show(IIII)V+6
j  javax.swing.BufferStrategyPaintManager.flushAccumulatedRegion()Z+48
j  javax.swing.BufferStrategyPaintManager.endPaint()V+84
j  javax.swing.RepaintManager.endPaint()V+47
j  javax.swing.JComponent._paintImmediately(IIII)V+688
j  javax.swing.JComponent.paintImmediately(IIII)V+138
j  javax.swing.RepaintManager$4.run()Ljava/lang/Void;+81
j  javax.swing.RepaintManager$4.run()Ljava/lang/Object;+1
v  ~StubRoutines::call_stub
V  [libjvm.so+0x664813]  JavaCalls::call_helper(JavaValue*, methodHandle*, JavaCallArguments*, Thread*)+0xf53
V  [libjvm.so+0x6b177a]  JVM_DoPrivileged+0x46a
J 1210  java.security.AccessController.doPrivileged(Ljava/security/PrivilegedAction;Ljava/security/AccessControlContext;)Ljava/lang/Object; (0 bytes) @ 0x00007f5ad8fe0255 [0x00007f5ad8fe0180+0xd5]
J 1293 C1 java.security.ProtectionDomain$JavaSecurityAccessImpl.doIntersectionPrivilege(Ljava/security/PrivilegedAction;Ljava/security/AccessControlContext;Ljava/security/AccessControlContext;)Ljava/lang/Object; (22 bytes) @ 0x00007f5ad90074ac [0x00007f5ad9007020+0x48c]
j  javax.swing.RepaintManager.paintDirtyRegions(Ljava/util/Map;)V+154
j  javax.swing.RepaintManager.paintDirtyRegions()V+46
j  javax.swing.RepaintManager.prePaintDirtyRegions()V+73
j  javax.swing.RepaintManager.access$1200(Ljavax/swing/RepaintManager;)V+1
j  javax.swing.RepaintManager$ProcessingRunnable.run()V+37
j  java.awt.event.InvocationEvent.dispatch()V+47
j  java.awt.EventQueue.dispatchEventImpl(Ljava/awt/AWTEvent;Ljava/lang/Object;)V+21
j  java.awt.EventQueue.access$500(Ljava/awt/EventQueue;Ljava/awt/AWTEvent;Ljava/lang/Object;)V+3
j  java.awt.EventQueue$3.run()Ljava/lang/Void;+32
j  java.awt.EventQueue$3.run()Ljava/lang/Object;+1
v  ~StubRoutines::call_stub
V  [libjvm.so+0x664813]  JavaCalls::call_helper(JavaValue*, methodHandle*, JavaCallArguments*, Thread*)+0xf53
V  [libjvm.so+0x6b177a]  JVM_DoPrivileged+0x46a
J 1210  java.security.AccessController.doPrivileged(Ljava/security/PrivilegedAction;Ljava/security/AccessControlContext;)Ljava/lang/Object; (0 bytes) @ 0x00007f5ad8fe0255 [0x00007f5ad8fe0180+0xd5]
J 1293 C1 java.security.ProtectionDomain$JavaSecurityAccessImpl.doIntersectionPrivilege(Ljava/security/PrivilegedAction;Ljava/security/AccessControlContext;Ljava/security/AccessControlContext;)Ljava/lang/Object; (22 bytes) @ 0x00007f5ad90074ac [0x00007f5ad9007020+0x48c]
j  java.awt.EventQueue.dispatchEvent(Ljava/awt/AWTEvent;)V+46
j  org.GNOME.Accessibility.AtkWrapper$5.dispatchEvent(Ljava/awt/AWTEvent;)V+100
j  java.awt.EventDispatchThread.pumpOneEventForFilters(I)V+245
j  java.awt.EventDispatchThread.pumpEventsForFilter(ILjava/awt/Conditional;Ljava/awt/EventFilter;)V+35
j  java.awt.EventDispatchThread.pumpEventsForHierarchy(ILjava/awt/Conditional;Ljava/awt/Component;)V+11
j  java.awt.EventDispatchThread.pumpEvents(ILjava/awt/Conditional;)V+4
j  java.awt.EventDispatchThread.pumpEvents(Ljava/awt/Conditional;)V+3
j  java.awt.EventDispatchThread.run()V+9
v  ~StubRoutines::call_stub
V  [libjvm.so+0x664813]  JavaCalls::call_helper(JavaValue*, methodHandle*, JavaCallArguments*, Thread*)+0xf53
V  [libjvm.so+0x661d77]  JavaCalls::call_virtual(JavaValue*, KlassHandle, Symbol*, Symbol*, JavaCallArguments*, Thread*)+0x297
V  [libjvm.so+0x662357]  JavaCalls::call_virtual(JavaValue*, Handle, KlassHandle, Symbol*, Symbol*, Thread*)+0x57
V  [libjvm.so+0x6a3c34]  thread_entry(JavaThread*, Thread*)+0x84
V  [libjvm.so+0xa11dfb]  JavaThread::thread_main_inner()+0x1eb
V  [libjvm.so+0xa122bf]  JavaThread::run()+0x46f
V  [libjvm.so+0x8b8fa2]  java_start(Thread*)+0xf2
C  [libpthread.so.0+0x76da]  start_thread+0xca


---------------  P R O C E S S  ---------------

Java Threads: ( => current thread )
  0x00007f5a80229000 JavaThread "Thread-3" daemon [_thread_in_vm, id=3096, stack(0x00007f5ab8644000,0x00007f5ab8745000)]
  0x00007f5a80219800 JavaThread "PulseAudio Eventloop Thread" daemon [_thread_blocked, id=3095, stack(0x00007f5ab8745000,0x00007f5ab8846000)]
  0x00007f5a5c002800 JavaThread "Thread-1" daemon [_thread_in_native, id=3087, stack(0x00007f5ab9474000,0x00007f5ab9c75000)]
=>0x00007f5a801df000 JavaThread "AWT-EventQueue-1" [_thread_in_Java, id=3089, stack(0x00007f5ab8f60000,0x00007f5ab9061000)]
  0x00007f5a801dd800 JavaThread "AWT-Shutdown" [_thread_blocked, id=3088, stack(0x00007f5acc0e5000,0x00007f5acc1e6000)]
  0x00007f5a80158800 JavaThread "AWT-XAWT" daemon [_thread_in_native, id=3084, stack(0x00007f5acdafc000,0x00007f5acdbfd000)]
  0x00007f5a80134800 JavaThread "Java2D Disposer" daemon [_thread_blocked, id=3083, stack(0x00007f5ad40de000,0x00007f5ad41df000)]
  0x00007f5a80014000 JavaThread "Poll DrJava Thread" daemon [_thread_blocked, id=3079, stack(0x00007f5ad43f2000,0x00007f5ad44f3000)]
  0x00007f5a80007800 JavaThread "RMI RenewClean-[127.0.0.1:46825]" daemon [_thread_blocked, id=3078, stack(0x00007f5ad44f3000,0x00007f5ad45f4000)]
  0x00007f5a8000b800 JavaThread "RMI Scheduler(0)" daemon [_thread_blocked, id=3077, stack(0x00007f5ad45f4000,0x00007f5ad46f5000)]
  0x00007f5a84001800 JavaThread "RMI TCP Connection(1)-127.0.0.1" daemon [_thread_blocked, id=3076, stack(0x00007f5ad46f5000,0x00007f5ad47f6000)]
  0x00007f5ae800c800 JavaThread "DestroyJavaVM" [_thread_blocked, id=3056, stack(0x00007f5af000d000,0x00007f5af010e000)]
  0x00007f5ae840b000 JavaThread "GC Daemon" daemon [_thread_blocked, id=3074, stack(0x00007f5ad47f6000,0x00007f5ad48f7000)]
  0x00007f5ae8405800 JavaThread "RMI Reaper" [_thread_blocked, id=3073, stack(0x00007f5ad48f7000,0x00007f5ad49f8000)]
  0x00007f5ae83cd800 JavaThread "RMI TCP Accept-0" daemon [_thread_in_native, id=3072, stack(0x00007f5ad49f8000,0x00007f5ad4af9000)]
  0x00007f5ae80cc000 JavaThread "Service Thread" daemon [_thread_blocked, id=3070, stack(0x00007f5ad4ede000,0x00007f5ad4fdf000)]
  0x00007f5ae80c7000 JavaThread "C1 CompilerThread2" daemon [_thread_blocked, id=3069, stack(0x00007f5ad4fdf000,0x00007f5ad50e0000)]
  0x00007f5ae80c5000 JavaThread "C2 CompilerThread1" daemon [_thread_blocked, id=3068, stack(0x00007f5ad50e0000,0x00007f5ad51e1000)]
  0x00007f5ae80c2000 JavaThread "C2 CompilerThread0" daemon [_thread_blocked, id=3067, stack(0x00007f5ad51e1000,0x00007f5ad52e2000)]
  0x00007f5ae80c0000 JavaThread "JDWP Event Helper Thread" daemon [_thread_blocked, id=3066, stack(0x00007f5ad52e2000,0x00007f5ad53e3000)]
  0x00007f5ae80bb800 JavaThread "JDWP Transport Listener: dt_socket" daemon [_thread_in_native, id=3065, stack(0x00007f5ad53e3000,0x00007f5ad54e4000)]
  0x00007f5ae80ac800 JavaThread "Signal Dispatcher" daemon [_thread_blocked, id=3064, stack(0x00007f5ad56e9000,0x00007f5ad57ea000)]
  0x00007f5ae8086000 JavaThread "Finalizer" daemon [_thread_blocked, id=3063, stack(0x00007f5ad57ea000,0x00007f5ad58eb000)]
  0x00007f5ae8081800 JavaThread "Reference Handler" daemon [_thread_blocked, id=3062, stack(0x00007f5ad58eb000,0x00007f5ad59ec000)]

Other Threads:
  0x00007f5ae807a000 VMThread [stack: 0x00007f5ad59ec000,0x00007f5ad5aed000] [id=3061]
  0x00007f5ae80ce800 WatcherThread [stack: 0x00007f5ad4ddd000,0x00007f5ad4ede000] [id=3071]

VM state:not at safepoint (normal execution)

VM Mutex/Monitor currently owned by a thread: None

Heap:
 PSYoungGen      total 992768K, used 761681K [0x0000000782780000, 0x00000007bf700000, 0x00000007c0000000)
  eden space 986624K, 77% used [0x0000000782780000,0x00000007b0f3c410,0x00000007beb00000)
  from space 6144K, 1% used [0x00000007bf100000,0x00000007bf118000,0x00000007bf700000)
  to   space 6144K, 0% used [0x00000007beb00000,0x00000007beb00000,0x00000007bf100000)
 ParOldGen       total 126976K, used 40105K [0x0000000707600000, 0x000000070f200000, 0x0000000782780000)
  object space 126976K, 31% used [0x0000000707600000,0x0000000709d2a570,0x000000070f200000)
 Metaspace       used 16814K, capacity 17228K, committed 17536K, reserved 1064960K
  class space    used 1994K, capacity 2140K, committed 2176K, reserved 1048576K

Card table byte_map: [0x00007f5ad825f000,0x00007f5ad8825000] byte_map_base: 0x00007f5ad4a24000

Marking Bits: (ParMarkBitMap*) 0x00007f5aef2da260
 Begin Bits: [0x00007f5aba3b0000, 0x00007f5abd1d8000)
 End Bits:   [0x00007f5abd1d8000, 0x00007f5ac0000000)

Polling page: 0x00007f5af012c000

CodeCache: size=245760Kb used=4426Kb max_used=4429Kb free=241333Kb
 bounds [0x00007f5ad8be5000, 0x00007f5ad9045000, 0x00007f5ae7be5000]
 total_blobs=1929 nmethods=1392 adapters=461
 compilation: enabled

Compilation events (10 events):
Event: 63.000 Thread 0x00007f5ae80c5000 1386       4       org.classpath.icedtea.pulseaudio.PulseAudioClip::getFormat (5 bytes)
Event: 63.001 Thread 0x00007f5ae80c5000 nmethod 1386 0x00007f5ad9035150 code [0x00007f5ad90352a0, 0x00007f5ad9035338]
Event: 63.875 Thread 0x00007f5ae80c7000 1387       3       java.util.concurrent.locks.LockSupport::unpark (12 bytes)
Event: 63.875 Thread 0x00007f5ae80c7000 nmethod 1387 0x00007f5ad903a950 code [0x00007f5ad903aac0, 0x00007f5ad903ace8]
Event: 63.895 Thread 0x00007f5ae80c7000 1389       3       java.util.concurrent.locks.LockSupport::park (23 bytes)
Event: 63.896 Thread 0x00007f5ae80c7000 nmethod 1389 0x00007f5ad903a350 code [0x00007f5ad903a4e0, 0x00007f5ad903a828]
Event: 65.729 Thread 0x00007f5ae80c7000 1391       3       java.awt.Component::isLightweight (8 bytes)
Event: 65.730 Thread 0x00007f5ae80c7000 nmethod 1391 0x00007f5ad9039ad0 code [0x00007f5ad9039c40, 0x00007f5ad9039f30]
Event: 68.697 Thread 0x00007f5ae80c7000 1392       3       java.util.concurrent.locks.AbstractQueuedSynchronizer::unparkSuccessor (84 bytes)
Event: 68.698 Thread 0x00007f5ae80c7000 nmethod 1392 0x00007f5ad9039150 code [0x00007f5ad9039300, 0x00007f5ad90398a8]

GC Heap History (10 events):
Event: 15.669 GC heap before
{Heap before GC invocations=8 (full 0):
 PSYoungGen      total 198144K, used 192660K [0x0000000782780000, 0x000000079ab80000, 0x00000007c0000000)
  eden space 192512K, 100% used [0x0000000782780000,0x000000078e380000,0x000000078e380000)
  from space 5632K, 2% used [0x000000078e380000,0x000000078e3a5018,0x000000078e900000)
  to   space 6144K, 0% used [0x000000079a580000,0x000000079a580000,0x000000079ab80000)
 ParOldGen       total 126976K, used 40001K [0x0000000707600000, 0x000000070f200000, 0x0000000782780000)
  object space 126976K, 31% used [0x0000000707600000,0x0000000709d10570,0x000000070f200000)
 Metaspace       used 16707K, capacity 17100K, committed 17280K, reserved 1064960K
  class space    used 1994K, capacity 2140K, committed 2176K, reserved 1048576K
Event: 15.673 GC heap after
Heap after GC invocations=8 (full 0):
 PSYoungGen      total 391168K, used 128K [0x0000000782780000, 0x000000079ab80000, 0x00000007c0000000)
  eden space 385024K, 0% used [0x0000000782780000,0x0000000782780000,0x0000000799f80000)
  from space 6144K, 2% used [0x000000079a580000,0x000000079a5a0000,0x000000079ab80000)
  to   space 6144K, 0% used [0x0000000799f80000,0x0000000799f80000,0x000000079a580000)
 ParOldGen       total 126976K, used 40049K [0x0000000707600000, 0x000000070f200000, 0x0000000782780000)
  object space 126976K, 31% used [0x0000000707600000,0x0000000709d1c570,0x000000070f200000)
 Metaspace       used 16707K, capacity 17100K, committed 17280K, reserved 1064960K
  class space    used 1994K, capacity 2140K, committed 2176K, reserved 1048576K
}
Event: 23.090 GC heap before
{Heap before GC invocations=9 (full 0):
 PSYoungGen      total 391168K, used 385152K [0x0000000782780000, 0x000000079ab80000, 0x00000007c0000000)
  eden space 385024K, 100% used [0x0000000782780000,0x0000000799f80000,0x0000000799f80000)
  from space 6144K, 2% used [0x000000079a580000,0x000000079a5a0000,0x000000079ab80000)
  to   space 6144K, 0% used [0x0000000799f80000,0x0000000799f80000,0x000000079a580000)
 ParOldGen       total 126976K, used 40049K [0x0000000707600000, 0x000000070f200000, 0x0000000782780000)
  object space 126976K, 31% used [0x0000000707600000,0x0000000709d1c570,0x000000070f200000)
 Metaspace       used 16733K, capacity 17164K, committed 17280K, reserved 1064960K
  class space    used 1994K, capacity 2140K, committed 2176K, reserved 1048576K
Event: 23.093 GC heap after
Heap after GC invocations=9 (full 0):
 PSYoungGen      total 391168K, used 96K [0x0000000782780000, 0x00000007a8d80000, 0x00000007c0000000)
  eden space 385024K, 0% used [0x0000000782780000,0x0000000782780000,0x0000000799f80000)
  from space 6144K, 1% used [0x0000000799f80000,0x0000000799f98000,0x000000079a580000)
  to   space 6144K, 0% used [0x00000007a8780000,0x00000007a8780000,0x00000007a8d80000)
 ParOldGen       total 126976K, used 40073K [0x0000000707600000, 0x000000070f200000, 0x0000000782780000)
  object space 126976K, 31% used [0x0000000707600000,0x0000000709d22570,0x000000070f200000)
 Metaspace       used 16733K, capacity 17164K, committed 17280K, reserved 1064960K
  class space    used 1994K, capacity 2140K, committed 2176K, reserved 1048576K
}
Event: 30.506 GC heap before
{Heap before GC invocations=10 (full 0):
 PSYoungGen      total 391168K, used 385120K [0x0000000782780000, 0x00000007a8d80000, 0x00000007c0000000)
  eden space 385024K, 100% used [0x0000000782780000,0x0000000799f80000,0x0000000799f80000)
  from space 6144K, 1% used [0x0000000799f80000,0x0000000799f98000,0x000000079a580000)
  to   space 6144K, 0% used [0x00000007a8780000,0x00000007a8780000,0x00000007a8d80000)
 ParOldGen       total 126976K, used 40073K [0x0000000707600000, 0x000000070f200000, 0x0000000782780000)
  object space 126976K, 31% used [0x0000000707600000,0x0000000709d22570,0x000000070f200000)
 Metaspace       used 16750K, capacity 17164K, committed 17280K, reserved 1064960K
  class space    used 1994K, capacity 2140K, committed 2176K, reserved 1048576K
Event: 30.509 GC heap after
Heap after GC invocations=10 (full 0):
 PSYoungGen      total 622592K, used 128K [0x0000000782780000, 0x00000007a8d80000, 0x00000007c0000000)
  eden space 616448K, 0% used [0x0000000782780000,0x0000000782780000,0x00000007a8180000)
  from space 6144K, 2% used [0x00000007a8780000,0x00000007a87a0000,0x00000007a8d80000)
  to   space 6144K, 0% used [0x00000007a8180000,0x00000007a8180000,0x00000007a8780000)
 ParOldGen       total 126976K, used 40081K [0x0000000707600000, 0x000000070f200000, 0x0000000782780000)
  object space 126976K, 31% used [0x0000000707600000,0x0000000709d24570,0x000000070f200000)
 Metaspace       used 16750K, capacity 17164K, committed 17280K, reserved 1064960K
  class space    used 1994K, capacity 2140K, committed 2176K, reserved 1048576K
}
Event: 42.389 GC heap before
{Heap before GC invocations=11 (full 0):
 PSYoungGen      total 622592K, used 616576K [0x0000000782780000, 0x00000007a8d80000, 0x00000007c0000000)
  eden space 616448K, 100% used [0x0000000782780000,0x00000007a8180000,0x00000007a8180000)
  from space 6144K, 2% used [0x00000007a8780000,0x00000007a87a0000,0x00000007a8d80000)
  to   space 6144K, 0% used [0x00000007a8180000,0x00000007a8180000,0x00000007a8780000)
 ParOldGen       total 126976K, used 40081K [0x0000000707600000, 0x000000070f200000, 0x0000000782780000)
  object space 126976K, 31% used [0x0000000707600000,0x0000000709d24570,0x000000070f200000)
 Metaspace       used 16768K, capacity 17164K, committed 17280K, reserved 1064960K
  class space    used 1994K, capacity 2140K, committed 2176K, reserved 1048576K
Event: 42.391 GC heap after
Heap after GC invocations=11 (full 0):
 PSYoungGen      total 622592K, used 64K [0x0000000782780000, 0x00000007bf700000, 0x00000007c0000000)
  eden space 616448K, 0% used [0x0000000782780000,0x0000000782780000,0x00000007a8180000)
  from space 6144K, 1% used [0x00000007a8180000,0x00000007a8190000,0x00000007a8780000)
  to   space 6144K, 0% used [0x00000007bf100000,0x00000007bf100000,0x00000007bf700000)
 ParOldGen       total 126976K, used 40089K [0x0000000707600000, 0x000000070f200000, 0x0000000782780000)
  object space 126976K, 31% used [0x0000000707600000,0x0000000709d26570,0x000000070f200000)
 Metaspace       used 16768K, capacity 17164K, committed 17280K, reserved 1064960K
  class space    used 1994K, capacity 2140K, committed 2176K, reserved 1048576K
}
Event: 54.612 GC heap before
{Heap before GC invocations=12 (full 0):
 PSYoungGen      total 622592K, used 616512K [0x0000000782780000, 0x00000007bf700000, 0x00000007c0000000)
  eden space 616448K, 100% used [0x0000000782780000,0x00000007a8180000,0x00000007a8180000)
  from space 6144K, 1% used [0x00000007a8180000,0x00000007a8190000,0x00000007a8780000)
  to   space 6144K, 0% used [0x00000007bf100000,0x00000007bf100000,0x00000007bf700000)
 ParOldGen       total 126976K, used 40089K [0x0000000707600000, 0x000000070f200000, 0x0000000782780000)
  object space 126976K, 31% used [0x0000000707600000,0x0000000709d26570,0x000000070f200000)
 Metaspace       used 16808K, capacity 17228K, committed 17536K, reserved 1064960K
  class space    used 1994K, capacity 2140K, committed 2176K, reserved 1048576K
Event: 54.615 GC heap after
Heap after GC invocations=12 (full 0):
 PSYoungGen      total 992768K, used 96K [0x0000000782780000, 0x00000007bf700000, 0x00000007c0000000)
  eden space 986624K, 0% used [0x0000000782780000,0x0000000782780000,0x00000007beb00000)
  from space 6144K, 1% used [0x00000007bf100000,0x00000007bf118000,0x00000007bf700000)
  to   space 6144K, 0% used [0x00000007beb00000,0x00000007beb00000,0x00000007bf100000)
 ParOldGen       total 126976K, used 40105K [0x0000000707600000, 0x000000070f200000, 0x0000000782780000)
  object space 126976K, 31% used [0x0000000707600000,0x0000000709d2a570,0x000000070f200000)
 Metaspace       used 16808K, capacity 17228K, committed 17536K, reserved 1064960K
  class space    used 1994K, capacity 2140K, committed 2176K, reserved 1048576K
}

Deoptimization events (10 events):
Event: 2.999 Thread 0x00007f5a84001800 Uncommon trap: reason=class_check action=maybe_recompile pc=0x00007f5ad8e05af4 method=sun.misc.URLClassPath.getLoader(I)Lsun/misc/URLClassPath$Loader; @ 94
Event: 3.003 Thread 0x00007f5a84001800 Uncommon trap: reason=class_check action=maybe_recompile pc=0x00007f5ad8e05fac method=sun.misc.URLClassPath.getLoader(I)Lsun/misc/URLClassPath$Loader; @ 239
Event: 3.003 Thread 0x00007f5a84001800 Uncommon trap: reason=class_check action=maybe_recompile pc=0x00007f5ad8e05fac method=sun.misc.URLClassPath.getLoader(I)Lsun/misc/URLClassPath$Loader; @ 239
Event: 3.004 Thread 0x00007f5a84001800 Uncommon trap: reason=class_check action=maybe_recompile pc=0x00007f5ad8dfac84 method=sun.misc.URLClassPath.getLoader(I)Lsun/misc/URLClassPath$Loader; @ 239
Event: 3.153 Thread 0x00007f5a84001800 Uncommon trap: reason=bimorphic action=maybe_recompile pc=0x00007f5ad8e7db18 method=edu.rice.cs.dynamicjava.symbol.type.Type.hashCode()I @ 9
Event: 3.319 Thread 0x00007f5a84001800 Uncommon trap: reason=unstable_if action=reinterpret pc=0x00007f5ad8e201fc method=java.lang.AbstractStringBuilder.append(Ljava/lang/String;)Ljava/lang/AbstractStringBuilder; @ 1
Event: 3.323 Thread 0x00007f5a84001800 Uncommon trap: reason=unstable_if action=reinterpret pc=0x00007f5ad8e123e0 method=java.lang.AbstractStringBuilder.append(Ljava/lang/String;)Ljava/lang/AbstractStringBuilder; @ 1
Event: 3.328 Thread 0x00007f5a84001800 Uncommon trap: reason=unstable_if action=reinterpret pc=0x00007f5ad8e20bf4 method=java.util.HashMap.hash(Ljava/lang/Object;)I @ 1
Event: 3.582 Thread 0x00007f5a801df000 Uncommon trap: reason=unstable_if action=reinterpret pc=0x00007f5ad8f2f978 method=sun.java2d.pisces.PiscesCache.addRLERun(II)V @ 91
Event: 3.582 Thread 0x00007f5a801df000 Uncommon trap: reason=unstable_if action=reinterpret pc=0x00007f5ad8f32110 method=sun.java2d.pisces.PiscesCache.addRLERun(II)V @ 91

Internal exceptions (10 events):
Event: 3.107 Thread 0x00007f5a84001800 Exception <a 'java/lang/ArrayIndexOutOfBoundsException'> (0x0000000784022d58) thrown at [/build/openjdk-8-XBM715/openjdk-8-8u131-b11/src/hotspot/src/share/vm/runtime/sharedRuntime.cpp, line 605]
Event: 3.107 Thread 0x00007f5a84001800 Exception <a 'java/lang/ArrayIndexOutOfBoundsException'> (0x0000000784025c28) thrown at [/build/openjdk-8-XBM715/openjdk-8-8u131-b11/src/hotspot/src/share/vm/runtime/sharedRuntime.cpp, line 605]
Event: 3.108 Thread 0x00007f5a84001800 Exception <a 'java/lang/ArrayIndexOutOfBoundsException'> (0x0000000784027a08) thrown at [/build/openjdk-8-XBM715/openjdk-8-8u131-b11/src/hotspot/src/share/vm/runtime/sharedRuntime.cpp, line 605]
Event: 3.116 Thread 0x00007f5a84001800 Exception <a 'java/lang/ArrayIndexOutOfBoundsException'> (0x00000007840705c0) thrown at [/build/openjdk-8-XBM715/openjdk-8-8u131-b11/src/hotspot/src/share/vm/runtime/sharedRuntime.cpp, line 605]
Event: 3.181 Thread 0x00007f5a84001800 Exception <a 'java/io/FileNotFoundException'> (0x00000007841d99d0) thrown at [/build/openjdk-8-XBM715/openjdk-8-8u131-b11/src/hotspot/src/share/vm/prims/jni.cpp, line 709]
Event: 3.209 Thread 0x00007f5a84001800 Exception <a 'java/lang/ClassNotFoundException': sun/dc/DuctusRenderingEngine> (0x0000000784202248) thrown at [/build/openjdk-8-XBM715/openjdk-8-8u131-b11/src/hotspot/src/share/vm/classfile/systemDictionary.cpp, line 210]
Event: 3.319 Thread 0x00007f5a84001800 Implicit null exception at 0x00007f5ad8e1fc76 to 0x00007f5ad8e201e1
Event: 3.323 Thread 0x00007f5a84001800 Implicit null exception at 0x00007f5ad8e11e34 to 0x00007f5ad8e123c9
Event: 3.328 Thread 0x00007f5a84001800 Implicit null exception at 0x00007f5ad8e20934 to 0x00007f5ad8e20bdd
Event: 4.055 Thread 0x00007f5a801df000 Exception <a 'java/lang/UnsupportedOperationException': > (0x0000000783c985a0) thrown at [/build/openjdk-8-XBM715/openjdk-8-8u131-b11/src/hotspot/src/share/vm/prims/jni.cpp, line 735]

Events (10 events):
Event: 69.067 Thread 0x00007f5a84001800 DEOPT PACKING pc=0x00007f5ad8fe8aac sp=0x00007f5ad47f1460
Event: 69.067 Thread 0x00007f5a84001800 DEOPT UNPACKING pc=0x00007f5ad8c2bf73 sp=0x00007f5ad47f1160 mode 1
Event: 69.067 Thread 0x00007f5a84001800 DEOPT PACKING pc=0x00007f5ad8fc2fb4 sp=0x00007f5ad47f12a0
Event: 69.067 Thread 0x00007f5a84001800 DEOPT UNPACKING pc=0x00007f5ad8c2bf73 sp=0x00007f5ad47f1120 mode 1
Event: 69.067 Thread 0x00007f5a84001800 DEOPT PACKING pc=0x00007f5ad8fe8aac sp=0x00007f5ad47f1460
Event: 69.067 Thread 0x00007f5a84001800 DEOPT UNPACKING pc=0x00007f5ad8c2bf73 sp=0x00007f5ad47f1160 mode 1
Event: 69.067 Thread 0x00007f5a84001800 DEOPT PACKING pc=0x00007f5ad8fc2fb4 sp=0x00007f5ad47f12a0
Event: 69.067 Thread 0x00007f5a84001800 DEOPT UNPACKING pc=0x00007f5ad8c2bf73 sp=0x00007f5ad47f1120 mode 1
Event: 69.067 Thread 0x00007f5a84001800 DEOPT PACKING pc=0x00007f5ad8fe8aac sp=0x00007f5ad47f1460
Event: 69.067 Thread 0x00007f5a84001800 DEOPT UNPACKING pc=0x00007f5ad8c2bf73 sp=0x00007f5ad47f1160 mode 1


Dynamic libraries:
707600000-70f200000 rw-p 00000000 00:00 0 
70f200000-782780000 ---p 00000000 00:00 0 
782780000-7bf700000 rw-p 00000000 00:00 0 
7bf700000-7c0000000 ---p 00000000 00:00 0 
7c0000000-7c0220000 rw-p 00000000 00:00 0 
7c0220000-800000000 ---p 00000000 00:00 0 
55de0a4c2000-55de0a4c3000 r-xp 00000000 08:01 9578586                    /usr/lib/jvm/java-8-openjdk-amd64/jre/bin/java
55de0a6c2000-55de0a6c3000 r--p 00000000 08:01 9578586                    /usr/lib/jvm/java-8-openjdk-amd64/jre/bin/java
55de0a6c3000-55de0a6c4000 rw-p 00001000 08:01 9578586                    /usr/lib/jvm/java-8-openjdk-amd64/jre/bin/java
55de0a91e000-55de0a93f000 rw-p 00000000 00:00 0                          [heap]
7f5a38000000-7f5a39235000 rw-p 00000000 00:00 0 
7f5a39235000-7f5a3c000000 ---p 00000000 00:00 0 
7f5a40000000-7f5a44000000 rw-s 00000000 00:05 40749                      /memfd:pulseaudio (deleted)
7f5a44000000-7f5a48000000 rw-s 00000000 00:05 29706                      /memfd:pulseaudio (deleted)
7f5a48000000-7f5a4c000000 rw-s 00000000 00:05 40746                      /memfd:pulseaudio (deleted)
7f5a4c000000-7f5a4c021000 rw-p 00000000 00:00 0 
7f5a4c021000-7f5a50000000 ---p 00000000 00:00 0 
7f5a50000000-7f5a54000000 rw-s 00000000 00:05 40746                      /memfd:pulseaudio (deleted)
7f5a54000000-7f5a542d9000 rw-p 00000000 00:00 0 
7f5a542d9000-7f5a58000000 ---p 00000000 00:00 0 
7f5a59ff4000-7f5a5a000000 r-xp 00000000 08:01 9833149                    /usr/lib/jvm/java-8-openjdk-amd64/jre/lib/amd64/libicedtea-sound.so
7f5a5a000000-7f5a5a200000 ---p 0000c000 08:01 9833149                    /usr/lib/jvm/java-8-openjdk-amd64/jre/lib/amd64/libicedtea-sound.so
7f5a5a200000-7f5a5a201000 r--p 0000c000 08:01 9833149                    /usr/lib/jvm/java-8-openjdk-amd64/jre/lib/amd64/libicedtea-sound.so
7f5a5a201000-7f5a5a202000 rw-p 0000d000 08:01 9833149                    /usr/lib/jvm/java-8-openjdk-amd64/jre/lib/amd64/libicedtea-sound.so
7f5a5a202000-7f5a5a203000 ---p 00000000 00:00 0 
7f5a5a203000-7f5a5aa03000 rw-p 00000000 00:00 0 
7f5a5aa03000-7f5a5aa09000 r-xp 00000000 08:01 9179541                    /usr/lib/x86_64-linux-gnu/alsa-lib/libasound_module_pcm_pulse.so
7f5a5aa09000-7f5a5ac08000 ---p 00006000 08:01 9179541                    /usr/lib/x86_64-linux-gnu/alsa-lib/libasound_module_pcm_pulse.so
7f5a5ac08000-7f5a5ac09000 r--p 00005000 08:01 9179541                    /usr/lib/x86_64-linux-gnu/alsa-lib/libasound_module_pcm_pulse.so
7f5a5ac09000-7f5a5ac0a000 rw-p 00006000 08:01 9179541                    /usr/lib/x86_64-linux-gnu/alsa-lib/libasound_module_pcm_pulse.so
7f5a5ac0a000-7f5a5ad0a000 rw-p 00000000 00:00 0 
7f5a5ad0a000-7f5a5ae0a000 ---p 00000000 00:00 0 
7f5a5ae0a000-7f5a5ae21000 r-xp 00000000 08:01 11539036                   /lib/x86_64-linux-gnu/libresolv-2.24.so
7f5a5ae21000-7f5a5b021000 ---p 00017000 08:01 11539036                   /lib/x86_64-linux-gnu/libresolv-2.24.so
7f5a5b021000-7f5a5b022000 r--p 00017000 08:01 11539036                   /lib/x86_64-linux-gnu/libresolv-2.24.so
7f5a5b022000-7f5a5b023000 rw-p 00018000 08:01 11539036                   /lib/x86_64-linux-gnu/libresolv-2.24.so
7f5a5b023000-7f5a5b025000 rw-p 00000000 00:00 0 
7f5a5b025000-7f5a5b0b2000 r-xp 00000000 08:01 8922784                    /usr/lib/x86_64-linux-gnu/libvorbisenc.so.2.0.11
7f5a5b0b2000-7f5a5b2b1000 ---p 0008d000 08:01 8922784                    /usr/lib/x86_64-linux-gnu/libvorbisenc.so.2.0.11
7f5a5b2b1000-7f5a5b2cd000 r--p 0008c000 08:01 8922784                    /usr/lib/x86_64-linux-gnu/libvorbisenc.so.2.0.11
7f5a5b2cd000-7f5a5b2ce000 rw-p 000a8000 08:01 8922784                    /usr/lib/x86_64-linux-gnu/libvorbisenc.so.2.0.11
7f5a5b2ce000-7f5a5b2f8000 r-xp 00000000 08:01 8922782                    /usr/lib/x86_64-linux-gnu/libvorbis.so.0.4.8
7f5a5b2f8000-7f5a5b4f7000 ---p 0002a000 08:01 8922782                    /usr/lib/x86_64-linux-gnu/libvorbis.so.0.4.8
7f5a5b4f7000-7f5a5b4f8000 r--p 00029000 08:01 8922782                    /usr/lib/x86_64-linux-gnu/libvorbis.so.0.4.8
7f5a5b4f8000-7f5a5b4f9000 rw-p 0002a000 08:01 8922782                    /usr/lib/x86_64-linux-gnu/libvorbis.so.0.4.8
7f5a5b4f9000-7f5a5b500000 r-xp 00000000 08:01 8922351                    /usr/lib/x86_64-linux-gnu/libogg.so.0.8.2
7f5a5b500000-7f5a5b700000 ---p 00007000 08:01 8922351                    /usr/lib/x86_64-linux-gnu/libogg.so.0.8.2
7f5a5b700000-7f5a5b701000 r--p 00007000 08:01 8922351                    /usr/lib/x86_64-linux-gnu/libogg.so.0.8.2
7f5a5b701000-7f5a5b702000 rw-p 00008000 08:01 8922351                    /usr/lib/x86_64-linux-gnu/libogg.so.0.8.2
7f5a5b702000-7f5a5b777000 r-xp 00000000 08:01 8921175                    /usr/lib/x86_64-linux-gnu/libFLAC.so.8.3.0
7f5a5b777000-7f5a5b977000 ---p 00075000 08:01 8921175                    /usr/lib/x86_64-linux-gnu/libFLAC.so.8.3.0
7f5a5b977000-7f5a5b978000 r--p 00075000 08:01 8921175                    /usr/lib/x86_64-linux-gnu/libFLAC.so.8.3.0
7f5a5b978000-7f5a5b979000 rw-p 00076000 08:01 8921175                    /usr/lib/x86_64-linux-gnu/libFLAC.so.8.3.0
7f5a5b979000-7f5a5b97e000 r-xp 00000000 08:01 8921456                    /usr/lib/x86_64-linux-gnu/libasyncns.so.0.3.1
7f5a5b97e000-7f5a5bb7d000 ---p 00005000 08:01 8921456                    /usr/lib/x86_64-linux-gnu/libasyncns.so.0.3.1
7f5a5bb7d000-7f5a5bb7e000 r--p 00004000 08:01 8921456                    /usr/lib/x86_64-linux-gnu/libasyncns.so.0.3.1
7f5a5bb7e000-7f5a5bb7f000 rw-p 00005000 08:01 8921456                    /usr/lib/x86_64-linux-gnu/libasyncns.so.0.3.1
7f5a5bb7f000-7f5a5bbf1000 r-xp 00000000 08:01 8922574                    /usr/lib/x86_64-linux-gnu/libsndfile.so.1.0.27
7f5a5bbf1000-7f5a5bdf1000 ---p 00072000 08:01 8922574                    /usr/lib/x86_64-linux-gnu/libsndfile.so.1.0.27
7f5a5bdf1000-7f5a5bdf3000 r--p 00072000 08:01 8922574                    /usr/lib/x86_64-linux-gnu/libsndfile.so.1.0.27
7f5a5bdf3000-7f5a5bdf4000 rw-p 00074000 08:01 8922574                    /usr/lib/x86_64-linux-gnu/libsndfile.so.1.0.27
7f5a5bdf4000-7f5a5bdf6000 rw-p 00000000 00:00 0 
7f5a5bdf6000-7f5a5bdfe000 r-xp 00000000 08:01 11539068                   /lib/x86_64-linux-gnu/libwrap.so.0.7.6
7f5a5bdfe000-7f5a5bffe000 ---p 00008000 08:01 11539068                   /lib/x86_64-linux-gnu/libwrap.so.0.7.6
7f5a5bffe000-7f5a5bfff000 r--p 00008000 08:01 11539068                   /lib/x86_64-linux-gnu/libwrap.so.0.7.6
7f5a5bfff000-7f5a5c000000 rw-p 00009000 08:01 11539068                   /lib/x86_64-linux-gnu/libwrap.so.0.7.6
7f5a5c000000-7f5a5c021000 rw-p 00000000 00:00 0 
7f5a5c021000-7f5a60000000 ---p 00000000 00:00 0 
7f5a60000000-7f5a60021000 rw-p 00000000 00:00 0 
7f5a60021000-7f5a64000000 ---p 00000000 00:00 0 
7f5a64000000-7f5a64021000 rw-p 00000000 00:00 0 
7f5a64021000-7f5a68000000 ---p 00000000 00:00 0 
7f5a68000000-7f5a68021000 rw-p 00000000 00:00 0 
7f5a68021000-7f5a6c000000 ---p 00000000 00:00 0 
7f5a6c000000-7f5a6c021000 rw-p 00000000 00:00 0 
7f5a6c021000-7f5a70000000 ---p 00000000 00:00 0 
7f5a70000000-7f5a70021000 rw-p 00000000 00:00 0 
7f5a70021000-7f5a74000000 ---p 00000000 00:00 0 
7f5a74000000-7f5a74021000 rw-p 00000000 00:00 0 
7f5a74021000-7f5a78000000 ---p 00000000 00:00 0 
7f5a78000000-7f5a78021000 rw-p 00000000 00:00 0 
7f5a78021000-7f5a7c000000 ---p 00000000 00:00 0 
7f5a7c000000-7f5a7c021000 rw-p 00000000 00:00 0 
7f5a7c021000-7f5a80000000 ---p 00000000 00:00 0 
7f5a80000000-7f5a804a3000 rw-p 00000000 00:00 0 
7f5a804a3000-7f5a84000000 ---p 00000000 00:00 0 
7f5a84000000-7f5a84021000 rw-p 00000000 00:00 0 
7f5a84021000-7f5a88000000 ---p 00000000 00:00 0 
7f5a88000000-7f5a88021000 rw-p 00000000 00:00 0 
7f5a88021000-7f5a8c000000 ---p 00000000 00:00 0 
7f5a8c000000-7f5a8c021000 rw-p 00000000 00:00 0 
7f5a8c021000-7f5a90000000 ---p 00000000 00:00 0 
7f5a90000000-7f5a90021000 rw-p 00000000 00:00 0 
7f5a90021000-7f5a94000000 ---p 00000000 00:00 0 
7f5a94000000-7f5a947b9000 rw-p 00000000 00:00 0 
7f5a947b9000-7f5a98000000 ---p 00000000 00:00 0 
7f5a98000000-7f5a982e9000 rw-p 00000000 00:00 0 
7f5a982e9000-7f5a9c000000 ---p 00000000 00:00 0 
7f5a9c000000-7f5a9c021000 rw-p 00000000 00:00 0 
7f5a9c021000-7f5aa0000000 ---p 00000000 00:00 0 
7f5aa0000000-7f5aa033b000 rw-p 00000000 00:00 0 
7f5aa033b000-7f5aa4000000 ---p 00000000 00:00 0 
7f5aa4000000-7f5aa4021000 rw-p 00000000 00:00 0 
7f5aa4021000-7f5aa8000000 ---p 00000000 00:00 0 
7f5aa8000000-7f5aa8021000 rw-p 00000000 00:00 0 
7f5aa8021000-7f5aac000000 ---p 00000000 00:00 0 
7f5aac000000-7f5aac021000 rw-p 00000000 00:00 0 
7f5aac021000-7f5ab0000000 ---p 00000000 00:00 0 
7f5ab0000000-7f5ab0021000 rw-p 00000000 00:00 0 
7f5ab0021000-7f5ab4000000 ---p 00000000 00:00 0 
7f5ab4000000-7f5ab4021000 rw-p 00000000 00:00 0 
7f5ab4021000-7f5ab8000000 ---p 00000000 00:00 0 
7f5ab8175000-7f5ab81f2000 r-xp 00000000 08:01 9309769                    /usr/lib/x86_64-linux-gnu/pulseaudio/libpulsecommon-10.0.so
7f5ab81f2000-7f5ab83f1000 ---p 0007d000 08:01 9309769                    /usr/lib/x86_64-linux-gnu/pulseaudio/libpulsecommon-10.0.so
7f5ab83f1000-7f5ab83f3000 r--p 0007c000 08:01 9309769                    /usr/lib/x86_64-linux-gnu/pulseaudio/libpulsecommon-10.0.so
7f5ab83f3000-7f5ab83f4000 rw-p 0007e000 08:01 9309769                    /usr/lib/x86_64-linux-gnu/pulseaudio/libpulsecommon-10.0.so
7f5ab83f4000-7f5ab8441000 r-xp 00000000 08:01 8922451                    /usr/lib/x86_64-linux-gnu/libpulse.so.0.20.1
7f5ab8441000-7f5ab8641000 ---p 0004d000 08:01 8922451                    /usr/lib/x86_64-linux-gnu/libpulse.so.0.20.1
7f5ab8641000-7f5ab8643000 r--p 0004d000 08:01 8922451                    /usr/lib/x86_64-linux-gnu/libpulse.so.0.20.1
7f5ab8643000-7f5ab8644000 rw-p 0004f000 08:01 8922451                    /usr/lib/x86_64-linux-gnu/libpulse.so.0.20.1
7f5ab8644000-7f5ab8647000 ---p 00000000 00:00 0 
7f5ab8647000-7f5ab8745000 rw-p 00000000 00:00 0 
7f5ab8745000-7f5ab8748000 ---p 00000000 00:00 0 
7f5ab8748000-7f5ab8846000 rw-p 00000000 00:00 0 
7f5ab8846000-7f5ab8946000 r-xp 00000000 08:01 8921450                    /usr/lib/x86_64-linux-gnu/libasound.so.2.0.0
7f5ab8946000-7f5ab8b46000 ---p 00100000 08:01 8921450                    /usr/lib/x86_64-linux-gnu/libasound.so.2.0.0
7f5ab8b46000-7f5ab8b4d000 r--p 00100000 08:01 8921450                    /usr/lib/x86_64-linux-gnu/libasound.so.2.0.0
7f5ab8b4d000-7f5ab8b4e000 rw-p 00107000 08:01 8921450                    /usr/lib/x86_64-linux-gnu/libasound.so.2.0.0
7f5ab8b4e000-7f5ab8b5d000 r-xp 00000000 08:01 9833150                    /usr/lib/jvm/java-8-openjdk-amd64/jre/lib/amd64/libjsoundalsa.so
7f5ab8b5d000-7f5ab8d5c000 ---p 0000f000 08:01 9833150                    /usr/lib/jvm/java-8-openjdk-amd64/jre/lib/amd64/libjsoundalsa.so
7f5ab8d5c000-7f5ab8d5d000 r--p 0000e000 08:01 9833150                    /usr/lib/jvm/java-8-openjdk-amd64/jre/lib/amd64/libjsoundalsa.so
7f5ab8d5d000-7f5ab8d5e000 rw-p 0000f000 08:01 9833150                    /usr/lib/jvm/java-8-openjdk-amd64/jre/lib/amd64/libjsoundalsa.so
7f5ab8d5e000-7f5ab8d5f000 r-xp 00000000 08:01 9833136                    /usr/lib/jvm/java-8-openjdk-amd64/jre/lib/amd64/libjsound.so
7f5ab8d5f000-7f5ab8f5e000 ---p 00001000 08:01 9833136                    /usr/lib/jvm/java-8-openjdk-amd64/jre/lib/amd64/libjsound.so
7f5ab8f5e000-7f5ab8f5f000 r--p 00000000 08:01 9833136                    /usr/lib/jvm/java-8-openjdk-amd64/jre/lib/amd64/libjsound.so
7f5ab8f5f000-7f5ab8f60000 rw-p 00001000 08:01 9833136                    /usr/lib/jvm/java-8-openjdk-amd64/jre/lib/amd64/libjsound.so
7f5ab8f60000-7f5ab8f63000 ---p 00000000 00:00 0 
7f5ab8f63000-7f5ab9061000 rw-p 00000000 00:00 0 
7f5ab9061000-7f5ab9072000 r-xp 00000000 08:01 9833140                    /usr/lib/jvm/java-8-openjdk-amd64/jre/lib/amd64/libnio.so
7f5ab9072000-7f5ab9272000 ---p 00011000 08:01 9833140                    /usr/lib/jvm/java-8-openjdk-amd64/jre/lib/amd64/libnio.so
7f5ab9272000-7f5ab9273000 r--p 00011000 08:01 9833140                    /usr/lib/jvm/java-8-openjdk-amd64/jre/lib/amd64/libnio.so
7f5ab9273000-7f5ab9274000 rw-p 00012000 08:01 9833140                    /usr/lib/jvm/java-8-openjdk-amd64/jre/lib/amd64/libnio.so
7f5ab9274000-7f5ab9474000 rw-p 00000000 00:00 0 
7f5ab9474000-7f5ab9477000 ---p 00000000 00:00 0 
7f5ab9477000-7f5ab9c75000 rw-p 00000000 00:00 0 
7f5ab9c75000-7f5ab9c88000 r-xp 00000000 08:01 11538933                   /lib/x86_64-linux-gnu/libgpg-error.so.0.21.0
7f5ab9c88000-7f5ab9e87000 ---p 00013000 08:01 11538933                   /lib/x86_64-linux-gnu/libgpg-error.so.0.21.0
7f5ab9e87000-7f5ab9e88000 r--p 00012000 08:01 11538933                   /lib/x86_64-linux-gnu/libgpg-error.so.0.21.0
7f5ab9e88000-7f5ab9e89000 rw-p 00013000 08:01 11538933                   /lib/x86_64-linux-gnu/libgpg-error.so.0.21.0
7f5ab9e89000-7f5ab9f90000 r-xp 00000000 08:01 11538929                   /lib/x86_64-linux-gnu/libgcrypt.so.20.1.6
7f5ab9f90000-7f5aba18f000 ---p 00107000 08:01 11538929                   /lib/x86_64-linux-gnu/libgcrypt.so.20.1.6
7f5aba18f000-7f5aba191000 r--p 00106000 08:01 11538929                   /lib/x86_64-linux-gnu/libgcrypt.so.20.1.6
7f5aba191000-7f5aba198000 rw-p 00108000 08:01 11538929                   /lib/x86_64-linux-gnu/libgcrypt.so.20.1.6
7f5aba198000-7f5aba1af000 r-xp 00000000 08:01 8922213                    /usr/lib/x86_64-linux-gnu/liblz4.so.1.7.1
7f5aba1af000-7f5aba3ae000 ---p 00017000 08:01 8922213                    /usr/lib/x86_64-linux-gnu/liblz4.so.1.7.1
7f5aba3ae000-7f5aba3af000 r--p 00016000 08:01 8922213                    /usr/lib/x86_64-linux-gnu/liblz4.so.1.7.1
7f5aba3af000-7f5aba3b0000 rw-p 00017000 08:01 8922213                    /usr/lib/x86_64-linux-gnu/liblz4.so.1.7.1
7f5aba3b0000-7f5ac0000000 rw-p 00000000 00:00 0 
7f5ac0000000-7f5ac0021000 rw-p 00000000 00:00 0 
7f5ac0021000-7f5ac4000000 ---p 00000000 00:00 0 
7f5ac4000000-7f5ac4021000 rw-p 00000000 00:00 0 
7f5ac4021000-7f5ac8000000 ---p 00000000 00:00 0 
7f5ac8000000-7f5ac8021000 rw-p 00000000 00:00 0 
7f5ac8021000-7f5acc000000 ---p 00000000 00:00 0 
7f5acc0e5000-7f5acc0e8000 ---p 00000000 00:00 0 
7f5acc0e8000-7f5acc1e6000 rw-p 00000000 00:00 0 
7f5acc1e6000-7f5acc20a000 r-xp 00000000 08:01 11538952                   /lib/x86_64-linux-gnu/liblzma.so.5.2.2
7f5acc20a000-7f5acc40a000 ---p 00024000 08:01 11538952                   /lib/x86_64-linux-gnu/liblzma.so.5.2.2
7f5acc40a000-7f5acc40b000 r--p 00024000 08:01 11538952                   /lib/x86_64-linux-gnu/liblzma.so.5.2.2
7f5acc40b000-7f5acc40c000 rw-p 00025000 08:01 11538952                   /lib/x86_64-linux-gnu/liblzma.so.5.2.2
7f5acc40c000-7f5acc431000 r-xp 00000000 08:01 11539042                   /lib/x86_64-linux-gnu/libselinux.so.1
7f5acc431000-7f5acc630000 ---p 00025000 08:01 11539042                   /lib/x86_64-linux-gnu/libselinux.so.1
7f5acc630000-7f5acc631000 r--p 00024000 08:01 11539042                   /lib/x86_64-linux-gnu/libselinux.so.1
7f5acc631000-7f5acc632000 rw-p 00025000 08:01 11539042                   /lib/x86_64-linux-gnu/libselinux.so.1
7f5acc632000-7f5acc634000 rw-p 00000000 00:00 0 
7f5acc634000-7f5acc6a6000 r-xp 00000000 08:01 11539015                   /lib/x86_64-linux-gnu/libpcre.so.3.13.3
7f5acc6a6000-7f5acc8a5000 ---p 00072000 08:01 11539015                   /lib/x86_64-linux-gnu/libpcre.so.3.13.3
7f5acc8a5000-7f5acc8a6000 r--p 00071000 08:01 11539015                   /lib/x86_64-linux-gnu/libpcre.so.3.13.3
7f5acc8a6000-7f5acc8a7000 rw-p 00072000 08:01 11539015                   /lib/x86_64-linux-gnu/libpcre.so.3.13.3
7f5acc8a7000-7f5acc8ae000 r-xp 00000000 08:01 8921757                    /usr/lib/x86_64-linux-gnu/libffi.so.6.0.4
7f5acc8ae000-7f5accaad000 ---p 00007000 08:01 8921757                    /usr/lib/x86_64-linux-gnu/libffi.so.6.0.4
7f5accaad000-7f5accaae000 r--p 00006000 08:01 8921757                    /usr/lib/x86_64-linux-gnu/libffi.so.6.0.4
7f5accaae000-7f5accaaf000 rw-p 00007000 08:01 8921757                    /usr/lib/x86_64-linux-gnu/libffi.so.6.0.4
7f5accaaf000-7f5accaf9000 r-xp 00000000 08:01 11538905                   /lib/x86_64-linux-gnu/libdbus-1.so.3.14.7
7f5accaf9000-7f5acccf9000 ---p 0004a000 08:01 11538905                   /lib/x86_64-linux-gnu/libdbus-1.so.3.14.7
7f5acccf9000-7f5acccfa000 r--p 0004a000 08:01 11538905                   /lib/x86_64-linux-gnu/libdbus-1.so.3.14.7
7f5acccfa000-7f5acccfb000 rw-p 0004b000 08:01 11538905                   /lib/x86_64-linux-gnu/libdbus-1.so.3.14.7
7f5acccfb000-7f5accd27000 r-xp 00000000 08:01 8921466                    /usr/lib/x86_64-linux-gnu/libatspi.so.0.0.1
7f5accd27000-7f5accf26000 ---p 0002c000 08:01 8921466                    /usr/lib/x86_64-linux-gnu/libatspi.so.0.0.1
7f5accf26000-7f5accf29000 r--p 0002b000 08:01 8921466                    /usr/lib/x86_64-linux-gnu/libatspi.so.0.0.1
7f5accf29000-7f5accf2a000 rw-p 0002e000 08:01 8921466                    /usr/lib/x86_64-linux-gnu/libatspi.so.0.0.1
7f5accf2a000-7f5acd03b000 r-xp 00000000 08:01 11538931                   /lib/x86_64-linux-gnu/libglib-2.0.so.0.5200.0
7f5acd03b000-7f5acd23b000 ---p 00111000 08:01 11538931                   /lib/x86_64-linux-gnu/libglib-2.0.so.0.5200.0
7f5acd23b000-7f5acd23c000 r--p 00111000 08:01 11538931                   /lib/x86_64-linux-gnu/libglib-2.0.so.0.5200.0
7f5acd23c000-7f5acd23d000 rw-p 00112000 08:01 11538931                   /lib/x86_64-linux-gnu/libglib-2.0.so.0.5200.0
7f5acd23d000-7f5acd23e000 rw-p 00000000 00:00 0 
7f5acd23e000-7f5acd28f000 r-xp 00000000 08:01 8921918                    /usr/lib/x86_64-linux-gnu/libgobject-2.0.so.0.5200.0
7f5acd28f000-7f5acd48f000 ---p 00051000 08:01 8921918                    /usr/lib/x86_64-linux-gnu/libgobject-2.0.so.0.5200.0
7f5acd48f000-7f5acd490000 r--p 00051000 08:01 8921918                    /usr/lib/x86_64-linux-gnu/libgobject-2.0.so.0.5200.0
7f5acd490000-7f5acd491000 rw-p 00052000 08:01 8921918                    /usr/lib/x86_64-linux-gnu/libgobject-2.0.so.0.5200.0
7f5acd491000-7f5acd4be000 r-xp 00000000 08:01 8921460                    /usr/lib/x86_64-linux-gnu/libatk-bridge-2.0.so.0.0.0
7f5acd4be000-7f5acd6bd000 ---p 0002d000 08:01 8921460                    /usr/lib/x86_64-linux-gnu/libatk-bridge-2.0.so.0.0.0
7f5acd6bd000-7f5acd6be000 r--p 0002c000 08:01 8921460                    /usr/lib/x86_64-linux-gnu/libatk-bridge-2.0.so.0.0.0
7f5acd6be000-7f5acd6c0000 rw-p 0002d000 08:01 8921460                    /usr/lib/x86_64-linux-gnu/libatk-bridge-2.0.so.0.0.0
7f5acd6c0000-7f5acd6e2000 r-xp 00000000 08:01 8921458                    /usr/lib/x86_64-linux-gnu/libatk-1.0.so.0.22209.1
7f5acd6e2000-7f5acd8e1000 ---p 00022000 08:01 8921458                    /usr/lib/x86_64-linux-gnu/libatk-1.0.so.0.22209.1
7f5acd8e1000-7f5acd8e4000 r--p 00021000 08:01 8921458                    /usr/lib/x86_64-linux-gnu/libatk-1.0.so.0.22209.1
7f5acd8e4000-7f5acd8e5000 rw-p 00024000 08:01 8921458                    /usr/lib/x86_64-linux-gnu/libatk-1.0.so.0.22209.1
7f5acd8e5000-7f5acd8fb000 r-xp 00000000 08:01 12848974                   /usr/lib/x86_64-linux-gnu/jni/libatk-wrapper.so.6.0.0
7f5acd8fb000-7f5acdafa000 ---p 00016000 08:01 12848974                   /usr/lib/x86_64-linux-gnu/jni/libatk-wrapper.so.6.0.0
7f5acdafa000-7f5acdafb000 r--p 00015000 08:01 12848974                   /usr/lib/x86_64-linux-gnu/jni/libatk-wrapper.so.6.0.0
7f5acdafb000-7f5acdafc000 rw-p 00016000 08:01 12848974                   /usr/lib/x86_64-linux-gnu/jni/libatk-wrapper.so.6.0.0
7f5acdafc000-7f5acdaff000 ---p 00000000 00:00 0 
7f5acdaff000-7f5acdbfd000 rw-p 00000000 00:00 0 
7f5acdbfd000-7f5acdc02000 r-xp 00000000 08:01 8921371                    /usr/lib/x86_64-linux-gnu/libXfixes.so.3.1.0
7f5acdc02000-7f5acde01000 ---p 00005000 08:01 8921371                    /usr/lib/x86_64-linux-gnu/libXfixes.so.3.1.0
7f5acde01000-7f5acde02000 r--p 00004000 08:01 8921371                    /usr/lib/x86_64-linux-gnu/libXfixes.so.3.1.0
7f5acde02000-7f5acde03000 rw-p 00005000 08:01 8921371                    /usr/lib/x86_64-linux-gnu/libXfixes.so.3.1.0
7f5acde03000-7f5acde0c000 r-xp 00000000 08:01 8921363                    /usr/lib/x86_64-linux-gnu/libXcursor.so.1.0.2
7f5acde0c000-7f5ace00b000 ---p 00009000 08:01 8921363                    /usr/lib/x86_64-linux-gnu/libXcursor.so.1.0.2
7f5ace00b000-7f5ace00c000 r--p 00008000 08:01 8921363                    /usr/lib/x86_64-linux-gnu/libXcursor.so.1.0.2
7f5ace00c000-7f5ace00d000 rw-p 00009000 08:01 8921363                    /usr/lib/x86_64-linux-gnu/libXcursor.so.1.0.2
7f5ace00d000-7f5ace03d000 r-xp 00000000 08:01 8922416                    /usr/lib/x86_64-linux-gnu/libpng16.so.16.28.0
7f5ace03d000-7f5ace23d000 ---p 00030000 08:01 8922416                    /usr/lib/x86_64-linux-gnu/libpng16.so.16.28.0
7f5ace23d000-7f5ace23e000 r--p 00030000 08:01 8922416                    /usr/lib/x86_64-linux-gnu/libpng16.so.16.28.0
7f5ace23e000-7f5ace23f000 rw-p 00031000 08:01 8922416                    /usr/lib/x86_64-linux-gnu/libpng16.so.16.28.0
7f5ace23f000-7f5ace2e6000 r-xp 00000000 08:01 8916046                    /usr/lib/x86_64-linux-gnu/libfreetype.so.6.12.3
7f5ace2e6000-7f5ace4e5000 ---p 000a7000 08:01 8916046                    /usr/lib/x86_64-linux-gnu/libfreetype.so.6.12.3
7f5ace4e5000-7f5ace4eb000 r--p 000a6000 08:01 8916046                    /usr/lib/x86_64-linux-gnu/libfreetype.so.6.12.3
7f5ace4eb000-7f5ace4ec000 rw-p 000ac000 08:01 8916046                    /usr/lib/x86_64-linux-gnu/libfreetype.so.6.12.3
7f5ace4ec000-7f5ace53e000 r-xp 00000000 08:01 9833121                    /usr/lib/jvm/java-8-openjdk-amd64/jre/lib/amd64/libfontmanager.so
7f5ace53e000-7f5ace73e000 ---p 00052000 08:01 9833121                    /usr/lib/jvm/java-8-openjdk-amd64/jre/lib/amd64/libfontmanager.so
7f5ace73e000-7f5ace740000 r--p 00052000 08:01 9833121                    /usr/lib/jvm/java-8-openjdk-amd64/jre/lib/amd64/libfontmanager.so
7f5ace740000-7f5ace741000 rw-p 00054000 08:01 9833121                    /usr/lib/jvm/java-8-openjdk-amd64/jre/lib/amd64/libfontmanager.so
7f5ace741000-7f5ace941000 rw-p 00000000 00:00 0 
7f5ace941000-7f5ace946000 r-xp 00000000 08:01 8921367                    /usr/lib/x86_64-linux-gnu/libXdmcp.so.6.0.0
7f5ace946000-7f5aceb45000 ---p 00005000 08:01 8921367                    /usr/lib/x86_64-linux-gnu/libXdmcp.so.6.0.0
7f5aceb45000-7f5aceb46000 r--p 00004000 08:01 8921367                    /usr/lib/x86_64-linux-gnu/libXdmcp.so.6.0.0
7f5aceb46000-7f5aceb47000 rw-p 00005000 08:01 8921367                    /usr/lib/x86_64-linux-gnu/libXdmcp.so.6.0.0
7f5aceb47000-7f5aceb49000 r-xp 00000000 08:01 8921356                    /usr/lib/x86_64-linux-gnu/libXau.so.6.0.0
7f5aceb49000-7f5aced49000 ---p 00002000 08:01 8921356                    /usr/lib/x86_64-linux-gnu/libXau.so.6.0.0
7f5aced49000-7f5aced4a000 r--p 00002000 08:01 8921356                    /usr/lib/x86_64-linux-gnu/libXau.so.6.0.0
7f5aced4a000-7f5aced4b000 rw-p 00003000 08:01 8921356                    /usr/lib/x86_64-linux-gnu/libXau.so.6.0.0
7f5aced4b000-7f5aced6c000 r-xp 00000000 08:01 8922909                    /usr/lib/x86_64-linux-gnu/libxcb.so.1.1.0
7f5aced6c000-7f5acef6b000 ---p 00021000 08:01 8922909                    /usr/lib/x86_64-linux-gnu/libxcb.so.1.1.0
7f5acef6b000-7f5acef6c000 r--p 00020000 08:01 8922909                    /usr/lib/x86_64-linux-gnu/libxcb.so.1.1.0
7f5acef6c000-7f5acef6d000 rw-p 00021000 08:01 8922909                    /usr/lib/x86_64-linux-gnu/libxcb.so.1.1.0
7f5acef6d000-7f5acef7c000 r-xp 00000000 08:01 8921379                    /usr/lib/x86_64-linux-gnu/libXi.so.6.1.0
7f5acef7c000-7f5acf17b000 ---p 0000f000 08:01 8921379                    /usr/lib/x86_64-linux-gnu/libXi.so.6.1.0
7f5acf17b000-7f5acf17c000 r--p 0000e000 08:01 8921379                    /usr/lib/x86_64-linux-gnu/libXi.so.6.1.0
7f5acf17c000-7f5acf17d000 rw-p 0000f000 08:01 8921379                    /usr/lib/x86_64-linux-gnu/libXi.so.6.1.0
7f5acf17d000-7f5acf182000 r-xp 00000000 08:01 8921397                    /usr/lib/x86_64-linux-gnu/libXtst.so.6.1.0
7f5acf182000-7f5acf381000 ---p 00005000 08:01 8921397                    /usr/lib/x86_64-linux-gnu/libXtst.so.6.1.0
7f5acf381000-7f5acf382000 r--p 00004000 08:01 8921397                    /usr/lib/x86_64-linux-gnu/libXtst.so.6.1.0
7f5acf382000-7f5acf383000 rw-p 00005000 08:01 8921397                    /usr/lib/x86_64-linux-gnu/libXtst.so.6.1.0
7f5acf383000-7f5acf38c000 r-xp 00000000 08:01 8921391                    /usr/lib/x86_64-linux-gnu/libXrender.so.1.3.0
7f5acf38c000-7f5acf58b000 ---p 00009000 08:01 8921391                    /usr/lib/x86_64-linux-gnu/libXrender.so.1.3.0
7f5acf58b000-7f5acf58c000 r--p 00008000 08:01 8921391                    /usr/lib/x86_64-linux-gnu/libXrender.so.1.3.0
7f5acf58c000-7f5acf58d000 rw-p 00009000 08:01 8921391                    /usr/lib/x86_64-linux-gnu/libXrender.so.1.3.0
7f5acf58d000-7f5acf6c1000 r-xp 00000000 08:01 8921352                    /usr/lib/x86_64-linux-gnu/libX11.so.6.3.0
7f5acf6c1000-7f5acf8c1000 ---p 00134000 08:01 8921352                    /usr/lib/x86_64-linux-gnu/libX11.so.6.3.0
7f5acf8c1000-7f5acf8c2000 r--p 00134000 08:01 8921352                    /usr/lib/x86_64-linux-gnu/libX11.so.6.3.0
7f5acf8c2000-7f5acf8c6000 rw-p 00135000 08:01 8921352                    /usr/lib/x86_64-linux-gnu/libX11.so.6.3.0
7f5acf8c6000-7f5acf8d7000 r-xp 00000000 08:01 8921369                    /usr/lib/x86_64-linux-gnu/libXext.so.6.4.0
7f5acf8d7000-7f5acfad6000 ---p 00011000 08:01 8921369                    /usr/lib/x86_64-linux-gnu/libXext.so.6.4.0
7f5acfad6000-7f5acfad7000 r--p 00010000 08:01 8921369                    /usr/lib/x86_64-linux-gnu/libXext.so.6.4.0
7f5acfad7000-7f5acfad8000 rw-p 00011000 08:01 8921369                    /usr/lib/x86_64-linux-gnu/libXext.so.6.4.0
7f5acfad8000-7f5acfb2c000 r-xp 00000000 08:01 9833119                    /usr/lib/jvm/java-8-openjdk-amd64/jre/lib/amd64/libawt_xawt.so
7f5acfb2c000-7f5acfd2b000 ---p 00054000 08:01 9833119                    /usr/lib/jvm/java-8-openjdk-amd64/jre/lib/amd64/libawt_xawt.so
7f5acfd2b000-7f5acfd2c000 r--p 00053000 08:01 9833119                    /usr/lib/jvm/java-8-openjdk-amd64/jre/lib/amd64/libawt_xawt.so
7f5acfd2c000-7f5acfd2f000 rw-p 00054000 08:01 9833119                    /usr/lib/jvm/java-8-openjdk-amd64/jre/lib/amd64/libawt_xawt.so
7f5acfd2f000-7f5acfd30000 rw-p 00000000 00:00 0 
7f5acfd30000-7f5acfdd0000 r-xp 00000000 08:01 9833117                    /usr/lib/jvm/java-8-openjdk-amd64/jre/lib/amd64/libawt.so
7f5acfdd0000-7f5acffcf000 ---p 000a0000 08:01 9833117                    /usr/lib/jvm/java-8-openjdk-amd64/jre/lib/amd64/libawt.so
7f5acffcf000-7f5acffd0000 r--p 0009f000 08:01 9833117                    /usr/lib/jvm/java-8-openjdk-amd64/jre/lib/amd64/libawt.so
7f5acffd0000-7f5acffdb000 rw-p 000a0000 08:01 9833117                    /usr/lib/jvm/java-8-openjdk-amd64/jre/lib/amd64/libawt.so
7f5acffdb000-7f5ad0000000 rw-p 00000000 00:00 0 
7f5ad0000000-7f5ad0021000 rw-p 00000000 00:00 0 
7f5ad0021000-7f5ad4000000 ---p 00000000 00:00 0 
7f5ad4002000-7f5ad4085000 r-xp 00000000 08:01 11534341                   /lib/x86_64-linux-gnu/libsystemd.so.0.17.0
7f5ad4085000-7f5ad4088000 r--p 00082000 08:01 11534341                   /lib/x86_64-linux-gnu/libsystemd.so.0.17.0
7f5ad4088000-7f5ad4089000 rw-p 00085000 08:01 11534341                   /lib/x86_64-linux-gnu/libsystemd.so.0.17.0
7f5ad4089000-7f5ad408a000 rw-p 00000000 00:00 0 
7f5ad40a5000-7f5ad40a8000 ---p 00000000 00:00 0 
7f5ad40a8000-7f5ad40de000 rw-p 00000000 00:00 0 
7f5ad40de000-7f5ad40e1000 ---p 00000000 00:00 0 
7f5ad40e1000-7f5ad41df000 rw-p 00000000 00:00 0 
7f5ad41df000-7f5ad41f2000 r--s 00346000 08:01 9702734                    /usr/lib/jvm/java-8-openjdk-amd64/jre/lib/resources.jar
7f5ad41f2000-7f5ad43f2000 rw-p 00000000 00:00 0 
7f5ad43f2000-7f5ad43f5000 ---p 00000000 00:00 0 
7f5ad43f5000-7f5ad44f3000 rw-p 00000000 00:00 0 
7f5ad44f3000-7f5ad44f6000 ---p 00000000 00:00 0 
7f5ad44f6000-7f5ad45f4000 rw-p 00000000 00:00 0 
7f5ad45f4000-7f5ad45f7000 ---p 00000000 00:00 0 
7f5ad45f7000-7f5ad46f5000 rw-p 00000000 00:00 0 
7f5ad46f5000-7f5ad46f8000 ---p 00000000 00:00 0 
7f5ad46f8000-7f5ad47f6000 rw-p 00000000 00:00 0 
7f5ad47f6000-7f5ad47f9000 ---p 00000000 00:00 0 
7f5ad47f9000-7f5ad48f7000 rw-p 00000000 00:00 0 
7f5ad48f7000-7f5ad48fa000 ---p 00000000 00:00 0 
7f5ad48fa000-7f5ad49f8000 rw-p 00000000 00:00 0 
7f5ad49f8000-7f5ad49fb000 ---p 00000000 00:00 0 
7f5ad49fb000-7f5ad4af9000 rw-p 00000000 00:00 0 
7f5ad4af9000-7f5ad4b10000 r-xp 00000000 08:01 9833139                    /usr/lib/jvm/java-8-openjdk-amd64/jre/lib/amd64/libnet.so
7f5ad4b10000-7f5ad4d0f000 ---p 00017000 08:01 9833139                    /usr/lib/jvm/java-8-openjdk-amd64/jre/lib/amd64/libnet.so
7f5ad4d0f000-7f5ad4d10000 r--p 00016000 08:01 9833139                    /usr/lib/jvm/java-8-openjdk-amd64/jre/lib/amd64/libnet.so
7f5ad4d10000-7f5ad4d11000 rw-p 00017000 08:01 9833139                    /usr/lib/jvm/java-8-openjdk-amd64/jre/lib/amd64/libnet.so
7f5ad4d11000-7f5ad4dc2000 r--s 00d0f000 08:01 9963132                    /home/daniel/Downloads/drjava.jar
7f5ad4dc2000-7f5ad4ddd000 r--s 001d6000 08:01 10507283                   /usr/lib/jvm/java-8-openjdk-amd64/jre/lib/ext/nashorn.jar
7f5ad4ddd000-7f5ad4dde000 ---p 00000000 00:00 0 
7f5ad4dde000-7f5ad4ede000 rw-p 00000000 00:00 0 
7f5ad4ede000-7f5ad4ee1000 ---p 00000000 00:00 0 
7f5ad4ee1000-7f5ad4fdf000 rw-p 00000000 00:00 0 
7f5ad4fdf000-7f5ad4fe2000 ---p 00000000 00:00 0 
7f5ad4fe2000-7f5ad50e0000 rw-p 00000000 00:00 0 
7f5ad50e0000-7f5ad50e3000 ---p 00000000 00:00 0 
7f5ad50e3000-7f5ad51e1000 rw-p 00000000 00:00 0 
7f5ad51e1000-7f5ad51e4000 ---p 00000000 00:00 0 
7f5ad51e4000-7f5ad52e2000 rw-p 00000000 00:00 0 
7f5ad52e2000-7f5ad52e5000 ---p 00000000 00:00 0 
7f5ad52e5000-7f5ad53e3000 rw-p 00000000 00:00 0 
7f5ad53e3000-7f5ad53e6000 ---p 00000000 00:00 0 
7f5ad53e6000-7f5ad54e4000 rw-p 00000000 00:00 0 
7f5ad54e4000-7f5ad54e8000 r-xp 00000000 08:01 9833120                    /usr/lib/jvm/java-8-openjdk-amd64/jre/lib/amd64/libdt_socket.so
7f5ad54e8000-7f5ad56e7000 ---p 00004000 08:01 9833120                    /usr/lib/jvm/java-8-openjdk-amd64/jre/lib/amd64/libdt_socket.so
7f5ad56e7000-7f5ad56e8000 r--p 00003000 08:01 9833120                    /usr/lib/jvm/java-8-openjdk-amd64/jre/lib/amd64/libdt_socket.so
7f5ad56e8000-7f5ad56e9000 rw-p 00004000 08:01 9833120                    /usr/lib/jvm/java-8-openjdk-amd64/jre/lib/amd64/libdt_socket.so
7f5ad56e9000-7f5ad56ec000 ---p 00000000 00:00 0 
7f5ad56ec000-7f5ad57ea000 rw-p 00000000 00:00 0 
7f5ad57ea000-7f5ad57ed000 ---p 00000000 00:00 0 
7f5ad57ed000-7f5ad58eb000 rw-