#
# A fatal error has been detected by the Java Runtime Environment:
#
#  SIGSEGV (0xb) at pc=0x00007effd9c0ab30, pid=8867, tid=0x00007effdb530700
#
# JRE version:  (8.0_131-b11) (build )
# Java VM: OpenJDK 64-Bit Server VM (25.131-b11 mixed mode linux-amd64 compressed oops)
# Problematic frame:
# V  [libjvm.so+0x432b30]  ClassLoaderData::metaspace_non_null()+0x0
#
# Failed to write core dump. Core dumps have been disabled. To enable core dumping, try "ulimit -c unlimited" before starting Java again
#
# If you would like to submit a bug report, please visit:
#   http://bugreport.java.com/bugreport/crash.jsp
#

---------------  T H R E A D  ---------------

Current thread (0x00007effd400c800):  JavaThread "main" [_thread_in_vm, id=8869, stack(0x00007effdb430000,0x00007effdb531000)]

siginfo: si_signo: 11 (SIGSEGV), si_code: 1 (SEGV_MAPERR), si_addr: 0x0000000000000010

Registers:
RAX=0x000000000000003a, RBX=0x00007effda6f34bb, RCX=0x0000000000000001, RDX=0x0000000000000000
RSP=0x00007effdb52e4a8, RBP=0x00007effdb52e4f0, RSI=0x000000000000003a, RDI=0x0000000000000000
R8 =0x00007effd400c800, R9 =0x0000000000000000, R10=0x0000000000000004, R11=0x0000000000000008
R12=0x000000000000003a, R13=0x0000000000000000, R14=0x0000000000000001, R15=0x00007effd400c800
RIP=0x00007effd9c0ab30, EFLAGS=0x0000000000010246, CSGSFS=0x002b000000000033, ERR=0x0000000000000004
  TRAPNO=0x000000000000000e

Top of Stack: (sp=0x00007effdb52e4a8)
0x00007effdb52e4a8:   00007effda0157e5 00000000d19100fc
0x00007effdb52e4b8:   00007effd400c800 00007effdb52e530
0x00007effdb52e4c8:   0000000000000000 00000007c0011098
0x00007effdb52e4d8:   00007effdb3b7060 0000000000000001
0x00007effdb52e4e8:   00007effd400c800 00007effdb52e530
0x00007effdb52e4f8:   00007effda07553d 0000000000000013
0x00007effdb52e508:   00000007c0011098 00007effd400c800
0x00007effdb52e518:   00007effdb3b7060 00007effd405fb80
0x00007effdb52e528:   0000000000000001 00007effdb52e5c0
0x00007effdb52e538:   00007effda07567b 00007effd405fba0
0x00007effdb52e548:   00000007c0000ea8 00007eff00000001
0x00007effdb52e558:   0000000000000000 00007effd400b4d0
0x00007effdb52e568:   00007effd405c200 00007effd405fb80
0x00007effdb52e578:   00007effd40641e8 00000000000083b0
0x00007effdb52e588:   a2bdbbd510216a00 00000007c00206c0
0x00007effdb52e598:   00000007c0011098 0000000000000000
0x00007effdb52e5a8:   0000000000000001 0000000000000000
0x00007effdb52e5b8:   00007effd400c800 00007effdb52e650
0x00007effdb52e5c8:   00007effda075a56 00007effd4009780
0x00007effdb52e5d8:   00007effd4009580 00007effdb52e630
0x00007effdb52e5e8:   00007effda053fb2 00007effd400b4d0
0x00007effdb52e5f8:   00007effd405c200 00007effd405fb80
0x00007effdb52e608:   00007effd40641e8 00000000000083b0
0x00007effdb52e618:   a2bdbbd510216a00 00007effd400c800
0x00007effdb52e628:   00000007c0011098 00007effda6f3949
0x00007effdb52e638:   0000000000000001 00007effd400c800
0x00007effdb52e648:   ffffffffffffffff 00007effdb52e6d0
0x00007effdb52e658:   00007effd9df371b 00007effdb52e680
0x00007effdb52e668:   00007effda013d3d 0000000000000028
0x00007effdb52e678:   00007effd4029050 00007effdb52e6d0
0x00007effdb52e688:   00007effda015449 00007effda6ec600
0x00007effdb52e698:   a2bdbbd510216a00 00007effdb52e6c0 

Instructions: (pc=0x00007effd9c0ab30)
0x00007effd9c0ab10:   48 8d 0d 0d 98 67 00 eb 90 0f 1f 80 00 00 00 00
0x00007effd9c0ab20:   48 8d 0d fd 97 67 00 e9 30 ff ff ff 0f 1f 40 00
0x00007effd9c0ab30:   48 8b 47 10 48 85 c0 74 07 c3 66 0f 1f 44 00 00
0x00007effd9c0ab40:   55 48 89 e5 41 55 41 54 53 48 89 fb 48 83 ec 18 

Register to memory mapping:

RAX=0x000000000000003a is an unknown value
RBX=0x00007effda6f34bb: <offset 0xf1b4bb> in /usr/lib/jvm/java-8-openjdk-amd64/jre/lib/amd64/server/libjvm.so at 0x00007effd97d8000
RCX=0x0000000000000001 is an unknown value
RDX=0x0000000000000000 is an unknown value
RSP=0x00007effdb52e4a8 is pointing into the stack for thread: 0x00007effd400c800
RBP=0x00007effdb52e4f0 is pointing into the stack for thread: 0x00007effd400c800
RSI=0x000000000000003a is an unknown value
RDI=0x0000000000000000 is an unknown value
R8 =0x00007effd400c800 is a thread
R9 =0x0000000000000000 is an unknown value
R10=0x0000000000000004 is an unknown value
R11=0x0000000000000008 is an unknown value
R12=0x000000000000003a is an unknown value
R13=0x0000000000000000 is an unknown value
R14=0x0000000000000001 is an unknown value
R15=0x00007effd400c800 is a thread


Stack: [0x00007effdb430000,0x00007effdb531000],  sp=0x00007effdb52e4a8,  free space=1017k
Native frames: (J=compiled Java code, j=interpreted, Vv=VM code, C=native code)
V  [libjvm.so+0x432b30]  ClassLoaderData::metaspace_non_null()+0x0
V  [libjvm.so+0x89d53d]  ObjArrayKlass::allocate(ClassLoaderData*, int, KlassHandle, Symbol*, Thread*)+0x3d
V  [libjvm.so+0x89d67b]  ObjArrayKlass::allocate_objArray_klass(ClassLoaderData*, int, KlassHandle, Thread*)+0xbb
V  [libjvm.so+0x89da56]  ObjArrayKlass::array_klass_impl(bool, int, Thread*)+0x166
V  [libjvm.so+0x61b71b]  InstanceKlass::array_klass_impl(instanceKlassHandle, bool, int, Thread*)+0x4b
V  [libjvm.so+0x61b953]  InstanceKlass::allocate_objArray(int, int, Thread*)+0xd3
V  [libjvm.so+0x4b59cc]  ConstantPool::initialize_resolved_references(ClassLoaderData*, intStack, int, Thread*)+0x1ec
V  [libjvm.so+0x955b96]  Rewriter::Rewriter(instanceKlassHandle, constantPoolHandle, Array<Method*>*, Thread*)+0x306
V  [libjvm.so+0x95643f]  Rewriter::rewrite(instanceKlassHandle, Thread*)+0xdf
V  [libjvm.so+0x61a6b2]  InstanceKlass::rewrite_class(Thread*)+0x22
V  [libjvm.so+0x61af43]  InstanceKlass::link_class_impl(instanceKlassHandle, bool, Thread*)+0x503
V  [libjvm.so+0x62046f]  InstanceKlass::initialize_impl(instanceKlassHandle, Thread*)+0x24f
V  [libjvm.so+0x620a30]  InstanceKlass::initialize(Thread*)+0x60
V  [libjvm.so+0x789ad0]  LinkResolver::resolve_static_call(CallInfo&, KlassHandle&, Symbol*, Symbol*, KlassHandle, bool, bool, Thread*)+0x240
V  [libjvm.so+0x78dcd1]  LinkResolver::resolve_invokestatic(CallInfo&, constantPoolHandle, int, Thread*)+0x421
V  [libjvm.so+0x790a08]  LinkResolver::resolve_invoke(CallInfo&, Handle, constantPoolHandle, int, Bytecodes::Code, Thread*)+0x398
V  [libjvm.so+0x6576d1]  InterpreterRuntime::resolve_invoke(JavaThread*, Bytecodes::Code)+0x2e1
j  java.lang.String.<init>([C)V+8
j  sun.nio.cs.FastCharsetProvider.toLower(Ljava/lang/String;)Ljava/lang/String;+118
j  sun.nio.cs.FastCharsetProvider.lookup(Ljava/lang/String;)Ljava/nio/charset/Charset;+2
j  sun.nio.cs.FastCharsetProvider.charsetForName(Ljava/lang/String;)Ljava/nio/charset/Charset;+10
j  java.nio.charset.Charset.lookup2(Ljava/lang/String;)Ljava/nio/charset/Charset;+39
j  java.nio.charset.Charset.lookup(Ljava/lang/String;)Ljava/nio/charset/Charset;+40
j  java.nio.charset.Charset.isSupported(Ljava/lang/String;)Z+1
v  ~StubRoutines::call_stub
V  [libjvm.so+0x664813]  JavaCalls::call_helper(JavaValue*, methodHandle*, JavaCallArguments*, Thread*)+0xf53
V  [libjvm.so+0x6850b7]  jni_invoke_static(JNIEnv_*, JavaValue*, _jobject*, JNICallType, _jmethodID*, JNI_ArgumentPusher*, Thread*) [clone .isra.82] [clone .constprop.89]+0x357
V  [libjvm.so+0x68580c]  jni_CallStaticBooleanMethodV+0xfc
C  [libjava.so+0x1bef3]  JNU_CallStaticMethodByName+0x1e3
C  [libjava.so+0x1c91c]  JNU_NewStringPlatform+0xec
C  [libjava.so+0x14ff7]  Java_java_lang_System_initProperties+0x1467
j  java.lang.System.initProperties(Ljava/util/Properties;)Ljava/util/Properties;+0
j  java.lang.System.initializeSystemClass()V+13
v  ~StubRoutines::call_stub
V  [libjvm.so+0x664813]  JavaCalls::call_helper(JavaValue*, methodHandle*, JavaCallArguments*, Thread*)+0xf53
V  [libjvm.so+0x66302f]  JavaCalls::call_static(JavaValue*, KlassHandle, Symbol*, Symbol*, JavaCallArguments*, Thread*)+0x24f
V  [libjvm.so+0x663608]  JavaCalls::call_static(JavaValue*, KlassHandle, Symbol*, Symbol*, Thread*)+0x48
V  [libjvm.so+0xa15d27]  Threads::create_vm(JavaVMInitArgs*, bool*)+0x8a7
V  [libjvm.so+0x689fd1]  JNI_CreateJavaVM+0x61
C  [libjli.so+0x2f06]
C  [libjli.so+0x748d]
C  [libpthread.so.0+0x76da]  start_thread+0xca

Java frames: (J=compiled Java code, j=interpreted, Vv=VM code)
j  java.lang.String.<init>([C)V+8
j  sun.nio.cs.FastCharsetProvider.toLower(Ljava/lang/String;)Ljava/lang/String;+118
j  sun.nio.cs.FastCharsetProvider.lookup(Ljava/lang/String;)Ljava/nio/charset/Charset;+2
j  sun.nio.cs.FastCharsetProvider.charsetForName(Ljava/lang/String;)Ljava/nio/charset/Charset;+10
j  java.nio.charset.Charset.lookup2(Ljava/lang/String;)Ljava/nio/charset/Charset;+39
j  java.nio.charset.Charset.lookup(Ljava/lang/String;)Ljava/nio/charset/Charset;+40
j  java.nio.charset.Charset.isSupported(Ljava/lang/String;)Z+1
v  ~StubRoutines::call_stub
j  java.lang.System.initProperties(Ljava/util/Properties;)Ljava/util/Properties;+0
j  java.lang.System.initializeSystemClass()V+13
v  ~StubRoutines::call_stub

---------------  P R O C E S S  ---------------

Java Threads: ( => current thread )
  0x00007effd4086000 JavaThread "Finalizer" daemon [_thread_new, id=8878, stack(0x0000000000000000,0x0000000000000000)]
  0x00007effd4081800 JavaThread "Reference Handler" daemon [_thread_blocked, id=8877, stack(0x00007effc0d18000,0x00007effc0e19000)]
=>0x00007effd400c800 JavaThread "main" [_thread_in_vm, id=8869, stack(0x00007effdb430000,0x00007effdb531000)]

Other Threads:
  0x00007effd407a000 VMThread [stack: 0x00007effc0e19000,0x00007effc0f1a000] [id=8876]

VM state:not at safepoint (normal execution)

VM Mutex/Monitor currently owned by a thread:  ([mutex/lock_event])
[0x00007effd4009580] MultiArray_lock - owner thread: 0x00007effd400c800
[0x00007effd4009780] Compile_lock - owner thread: 0x00007effd400c800

Heap:
 PSYoungGen      total 55808K, used 962K [0x0000000782780000, 0x0000000786580000, 0x00000007c0000000)
  eden space 48128K, 2% used [0x0000000782780000,0x0000000782870a48,0x0000000785680000)
  from space 7680K, 0% used [0x0000000785e00000,0x0000000785e00000,0x0000000786580000)
  to   space 7680K, 0% used [0x0000000785680000,0x0000000785680000,0x0000000785e00000)
 ParOldGen       total 126976K, used 0K [0x0000000707600000, 0x000000070f200000, 0x0000000782780000)
  object space 126976K, 0% used [0x0000000707600000,0x0000000707600000,0x000000070f200000)
 Metaspace       used 1292K, capacity 4480K, committed 4480K, reserved 1056768K
  class space    used 130K, capacity 384K, committed 384K, reserved 1048576K

Card table byte_map: [0x00007effc368c000,0x00007effc3c52000] byte_map_base: 0x00007effbfe51000

Marking Bits: (ParMarkBitMap*) 0x00007effda6fd260
 Begin Bits: [0x00007effaa3b0000, 0x00007effad1d8000)
 End Bits:   [0x00007effad1d8000, 0x00007effb0000000)

Polling page: 0x00007effdb54f000

CodeCache: size=245760Kb used=403Kb max_used=403Kb free=245356Kb
 bounds [0x00007effc4012000, 0x00007effc4282000, 0x00007effd3012000]
 total_blobs=103 nmethods=0 adapters=80
 compilation: enabled


[error occurred during error reporting (printing ring buffers), id 0xb]

Dynamic libraries:
707600000-70f200000 rw-p 00000000 00:00 0 
70f200000-782780000 ---p 00000000 00:00 0 
782780000-786580000 rw-p 00000000 00:00 0 
786580000-7c0000000 ---p 00000000 00:00 0 
7c0000000-7c0060000 rw-p 00000000 00:00 0 
7c0060000-800000000 ---p 00000000 00:00 0 
55c3d1215000-55c3d1216000 r-xp 00000000 08:01 9578586                    /usr/lib/jvm/java-8-openjdk-amd64/jre/bin/java
55c3d1415000-55c3d1416000 r--p 00000000 08:01 9578586                    /usr/lib/jvm/java-8-openjdk-amd64/jre/bin/java
55c3d1416000-55c3d1417000 rw-p 00001000 08:01 9578586                    /usr/lib/jvm/java-8-openjdk-amd64/jre/bin/java
55c3d3160000-55c3d3181000 rw-p 00000000 00:00 0                          [heap]
7eff9c000000-7eff9c021000 rw-p 00000000 00:00 0 
7eff9c021000-7effa0000000 ---p 00000000 00:00 0 
7effa0000000-7effa0021000 rw-p 00000000 00:00 0 
7effa0021000-7effa4000000 ---p 00000000 00:00 0 
7effa4000000-7effa4021000 rw-p 00000000 00:00 0 
7effa4021000-7effa8000000 ---p 00000000 00:00 0 
7effaa3b0000-7effb0000000 rw-p 00000000 00:00 0 
7effb0000000-7effb0021000 rw-p 00000000 00:00 0 
7effb0021000-7effb4000000 ---p 00000000 00:00 0 
7effb4000000-7effb4021000 rw-p 00000000 00:00 0 
7effb4021000-7effb8000000 ---p 00000000 00:00 0 
7effb8000000-7effb8021000 rw-p 00000000 00:00 0 
7effb8021000-7effbc000000 ---p 00000000 00:00 0 
7effbc000000-7effbc021000 rw-p 00000000 00:00 0 
7effbc021000-7effc0000000 ---p 00000000 00:00 0 
7effc09a9000-7effc0c17000 rw-p 00000000 00:00 0 
7effc0c17000-7effc0c1a000 ---p 00000000 00:00 0 
7effc0c1a000-7effc0d18000 rw-p 00000000 00:00 0 
7effc0d18000-7effc0d1b000 ---p 00000000 00:00 0 
7effc0d1b000-7effc0e19000 rw-p 00000000 00:00 0 
7effc0e19000-7effc0e1a000 ---p 00000000 00:00 0 
7effc0e1a000-7effc1f1b000 rw-p 00000000 00:00 0 
7effc1f1b000-7effc20ea000 r--s 03c07000 08:01 9702735                    /usr/lib/jvm/java-8-openjdk-amd64/jre/lib/rt.jar
7effc20ea000-7effc24ea000 rw-p 00000000 00:00 0 
7effc24ea000-7effc28ea000 ---p 00000000 00:00 0 
7effc28ea000-7effc2eaf000 rw-p 00000000 00:00 0 
7effc2eaf000-7effc2eb0000 ---p 00000000 00:00 0 
7effc2eb0000-7effc2fb0000 rw-p 00000000 00:00 0 
7effc2fb0000-7effc2fb1000 ---p 00000000 00:00 0 
7effc2fb1000-7effc30b1000 rw-p 00000000 00:00 0 
7effc30b1000-7effc30b2000 ---p 00000000 00:00 0 
7effc30b2000-7effc31b2000 rw-p 00000000 00:00 0 
7effc31b2000-7effc31b3000 ---p 00000000 00:00 0 
7effc31b3000-7effc32f1000 rw-p 00000000 00:00 0 
7effc32f1000-7effc368c000 ---p 00000000 00:00 0 
7effc368c000-7effc36ca000 rw-p 00000000 00:00 0 
7effc36ca000-7effc3a64000 ---p 00000000 00:00 0 
7effc3a64000-7effc3a84000 rw-p 00000000 00:00 0 
7effc3a84000-7effc3c51000 ---p 00000000 00:00 0 
7effc3c51000-7effc3c5c000 rw-p 00000000 00:00 0 
7effc3c5c000-7effc4012000 ---p 00000000 00:00 0 
7effc4012000-7effc4282000 rwxp 00000000 00:00 0 
7effc4282000-7effd3012000 ---p 00000000 00:00 0 
7effd3012000-7effd301a000 r-xp 00000000 08:01 9833147                    /usr/lib/jvm/java-8-openjdk-amd64/jre/lib/amd64/libzip.so
7effd301a000-7effd3219000 ---p 00008000 08:01 9833147                    /usr/lib/jvm/java-8-openjdk-amd64/jre/lib/amd64/libzip.so
7effd3219000-7effd321a000 r--p 00007000 08:01 9833147                    /usr/lib/jvm/java-8-openjdk-amd64/jre/lib/amd64/libzip.so
7effd321a000-7effd321b000 rw-p 00008000 08:01 9833147                    /usr/lib/jvm/java-8-openjdk-amd64/jre/lib/amd64/libzip.so
7effd321b000-7effd3226000 r-xp 00000000 08:01 11538984                   /lib/x86_64-linux-gnu/libnss_files-2.24.so
7effd3226000-7effd3425000 ---p 0000b000 08:01 11538984                   /lib/x86_64-linux-gnu/libnss_files-2.24.so
7effd3425000-7effd3426000 r--p 0000a000 08:01 11538984                   /lib/x86_64-linux-gnu/libnss_files-2.24.so
7effd3426000-7effd3427000 rw-p 0000b000 08:01 11538984                   /lib/x86_64-linux-gnu/libnss_files-2.24.so
7effd3427000-7effd342d000 rw-p 00000000 00:00 0 
7effd342d000-7effd3438000 r-xp 00000000 08:01 11538994                   /lib/x86_64-linux-gnu/libnss_nis-2.24.so
7effd3438000-7effd3637000 ---p 0000b000 08:01 11538994                   /lib/x86_64-linux-gnu/libnss_nis-2.24.so
7effd3637000-7effd3638000 r--p 0000a000 08:01 11538994                   /lib/x86_64-linux-gnu/libnss_nis-2.24.so
7effd3638000-7effd3639000 rw-p 0000b000 08:01 11538994                   /lib/x86_64-linux-gnu/libnss_nis-2.24.so
7effd3639000-7effd4000000 r--p 00000000 08:01 8920040                    /usr/lib/locale/locale-archive
7effd4000000-7effd40b0000 rw-p 00000000 00:00 0 
7effd40b0000-7effd8000000 ---p 00000000 00:00 0 
7effd8010000-7effd8086000 rw-p 00000000 00:00 0 
7effd8086000-7effd809c000 r-xp 00000000 08:01 11538978                   /lib/x86_64-linux-gnu/libnsl-2.24.so
7effd809c000-7effd829b000 ---p 00016000 08:01 11538978                   /lib/x86_64-linux-gnu/libnsl-2.24.so
7effd829b000-7effd829c000 r--p 00015000 08:01 11538978                   /lib/x86_64-linux-gnu/libnsl-2.24.so
7effd829c000-7effd829d000 rw-p 00016000 08:01 11538978                   /lib/x86_64-linux-gnu/libnsl-2.24.so
7effd829d000-7effd829f000 rw-p 00000000 00:00 0 
7effd829f000-7effd82a7000 r-xp 00000000 08:01 11538980                   /lib/x86_64-linux-gnu/libnss_compat-2.24.so
7effd82a7000-7effd84a6000 ---p 00008000 08:01 11538980                   /lib/x86_64-linux-gnu/libnss_compat-2.24.so
7effd84a6000-7effd84a7000 r--p 00007000 08:01 11538980                   /lib/x86_64-linux-gnu/libnss_compat-2.24.so
7effd84a7000-7effd84a8000 rw-p 00008000 08:01 11538980                   /lib/x86_64-linux-gnu/libnss_compat-2.24.so
7effd84a8000-7effd84aa000 r-xp 00000000 08:01 9833141                    /usr/lib/jvm/java-8-openjdk-amd64/jre/lib/amd64/libnpt.so
7effd84aa000-7effd86aa000 ---p 00002000 08:01 9833141                    /usr/lib/jvm/java-8-openjdk-amd64/jre/lib/amd64/libnpt.so
7effd86aa000-7effd86ab000 r--p 00002000 08:01 9833141                    /usr/lib/jvm/java-8-openjdk-amd64/jre/lib/amd64/libnpt.so
7effd86ab000-7effd86ac000 rw-p 00003000 08:01 9833141                    /usr/lib/jvm/java-8-openjdk-amd64/jre/lib/amd64/libnpt.so
7effd86ac000-7effd86e7000 r-xp 00000000 08:01 9833133                    /usr/lib/jvm/java-8-openjdk-amd64/jre/lib/amd64/libjdwp.so
7effd86e7000-7effd88e6000 ---p 0003b000 08:01 9833133                    /usr/lib/jvm/java-8-openjdk-amd64/jre/lib/amd64/libjdwp.so
7effd88e6000-7effd88e7000 r--p 0003a000 08:01 9833133                    /usr/lib/jvm/java-8-openjdk-amd64/jre/lib/amd64/libjdwp.so
7effd88e7000-7effd88e8000 rw-p 0003b000 08:01 9833133                    /usr/lib/jvm/java-8-openjdk-amd64/jre/lib/amd64/libjdwp.so
7effd88e8000-7effd8915000 r-xp 00000000 08:01 9833128                    /usr/lib/jvm/java-8-openjdk-amd64/jre/lib/amd64/libjava.so
7effd8915000-7effd8b14000 ---p 0002d000 08:01 9833128                    /usr/lib/jvm/java-8-openjdk-amd64/jre/lib/amd64/libjava.so
7effd8b14000-7effd8b15000 r--p 0002c000 08:01 9833128                    /usr/lib/jvm/java-8-openjdk-amd64/jre/lib/amd64/libjava.so
7effd8b15000-7effd8b17000 rw-p 0002d000 08:01 9833128                    /usr/lib/jvm/java-8-openjdk-amd64/jre/lib/amd64/libjava.so
7effd8b17000-7effd8b26000 r-xp 00000000 08:01 9833146                    /usr/lib/jvm/java-8-openjdk-amd64/jre/lib/amd64/libverify.so
7effd8b26000-7effd8d25000 ---p 0000f000 08:01 9833146                    /usr/lib/jvm/java-8-openjdk-amd64/jre/lib/amd64/libverify.so
7effd8d25000-7effd8d27000 r--p 0000e000 08:01 9833146                    /usr/lib/jvm/java-8-openjdk-amd64/jre/lib/amd64/libverify.so
7effd8d27000-7effd8d28000 rw-p 00010000 08:01 9833146                    /usr/lib/jvm/java-8-openjdk-amd64/jre/lib/amd64/libverify.so
7effd8d28000-7effd8d2f000 r-xp 00000000 08:01 11539038                   /lib/x86_64-linux-gnu/librt-2.24.so
7effd8d2f000-7effd8f2e000 ---p 00007000 08:01 11539038                   /lib/x86_64-linux-gnu/librt-2.24.so
7effd8f2e000-7effd8f2f000 r--p 00006000 08:01 11539038                   /lib/x86_64-linux-gnu/librt-2.24.so
7effd8f2f000-7effd8f30000 rw-p 00007000 08:01 11539038                   /lib/x86_64-linux-gnu/librt-2.24.so
7effd8f30000-7effd8f46000 r-xp 00000000 08:01 11538927                   /lib/x86_64-linux-gnu/libgcc_s.so.1
7effd8f46000-7effd9145000 ---p 00016000 08:01 11538927                   /lib/x86_64-linux-gnu/libgcc_s.so.1
7effd9145000-7effd9146000 r--p 00015000 08:01 11538927                   /lib/x86_64-linux-gnu/libgcc_s.so.1
7effd9146000-7effd9147000 rw-p 00016000 08:01 11538927                   /lib/x86_64-linux-gnu/libgcc_s.so.1
7effd9147000-7effd924f000 r-xp 00000000 08:01 11538955                   /lib/x86_64-linux-gnu/libm-2.24.so
7effd924f000-7effd944e000 ---p 00108000 08:01 11538955                   /lib/x86_64-linux-gnu/libm-2.24.so
7effd944e000-7effd944f000 r--p 00107000 08:01 11538955                   /lib/x86_64-linux-gnu/libm-2.24.so
7effd944f000-7effd9450000 rw-p 00108000 08:01 11538955                   /lib/x86_64-linux-gnu/libm-2.24.so
7effd9450000-7effd95c9000 r-xp 00000000 08:01 8922603                    /usr/lib/x86_64-linux-gnu/libstdc++.so.6.0.22
7effd95c9000-7effd97c8000 ---p 00179000 08:01 8922603                    /usr/lib/x86_64-linux-gnu/libstdc++.so.6.0.22
7effd97c8000-7effd97d2000 r--p 00178000 08:01 8922603                    /usr/lib/x86_64-linux-gnu/libstdc++.so.6.0.22
7effd97d2000-7effd97d4000 rw-p 00182000 08:01 8922603                    /usr/lib/x86_64-linux-gnu/libstdc++.so.6.0.22
7effd97d4000-7effd97d8000 rw-p 00000000 00:00 0 
7effd97d8000-7effda42e000 r-xp 00000000 08:01 10233244                   /usr/lib/jvm/java-8-openjdk-amd64/jre/lib/amd64/server/libjvm.so
7effda42e000-7effda62e000 ---p 00c56000 08:01 10233244                   /usr/lib/jvm/java-8-openjdk-amd64/jre/lib/amd64/server/libjvm.so
7effda62e000-7effda6c1000 r--p 00c56000 08:01 10233244                   /usr/lib/jvm/java-8-openjdk-amd64/jre/lib/amd64/server/libjvm.so
7effda6c1000-7effda6ea000 rw-p 00ce9000 08:01 10233244                   /usr/lib/jvm/java-8-openjdk-amd64/jre/lib/amd64/server/libjvm.so
7effda6ea000-7effda71a000 rw-p 00000000 00:00 0 
7effda71a000-7effda732000 r-xp 00000000 08:01 11539030                   /lib/x86_64-linux-gnu/libpthread-2.24.so
7effda732000-7effda932000 ---p 00018000 08:01 11539030                   /lib/x86_64-linux-gnu/libpthread-2.24.so
7effda932000-7effda933000 r--p 00018000 08:01 11539030                   /lib/x86_64-linux-gnu/libpthread-2.24.so
7effda933000-7effda934000 rw-p 00019000 08:01 11539030                   /lib/x86_64-linux-gnu/libpthread-2.24.so
7effda934000-7effda938000 rw-p 00000000 00:00 0 
7effda938000-7effda93b000 r-xp 00000000 08:01 11538913                   /lib/x86_64-linux-gnu/libdl-2.24.so
7effda93b000-7effdab3a000 ---p 00003000 08:01 11538913                   /lib/x86_64-linux-gnu/libdl-2.24.so
7effdab3a000-7effdab3b000 r--p 00002000 08:01 11538913                   /lib/x86_64-linux-gnu/libdl-2.24.so
7effdab3b000-7effdab3c000 rw-p 00003000 08:01 11538913                   /lib/x86_64-linux-gnu/libdl-2.24.so
7effdab3c000-7effdab57000 r-xp 00000000 08:01 11539070                   /lib/x86_64-linux-gnu/libz.so.1.2.11
7effdab57000-7effdad56000 ---p 0001b000 08:01 11539070                   /lib/x86_64-linux-gnu/libz.so.1.2.11
7effdad56000-7effdad57000 r--p 0001a000 08:01 11539070                   /lib/x86_64-linux-gnu/libz.so.1.2.11
7effdad57000-7effdad58000 rw-p 0001b000 08:01 11539070                   /lib/x86_64-linux-gnu/libz.so.1.2.11
7effdad58000-7effdaf15000 r-xp 00000000 08:01 11538887                   /lib/x86_64-linux-gnu/libc-2.24.so
7effdaf15000-7effdb115000 ---p 001bd000 08:01 11538887                   /lib/x86_64-linux-gnu/libc-2.24.so
7effdb115000-7effdb119000 r--p 001bd000 08:01 11538887                   /lib/x86_64-linux-gnu/libc-2.24.so
7effdb119000-7effdb11b000 rw-p 001c1000 08:01 11538887                   /lib/x86_64-linux-gnu/libc-2.24.so
7effdb11b000-7effdb11f000 rw-p 00000000 00:00 0 
7effdb11f000-7effdb12c000 r-xp 00000000 08:01 10093804                   /usr/lib/jvm/java-8-openjdk-amd64/jre/lib/amd64/jli/libjli.so
7effdb12c000-7effdb32c000 ---p 0000d000 08:01 10093804                   /usr/lib/jvm/java-8-openjdk-amd64/jre/lib/amd64/jli/libjli.so
7effdb32c000-7effdb32d000 r--p 0000d000 08:01 10093804                   /usr/lib/jvm/java-8-openjdk-amd64/jre/lib/amd64/jli/libjli.so
7effdb32d000-7effdb32e000 rw-p 0000e000 08:01 10093804                   /usr/lib/jvm/java-8-openjdk-amd64/jre/lib/amd64/jli/libjli.so
7effdb32e000-7effdb353000 r-xp 00000000 08:01 11538859                   /lib/x86_64-linux-gnu/ld-2.24.so
7effdb373000-7effdb430000 rw-p 00000000 00:00 0 
7effdb430000-7effdb433000 ---p 00000000 00:00 0 
7effdb433000-7effdb535000 rw-p 00000000 00:00 0 
7effdb546000-7effdb54e000 rw-s 00000000 08:01 9962791                    /tmp/hsperfdata_daniel/8867
7effdb54e000-7effdb54f000 rw-p 00000000 00:00 0 
7effdb54f000-7effdb550000 r--p 00000000 00:00 0 
7effdb550000-7effdb553000 rw-p 00000000 00:00 0 
7effdb553000-7effdb554000 r--p 00025000 08:01 11538859                   /lib/x86_64-linux-gnu/ld-2.24.so
7effdb554000-7effdb555000 rw-p 00026000 08:01 11538859                   /lib/x86_64-linux-gnu/ld-2.24.so
7effdb555000-7effdb556000 rw-p 00000000 00:00 0 
7ffd77d5d000-7ffd77d7e000 rw-p 00000000 00:00 0                          [stack]
7ffd77dad000-7ffd77daf000 r--p 00000000 00:00 0                          [vvar]
7ffd77daf000-7ffd77db1000 r-xp 00000000 00:00 0                          [vdso]
ffffffffff600000-ffffffffff601000 r-xp 00000000 00:00 0                  [vsyscall]

VM Arguments:
jvm_args: -ea -Xrunjdwp:transport=dt_socket,server=y,suspend=n,address=44035 -Xdebug -Xnoagent -Djava.compiler=NONE -Ddrjava.debug.port=44035 -Dedu.rice.cs.cunit.concJUnit.check.join.enabled=false -Dedu.rice.cs.cunit.concJUnit.check.lucky.enabled=false -Dedu.rice.cs.cunit.concJUnit.check.threads.enabled=false -Djava.rmi.server.hostname=127.0.0.1 
java_command: edu.rice.cs.plt.concurrent.ProcessTaskController$Runner
java_class_path (initial): /home/daniel/Downloads/drjava.jar
Launcher Type: SUN_STANDARD

Environment Variables:
PATH=/usr/local/sbin:/usr/local/bin:/usr/sbin:/usr/bin:/sbin:/bin:/usr/games:/usr/local/games:/snap/bin
SHELL=/bin/bash
DISPLAY=:0

Signal Handlers:
SIGSEGV: [libjvm.so+0xa6d630], sa_mask[0]=11111111011111111101111111111110, sa_flags=SA_RESTART|SA_SIGINFO
SIGBUS: [libjvm.so+0xa6d630], sa_mask[0]=11111111011111111101111111111110, sa_flags=SA_RESTART|SA_SIGINFO
SIGFPE: [libjvm.so+0x8b7230], sa_mask[0]=11111111011111111101111111111110, sa_flags=SA_RESTART|SA_SIGINFO
SIGPIPE: [libjvm.so+0x8b7230], sa_mask[0]=11111111011111111101111111111110, sa_flags=SA_RESTART|SA_SIGINFO
SIGXFSZ: [libjvm.so+0x8b7230], sa_mask[0]=11111111011111111101111111111110, sa_flags=SA_RESTART|SA_SIGINFO
SIGILL: [libjvm.so+0x8b7230], sa_mask[0]=11111111011111111101111111111110, sa_flags=SA_RESTART|SA_SIGINFO
SIGUSR1: SIG_DFL, sa_mask[0]=00000000000000000000000000000000, sa_flags=none
SIGUSR2: [libjvm.so+0x8b70e0], sa_mask[0]=00100000000000000000000000000000, sa_flags=SA_RESTART|SA_SIGINFO
SIGHUP: SIG_DFL, sa_mask[0]=00000000000000000000000000000000, sa_flags=none
SIGINT: SIG_DFL, sa_mask[0]=00000000000000000000000000000000, sa_flags=none
SIGTERM: SIG_DFL, sa_mask[0]=00000000000000000000000000000000, sa_flags=none
SIGQUIT: SIG_DFL, sa_mask[0]=00000000000000000000000000000000, sa_flags=none


---------------  S Y S T E M  ---------------

OS:DISTRIB_ID=Ubuntu
DISTRIB_RELEASE=17.04
DISTRIB_CODENAME=zesty
DISTRIB_DESCRIPTION="Ubuntu 17.04"

uname:Linux 4.10.0-20-generic #22-Ubuntu SMP Thu Apr 20 09:22:42 UTC 2017 x86_64
libc:glibc 2.24 NPTL 2.24 
rlimit: STACK 8192k, CORE 0k, NPROC 47064, NOFILE 4096, AS infinity
load average:0.77 0.52 0.27

/proc/meminfo:
MemTotal:       12094108 kB
MemFree:         9520628 kB
MemAvailable:   10502840 kB
Buffers:           81272 kB
Cached:          1294984 kB
SwapCached:            0 kB
Active:          1733792 kB
Inactive:         606276 kB
Active(anon):     964904 kB
Inactive(anon):   195980 kB
Active(file):     768888 kB
Inactive(file):   410296 kB
Unevictable:          48 kB
Mlocked:              48 kB
SwapTotal:       2097148 kB
SwapFree:        2097148 kB
Dirty:               820 kB
Writeback:             0 kB
AnonPages:        910032 kB
Mapped:           200508 kB
Shmem:            197076 kB
Slab:             115052 kB
SReclaimable:      80216 kB
SUnreclaim:        34836 kB
KernelStack:        8640 kB
PageTables:        35120 kB
NFS_Unstable:          0 kB
Bounce:                0 kB
WritebackTmp:          0 kB
CommitLimit:     8144200 kB
Committed_AS:    5065388 kB
VmallocTotal:   34359738367 kB
VmallocUsed:           0 kB
VmallocChunk:          0 kB
HardwareCorrupted:     0 kB
AnonHugePages:    434176 kB
ShmemHugePages:        0 kB
ShmemPmdMapped:        0 kB
CmaTotal:              0 kB
CmaFree:               0 kB
HugePages_Total:       0
HugePages_Free:        0
HugePages_Rsvd:        0
HugePages_Surp:        0
Hugepagesize:       2048 kB
DirectMap4k:      138184 kB
DirectMap2M:    12236800 kB


CPU:total 4 (initial active 4) (2 cores per cpu, 2 threads per core) family 6 model 37 stepping 5, cmov, cx8, fxsr, mmx, sse, sse2, sse3, ssse3, sse4.1, sse4.2, popcnt, ht, tsc, tscinvbit

/proc/cpuinfo:
processor	: 0
vendor_id	: GenuineIntel
cpu family	: 6
model		: 37
model name	: Intel(R) Core(TM) i3 CPU       M 380  @ 2.53GHz
stepping	: 5
microcode	: 0x4
cpu MHz		: 2533.000
cache size	: 3072 KB
physical id	: 0
siblings	: 4
core id		: 0
cpu cores	: 2
apicid		: 0
initial apicid	: 0
fpu		: yes
fpu_exception	: yes
cpuid level	: 11
wp		: yes
flags		: fpu vme de pse tsc msr pae mce cx8 apic sep mtrr pge mca cmov pat pse36 clflush dts acpi mmx fxsr sse sse2 ss ht tm pbe syscall nx rdtscp lm constant_tsc arch_perfmon pebs bts rep_good nopl xtopology nonstop_tsc aperfmperf pni dtes64 monitor ds_cpl vmx est tm2 ssse3 cx16 xtpr pdcm pcid sse4_1 sse4_2 popcnt lahf_lm tpr_shadow vnmi flexpriority ept vpid dtherm arat
bugs		:
bogomips	: 5053.97
clflush size	: 64
cache_alignment	: 64
address sizes	: 36 bits physical, 48 bits virtual
power management:

processor	: 1
vendor_id	: GenuineIntel
cpu family	: 6
model		: 37
model name	: Intel(R) Core(TM) i3 CPU       M 380  @ 2.53GHz
stepping	: 5
microcode	: 0x4
cpu MHz		: 2533.000
cache size	: 3072 KB
physical id	: 0
siblings	: 4
core id		: 2
cpu cores	: 2
apicid		: 4
initial apicid	: 4
fpu		: yes
fpu_exception	: yes
cpuid level	: 11
wp		: yes
flags		: fpu vme de pse tsc msr pae mce cx8 apic sep mtrr pge mca cmov pat pse36 clflush dts acpi mmx fxsr sse sse2 ss ht tm pbe syscall nx rdtscp lm constant_tsc arch_perfmon pebs bts rep_good nopl xtopology nonstop_tsc aperfmperf pni dtes64 monitor ds_cpl vmx est tm2 ssse3 cx16 xtpr pdcm pcid sse4_1 sse4_2 popcnt lahf_lm tpr_shadow vnmi flexpriority ept vpid dtherm arat
bugs		:
bogomips	: 5053.97
clflush size	: 64
cache_alignment	: 64
address sizes	: 36 bits physical, 48 bits virtual
power management:

processor	: 2
vendor_id	: GenuineIntel
cpu family	: 6
model		: 37
model name	: Intel(R) Core(TM) i3 CPU       M 380  @ 2.53GHz
stepping	: 5
microcode	: 0x4
cpu MHz		: 2533.000
cache size	: 3072 KB
physical id	: 0
siblings	: 4
core id		: 0
cpu cores	: 2
apicid		: 1
initial apicid	: 1
fpu		: yes
fpu_exception	: yes
cpuid level	: 11
wp		: yes
flags		: fpu vme de pse tsc msr pae mce cx8 apic sep mtrr pge mca cmov pat pse36 clflush dts acpi mmx fxsr sse sse2 ss ht tm pbe syscall nx rdtscp lm constant_tsc arch_perfmon pebs bts rep_good nopl xtopology nonstop_tsc aperfmperf pni dtes64 monitor ds_cpl vmx est tm2 ssse3 cx16 xtpr pdcm pcid sse4_1 sse4_2 popcnt lahf_lm tpr_shadow vnmi flexpriority ept vpid dtherm arat
bugs		:
bogomips	: 5053.97
clflush size	: 64
cache_alignment	: 64
address sizes	: 36 bits physical, 48 bits virtual
power management:

processor	: 3
vendor_id	: GenuineIntel
cpu family	: 6
model		: 37
model name	: Intel(R) Core(TM) i3 CPU       M 380  @ 2.53GHz
stepping	: 5
microcode	: 0x4
cpu MHz		: 2533.000
cache size	: 3072 KB
physical id	: 0
siblings	: 4
core id		: 2
cpu cores	: 2
apicid		: 5
initial apicid	: 5
fpu		: yes
fpu_exception	: yes
cpuid level	: 11
wp		: yes
flags		: fpu vme de pse tsc msr pae mce cx8 apic sep mtrr pge mca cmov pat pse36 clflush dts acpi mmx fxsr sse sse2 ss ht tm pbe syscall nx rdtscp lm constant_tsc arch_perfmon pebs bts rep_good nopl xtopology nonstop_tsc aperfmperf pni dtes64 monitor ds_cpl vmx est tm2 ssse3 cx16 xtpr pdcm pcid sse4_1 sse4_2 popcnt lahf_lm tpr_shadow vnmi flexpriority ept vpid dtherm arat
bugs		:
bogomips	: 5053.97
clflush size	: 64
cache_alignment	: 64
address sizes	: 36 bits physical, 48 bits virtual
power management:



Memory: 4k page, physical 12094108k(9520628k free), swap 2097148k(2097148k free)

vm_info: OpenJDK 64-Bit Server VM (25.131-b11) for linux-amd64 JRE (1.8.0_131-8u131-b11-0ubuntu1.17.04.1-b11), built on May  2 2017 02:51:42 by "buildd" with gcc 6.3.0 20170406

time: Fri May 12 08:10:19 2017
elapsed time: 0 seconds (0d 0h 0m 0s)

