#
# A fatal error has been detected by the Java Runtime Environment:
#
#  SIGSEGV (0xb) at pc=0x00007fa6c5d8d1db, pid=2067, tid=0x00007fa6ad272700
#
# JRE version: OpenJDK Runtime Environment (8.0_111-b14) (build 1.8.0_111-8u111-b14-2ubuntu0.16.04.2-b14)
# Java VM: OpenJDK 64-Bit Server VM (25.111-b14 mixed mode linux-amd64 compressed oops)
# Problematic frame:
# V  [libjvm.so+0x9541db]
#
# Failed to write core dump. Core dumps have been disabled. To enable core dumping, try "ulimit -c unlimited" before starting Java again
#
# If you would like to submit a bug report, please visit:
#   http://bugreport.java.com/bugreport/crash.jsp
#

---------------  T H R E A D  ---------------

Current thread (0x00007fa6c007a000):  VMThread [stack: 0x00007fa6ad172000,0x00007fa6ad273000] [id=2073]

siginfo: si_signo: 11 (SIGSEGV), si_code: 128 (SI_KERNEL), si_addr: 0x0000000000000000

Registers:
RAX=0x0000000000000001, RBX=0x00007fa6c00bb800, RCX=0x0000000000000006, RDX=0x0000000000000000
RSP=0x00007fa6ad271c80, RBP=0x00007fa6ad271d00, RSI=0x00007fa6b02e4300, RDI=0x00007fa6c00c0000
R8 =0x0000000000000000, R9 =0xffffffffffff6010, R10=0xffffffffffff6000, R11=0x0000000000000206
R12=0x3961663730303030, R13=0x0000000000000001, R14=0x0000000000000004, R15=0x0000000000000000
RIP=0x00007fa6c5d8d1db, EFLAGS=0x0000000000010206, CSGSFS=0x0000000000000033, ERR=0x0000000000000000
  TRAPNO=0x000000000000000d

Top of Stack: (sp=0x00007fa6ad271c80)
0x00007fa6ad271c80:   0000000000000000 0000000000000001
0x00007fa6ad271c90:   00007fa6c0008d00 00007fa6c007a000
0x00007fa6ad271ca0:   00007fa6ad271d00 00007fa6c5cacdc2
0x00007fa6ad271cb0:   00007fa6c0008d00 0000000000000000
0x00007fa6ad271cc0:   0000000400000011 00007fa6c631e9f9
0x00007fa6ad271cd0:   00007fa6ad271d00 0000000000000000
0x00007fa6ad271ce0:   00007fa6a78f7330 00007fa6c6351e68
0x00007fa6ad271cf0:   00007fa6c571dab0 00007fa6c0008e00
0x00007fa6ad271d00:   00007fa6ad271ea0 00007fa6c5ea3703
0x00007fa6ad271d10:   00007fa6ad271d60 00007fa6ad271d20
0x00007fa6ad271d20:   00007fa6c007a000 00007fa6c007a290
0x00007fa6ad271d30:   00007fa6c007a2d0 00007fa6c007a2e0
0x00007fa6ad271d40:   00007fa6c007a3b8 00000000000000d8
0x00007fa6ad271d50:   00007fa6c007a4f0 0000000000000000
0x00007fa6ad271d60:   00007fa6ad271d68 6e69747563657845
0x00007fa6ad271d70:   65706f204d562067 203a6e6f69746172
0x00007fa6ad271d80:   6942656b6f766552 00656e6f64007361
0x00007fa6ad271d90:   656e6f6420676e69 00007fa6ad271e00
0x00007fa6ad271da0:   0000000000000000 00007fa6c6a315d4
0x00007fa6ad271db0:   0000000000000000 0000000000000138
0x00007fa6ad271dc0:   00007fa6ad271e00 3ec38333ef376d00
0x00007fa6ad271dd0:   00007fa6c000d828 0000000000000138
0x00007fa6ad271de0:   0000000000000138 00007fa6c007a000
0x00007fa6ad271df0:   00007fa6ad2729c0 0000000000000000
0x00007fa6ad271e00:   00007fa6ad271e30 00007fa6c56efd49
0x00007fa6ad271e10:   00007fa6c000d828 0000000000000000
0x00007fa6ad271e20:   00007fa6c637e4ff 00007fa6ad271e40
0x00007fa6ad271e30:   00007fa6ad271e80 00007fa6c56efe05
0x00007fa6ad271e40:   0000000000000000 0000000000000000
0x00007fa6ad271e50:   00007fa6c0009080 00007fa6c0009080
0x00007fa6ad271e60:   00007fa6c00090a0 3ec38333ef376d00
0x00007fa6ad271e70:   00007fa6ad271ea0 00007fa6c007a000 

Instructions: (pc=0x00007fa6c5d8d1db)
0x00007fa6c5d8d1bb:   85 db 75 15 e9 8f 00 00 00 0f 1f 40 00 48 8b 9b
0x00007fa6c5d8d1cb:   b0 01 00 00 48 85 db 74 7f 4c 8b a3 60 02 00 00
0x00007fa6c5d8d1db:   41 8b 44 24 10 85 c0 75 e4 49 8b 7c 24 08 8b 87
0x00007fa6c5d8d1eb:   58 02 00 00 41 89 44 24 14 8b 57 30 81 e2 00 00 

Register to memory mapping:

RAX=
[error occurred during error reporting (printing register info), id 0xb]

Stack: [0x00007fa6ad172000,0x00007fa6ad273000],  sp=0x00007fa6ad271c80,  free space=1023k
Native frames: (J=compiled Java code, j=interpreted, Vv=VM code, C=native code)
V  [libjvm.so+0x9541db]
V  [libjvm.so+0xa6a703]
V  [libjvm.so+0xa6ac01]
V  [libjvm.so+0x8b1082]

VM_Operation (0x00007fa6a78f7330): RevokeBias, mode: safepoint, requested by thread 0x00007fa64c011000


---------------  P R O C E S S  ---------------

Java Threads: ( => current thread )
  0x00007fa64c011000 JavaThread "Poll DrJava Thread" daemon [_thread_blocked, id=2130, stack(0x00007fa6a77fa000,0x00007fa6a78fb000)]
  0x00007fa64c00f800 JavaThread "RMI RenewClean-[127.0.0.1:33187]" daemon [_thread_blocked, id=2128, stack(0x00007fa6a78fb000,0x00007fa6a79fc000)]
  0x00007fa64c007800 JavaThread "RMI Scheduler(0)" daemon [_thread_blocked, id=2124, stack(0x00007fa6a79fc000,0x00007fa6a7afd000)]
  0x00007fa660003800 JavaThread "RMI TCP Connection(idle)" daemon [_thread_blocked, id=2123, stack(0x00007fa6a7afd000,0x00007fa6a7bfe000)]
  0x00007fa6c000c800 JavaThread "DestroyJavaVM" [_thread_blocked, id=2068, stack(0x00007fa6c7080000,0x00007fa6c7181000)]
  0x00007fa6c0366000 JavaThread "GC Daemon" daemon [_thread_blocked, id=2117, stack(0x00007fa6a7bfe000,0x00007fa6a7cff000)]
  0x00007fa6c0360800 JavaThread "RMI Reaper" [_thread_blocked, id=2116, stack(0x00007fa6ac062000,0x00007fa6ac163000)]
  0x00007fa6c0359000 JavaThread "RMI TCP Accept-0" daemon [_thread_in_native, id=2115, stack(0x00007fa6ac163000,0x00007fa6ac264000)]
  0x00007fa6c00d4800 JavaThread "Service Thread" daemon [_thread_blocked, id=2082, stack(0x00007fa6ac664000,0x00007fa6ac765000)]
  0x00007fa6c00c7000 JavaThread "C1 CompilerThread2" daemon [_thread_blocked, id=2081, stack(0x00007fa6ac765000,0x00007fa6ac866000)]
  0x00007fa6c00c5000 JavaThread "C2 CompilerThread1" daemon [_thread_blocked, id=2080, stack(0x00007fa6ac866000,0x00007fa6ac967000)]
  0x00007fa6c00c2000 JavaThread "C2 CompilerThread0" daemon [_thread_blocked, id=2079, stack(0x00007fa6ac967000,0x00007fa6aca68000)]
  0x00007fa6c00c0000 JavaThread "JDWP Event Helper Thread" daemon [_thread_blocked, id=2078, stack(0x00007fa6aca68000,0x00007fa6acb69000)]
  0x00007fa6c00bb800 
[error occurred during error reporting (printing all threads), id 0xb]

VM state:synchronizing (normal execution)

VM Mutex/Monitor currently owned by a thread:  ([mutex/lock_event])
[0x00007fa6c0008d00] Safepoint_lock - owner thread: 0x00007fa6c007a000
[0x00007fa6c0008d80] Threads_lock - owner thread: 0x00007fa6c007a000

Heap:
 PSYoungGen      total 55808K, used 21188K [0x0000000782780000, 0x0000000786580000, 0x00000007c0000000)
  eden space 48128K, 44% used [0x0000000782780000,0x0000000783c313a0,0x0000000785680000)
  from space 7680K, 0% used [0x0000000785e00000,0x0000000785e00000,0x0000000786580000)
  to   space 7680K, 0% used [0x0000000785680000,0x0000000785680000,0x0000000785e00000)
 ParOldGen       total 126976K, used 0K [0x0000000707600000, 0x000000070f200000, 0x0000000782780000)
  object space 126976K, 0% used [0x0000000707600000,0x0000000707600000,0x000000070f200000)
 Metaspace       used 9289K, capacity 9504K, committed 9728K, reserved 1058816K
  class space    used 1112K, capacity 1167K, committed 1280K, reserved 1048576K

Card table byte_map: [0x00007fa6af959000,0x00007fa6aff1f000] byte_map_base: 0x00007fa6ac11e000

Marking Bits: (ParMarkBitMap*) 0x00007fa6c6356220
 Begin Bits: [0x00007fa68a3b0000, 0x00007fa68d1d8000)
 End Bits:   [0x00007fa68d1d8000, 0x00007fa690000000)

Polling page: 0x00007fa6c71a8000

CodeCache: size=245760Kb used=2556Kb max_used=2556Kb free=243203Kb
 bounds [0x00007fa6b02df000, 0x00007fa6b055f000, 0x00007fa6bf2df000]
 total_blobs=937 nmethods=629 adapters=232
 compilation: enabled

Compilation events (10 events):
Event: 85.200 Thread 0x00007fa6c00c7000  625       1       java.io.ObjectInputStream::access$500 (5 bytes)
Event: 85.201 Thread 0x00007fa6c00c7000 nmethod 625 0x00007fa6b055d510 code [0x00007fa6b055d660, 0x00007fa6b055d750]
Event: 90.204 Thread 0x00007fa6c00c7000  626       3       java.util.Arrays::fill (21 bytes)
Event: 90.204 Thread 0x00007fa6c00c7000 nmethod 626 0x00007fa6b055d7d0 code [0x00007fa6b055d940, 0x00007fa6b055db30]
Event: 90.204 Thread 0x00007fa6c00c7000  627       3       java.io.ObjectInputStream$BlockDataInputStream::readByte (20 bytes)
Event: 90.205 Thread 0x00007fa6c00c7000 nmethod 627 0x00007fa6b055dc10 code [0x00007fa6b055dda0, 0x00007fa6b055dff8]
Event: 90.205 Thread 0x00007fa6c00c7000  628       3       java.io.ObjectInputStream$PeekInputStream::peek (27 bytes)
Event: 90.205 Thread 0x00007fa6c00c7000 nmethod 628 0x00007fa6b055e110 code [0x00007fa6b055e280, 0x00007fa6b055e508]
Event: 95.209 Thread 0x00007fa6c00c7000  629       3       java.net.URI$Parser::charAt (9 bytes)
Event: 95.210 Thread 0x00007fa6c00c7000 nmethod 629 0x00007fa6b055e5d0 code [0x00007fa6b055e760, 0x00007fa6b055eac8]

GC Heap History (0 events):
No events

Deoptimization events (2 events):
Event: 0.828 Thread 0x00007fa6c000c800 Uncommon trap: reason=unstable_if action=reinterpret pc=0x00007fa6b049b774 method=java.lang.String.replace(CC)Ljava/lang/String; @ 26
Event: 0.956 Thread 0x00007fa6c000c800 Uncommon trap: reason=unstable_if action=reinterpret pc=0x00007fa6b0498784 method=java.lang.String.indexOf([CII[CIII)I @ 134

Internal exceptions (10 events):
Event: 1.106 Thread 0x00007fa6c000c800 Exception <a 'java/lang/ArrayIndexOutOfBoundsException': 18> (0x0000000783111018) thrown at [/build/openjdk-8-8jAw7G/openjdk-8-8u111-b14/src/hotspot/src/share/vm/interpreter/interpreterRuntime.cpp, line 366]
Event: 1.107 Thread 0x00007fa6c000c800 Exception <a 'java/lang/ArrayIndexOutOfBoundsException': 40> (0x0000000783111e60) thrown at [/build/openjdk-8-8jAw7G/openjdk-8-8u111-b14/src/hotspot/src/share/vm/interpreter/interpreterRuntime.cpp, line 366]
Event: 1.157 Thread 0x00007fa6c000c800 Exception <a 'java/lang/ArrayIndexOutOfBoundsException': 65> (0x000000078312ed70) thrown at [/build/openjdk-8-8jAw7G/openjdk-8-8u111-b14/src/hotspot/src/share/vm/interpreter/interpreterRuntime.cpp, line 366]
Event: 1.158 Thread 0x00007fa6c000c800 Exception <a 'java/lang/ArrayIndexOutOfBoundsException': 92> (0x00000007831307c8) thrown at [/build/openjdk-8-8jAw7G/openjdk-8-8u111-b14/src/hotspot/src/share/vm/interpreter/interpreterRuntime.cpp, line 366]
Event: 1.977 Thread 0x00007fa660003800 Exception <a 'java/lang/NoSuchMethodError': <clinit>> (0x00000007837ae238) thrown at [/build/openjdk-8-8jAw7G/openjdk-8-8u111-b14/src/hotspot/src/share/vm/prims/jni.cpp, line 1613]
Event: 2.049 Thread 0x00007fa660003800 Exception <a 'java/lang/NoSuchMethodError': <clinit>> (0x00000007837f2fa8) thrown at [/build/openjdk-8-8jAw7G/openjdk-8-8u111-b14/src/hotspot/src/share/vm/prims/jni.cpp, line 1613]
Event: 2.060 Thread 0x00007fa64c00f800 Exception <a 'java/lang/InterruptedException'> (0x000000078395f4c0) thrown at [/build/openjdk-8-8jAw7G/openjdk-8-8u111-b14/src/hotspot/src/share/vm/runtime/objectMonitor.cpp, line 1684]
Event: 17.188 Thread 0x00007fa660003800 Exception <a 'java/lang/NoSuchMethodError': <clinit>> (0x000000078384f0d8) thrown at [/build/openjdk-8-8jAw7G/openjdk-8-8u111-b14/src/hotspot/src/share/vm/prims/jni.cpp, line 1613]
Event: 17.189 Thread 0x00007fa660003800 Exception <a 'java/lang/NoSuchMethodError': <clinit>> (0x0000000783854ee8) thrown at [/build/openjdk-8-8jAw7G/openjdk-8-8u111-b14/src/hotspot/src/share/vm/prims/jni.cpp, line 1613]
Event: 95.210 Thread 0x00007fa64c011000 Exception <a 'java/net/ConnectException'> (0x0000000783b14af0) thrown at [/build/openjdk-8-8jAw7G/openjdk-8-8u111-b14/src/hotspot/src/share/vm/prims/jni.cpp, line 709]

Events (10 events):
Event: 95.210 loading class java/net/ConnectException done
Event: 95.210 loading class java/net/UnknownHostException
Event: 95.210 loading class java/net/UnknownHostException done
Event: 95.210 loading class java/rmi/ConnectException
Event: 95.225 loading class java/rmi/ConnectException done
Event: 95.225 loading class edu/rice/cs/util/newjvm/AbstractSlaveJVM$1
Event: 95.225 loading class edu/rice/cs/util/newjvm/AbstractSlaveJVM$1 done
Event: 95.225 Thread 0x00007fa64c011000 DEOPT PACKING pc=0x00007fa6b0495cb9 sp=0x00007fa6a78f8820
Event: 95.225 Thread 0x00007fa64c011000 DEOPT UNPACKING pc=0x00007fa6b0325f73 sp=0x00007fa6a78f85a0 mode 1
Event: 95.225 Executing VM operation: RevokeBias


Dynamic libraries:
00400000-00401000 r-xp 00000000 08:01 531552                             /usr/lib/jvm/java-8-openjdk-amd64/jre/bin/java
00600000-00601000 r--p 00000000 08:01 531552                             /usr/lib/jvm/java-8-openjdk-amd64/jre/bin/java
00601000-00602000 rw-p 00001000 08:01 531552                             /usr/lib/jvm/java-8-openjdk-amd64/jre/bin/java
0105d000-0107e000 rw-p 00000000 00:00 0                                  [heap]
707600000-70f200000 rw-p 00000000 00:00 0 
70f200000-782780000 ---p 00000000 00:00 0 
782780000-786580000 rw-p 00000000 00:00 0 
786580000-7c0000000 ---p 00000000 00:00 0 
7c0000000-7c0140000 rw-p 00000000 00:00 0 
7c0140000-800000000 ---p 00000000 00:00 0 
7fa644000000-7fa644021000 rw-p 00000000 00:00 0 
7fa644021000-7fa648000000 ---p 00000000 00:00 0 
7fa648000000-7fa648021000 rw-p 00000000 00:00 0 
7fa648021000-7fa64c000000 ---p 00000000 00:00 0 
7fa64c000000-7fa64c02e000 rw-p 00000000 00:00 0 
7fa64c02e000-7fa650000000 ---p 00000000 00:00 0 
7fa650000000-7fa650021000 rw-p 00000000 00:00 0 
7fa650021000-7fa654000000 ---p 00000000 00:00 0 
7fa654000000-7fa654021000 rw-p 00000000 00:00 0 
7fa654021000-7fa658000000 ---p 00000000 00:00 0 
7fa658000000-7fa658021000 rw-p 00000000 00:00 0 
7fa658021000-7fa65c000000 ---p 00000000 00:00 0 
7fa65c000000-7fa65c021000 rw-p 00000000 00:00 0 
7fa65c021000-7fa660000000 ---p 00000000 00:00 0 
7fa660000000-7fa660021000 rw-p 00000000 00:00 0 
7fa660021000-7fa664000000 ---p 00000000 00:00 0 
7fa664000000-7fa6642cd000 rw-p 00000000 00:00 0 
7fa6642cd000-7fa668000000 ---p 00000000 00:00 0 
7fa668000000-7fa668021000 rw-p 00000000 00:00 0 
7fa668021000-7fa66c000000 ---p 00000000 00:00 0 
7fa66c000000-7fa66c1ce000 rw-p 00000000 00:00 0 
7fa66c1ce000-7fa670000000 ---p 00000000 00:00 0 
7fa670000000-7fa670281000 rw-p 00000000 00:00 0 
7fa670281000-7fa674000000 ---p 00000000 00:00 0 
7fa674000000-7fa674021000 rw-p 00000000 00:00 0 
7fa674021000-7fa678000000 ---p 00000000 00:00 0 
7fa678000000-7fa678021000 rw-p 00000000 00:00 0 
7fa678021000-7fa67c000000 ---p 00000000 00:00 0 
7fa67c000000-7fa67c021000 rw-p 00000000 00:00 0 
7fa67c021000-7fa680000000 ---p 00000000 00:00 0 
7fa680000000-7fa680021000 rw-p 00000000 00:00 0 
7fa680021000-7fa684000000 ---p 00000000 00:00 0 
7fa684000000-7fa684021000 rw-p 00000000 00:00 0 
7fa684021000-7fa688000000 ---p 00000000 00:00 0 
7fa68a3b0000-7fa690000000 rw-p 00000000 00:00 0 
7fa690000000-7fa690021000 rw-p 00000000 00:00 0 
7fa690021000-7fa694000000 ---p 00000000 00:00 0 
7fa694000000-7fa694021000 rw-p 00000000 00:00 0 
7fa694021000-7fa698000000 ---p 00000000 00:00 0 
7fa698000000-7fa698021000 rw-p 00000000 00:00 0 
7fa698021000-7fa69c000000 ---p 00000000 00:00 0 
7fa6a0000000-7fa6a0021000 rw-p 00000000 00:00 0 
7fa6a0021000-7fa6a4000000 ---p 00000000 00:00 0 
7fa6a75fa000-7fa6a763a000 rw-p 00000000 00:00 0 
7fa6a763a000-7fa6a77fa000 ---p 00000000 00:00 0 
7fa6a77fa000-7fa6a77fd000 ---p 00000000 00:00 0 
7fa6a77fd000-7fa6a78fb000 rw-p 00000000 00:00 0 
7fa6a78fb000-7fa6a78fe000 ---p 00000000 00:00 0 
7fa6a78fe000-7fa6a79fc000 rw-p 00000000 00:00 0 
7fa6a79fc000-7fa6a79ff000 ---p 00000000 00:00 0 
7fa6a79ff000-7fa6a7afd000 rw-p 00000000 00:00 0 
7fa6a7afd000-7fa6a7b00000 ---p 00000000 00:00 0 
7fa6a7b00000-7fa6a7bfe000 rw-p 00000000 00:00 0 
7fa6a7bfe000-7fa6a7c01000 ---p 00000000 00:00 0 
7fa6a7c01000-7fa6a8000000 rw-p 00000000 00:00 0 
7fa6a8000000-7fa6a8021000 rw-p 00000000 00:00 0 
7fa6a8021000-7fa6ac000000 ---p 00000000 00:00 0 
7fa6ac062000-7fa6ac065000 ---p 00000000 00:00 0 
7fa6ac065000-7fa6ac163000 rw-p 00000000 00:00 0 
7fa6ac163000-7fa6ac166000 ---p 00000000 00:00 0 
7fa6ac166000-7fa6ac264000 rw-p 00000000 00:00 0 
7fa6ac264000-7fa6ac27b000 r-xp 00000000 08:01 531624                     /usr/lib/jvm/java-8-openjdk-amd64/jre/lib/amd64/libnet.so
7fa6ac27b000-7fa6ac47a000 ---p 00017000 08:01 531624                     /usr/lib/jvm/java-8-openjdk-amd64/jre/lib/amd64/libnet.so
7fa6ac47a000-7fa6ac47b000 r--p 00016000 08:01 531624                     /usr/lib/jvm/java-8-openjdk-amd64/jre/lib/amd64/libnet.so
7fa6ac47b000-7fa6ac47c000 rw-p 00017000 08:01 531624                     /usr/lib/jvm/java-8-openjdk-amd64/jre/lib/amd64/libnet.so
7fa6ac47c000-7fa6ac52d000 r--s 00d0f000 08:01 14155804                   /home/daniel/Downloads/drjava.jar
7fa6ac52d000-7fa6ac548000 r--s 00394000 08:01 531644                     /usr/lib/jvm/java-8-openjdk-amd64/jre/lib/ext/cldrdata.jar
7fa6ac548000-7fa6ac563000 r--s 001d5000 08:01 531649                     /usr/lib/jvm/java-8-openjdk-amd64/jre/lib/ext/nashorn.jar
7fa6ac563000-7fa6ac564000 ---p 00000000 00:00 0 
7fa6ac564000-7fa6ac664000 rw-p 00000000 00:00 0 
7fa6ac664000-7fa6ac667000 ---p 00000000 00:00 0 
7fa6ac667000-7fa6ac765000 rw-p 00000000 00:00 0 
7fa6ac765000-7fa6ac768000 ---p 00000000 00:00 0 
7fa6ac768000-7fa6ac866000 rw-p 00000000 00:00 0 
7fa6ac866000-7fa6ac869000 ---p 00000000 00:00 0 
7fa6ac869000-7fa6ac967000 rw-p 00000000 00:00 0 
7fa6ac967000-7fa6ac96a000 ---p 00000000 00:00 0 
7fa6ac96a000-7fa6aca68000 rw-p 00000000 00:00 0 
7fa6aca68000-7fa6aca6b000 ---p 00000000 00:00 0 
7fa6aca6b000-7fa6acb69000 rw-p 00000000 00:00 0 
7fa6acb69000-7fa6acb6c000 ---p 00000000 00:00 0 
7fa6acb6c000-7fa6acc6a000 rw-p 00000000 00:00 0 
7fa6acc6a000-7fa6acc6e000 r-xp 00000000 08:01 531603                     /usr/lib/jvm/java-8-openjdk-amd64/jre/lib/amd64/libdt_socket.so
7fa6acc6e000-7fa6ace6d000 ---p 00004000 08:01 531603                     /usr/lib/jvm/java-8-openjdk-amd64/jre/lib/amd64/libdt_socket.so
7fa6ace6d000-7fa6ace6e000 r--p 00003000 08:01 531603                     /usr/lib/jvm/java-8-openjdk-amd64/jre/lib/amd64/libdt_socket.so
7fa6ace6e000-7fa6ace6f000 rw-p 00004000 08:01 531603                     /usr/lib/jvm/java-8-openjdk-amd64/jre/lib/amd64/libdt_socket.so
7fa6ace6f000-7fa6ace72000 ---p 00000000 00:00 0 
7fa6ace72000-7fa6acf70000 rw-p 00000000 00:00 0 
7fa6acf70000-7fa6acf73000 ---p 00000000 00:00 0 
7fa6acf73000-7fa6ad071000 rw-p 00000000 00:00 0 
7fa6ad071000-7fa6ad074000 ---p 00000000 00:00 0 
7fa6ad074000-7fa6ad172000 rw-p 00000000 00:00 0 
7fa6ad172000-7fa6ad173000 ---p 00000000 00:00 0 
7fa6ad173000-7fa6ae274000 rw-p 00000000 00:00 0 
7fa6ae274000-7fa6ae442000 r--s 03bf1000 08:01 531590                     /usr/lib/jvm/java-8-openjdk-amd64/jre/lib/rt.jar
7fa6ae442000-7fa6af27d000 rw-p 00000000 00:00 0 
7fa6af27d000-7fa6af27e000 ---p 00000000 00:00 0 
7fa6af27e000-7fa6af37e000 rw-p 00000000 00:00 0 
7fa6af37e000-7fa6af37f000 ---p 00000000 00:00 0 
7fa6af37f000-7fa6af47f000 rw-p 00000000 00:00 0 
7fa6af47f000-7fa6af480000 ---p 00000000 00:00 0 
7fa6af480000-7fa6af5be000 rw-p 00000000 00:00 0 
7fa6af5be000-7fa6af959000 ---p 00000000 00:00 0 
7fa6af959000-7fa6af997000 rw-p 00000000 00:00 0 
7fa6af997000-7fa6afd31000 ---p 00000000 00:00 0 
7fa6afd31000-7fa6afd51000 rw-p 00000000 00:00 0 
7fa6afd51000-7fa6aff1e000 ---p 00000000 00:00 0 
7fa6aff1e000-7fa6aff29000 rw-p 00000000 00:00 0 
7fa6aff29000-7fa6b02df000 ---p 00000000 00:00 0 
7fa6b02df000-7fa6b055f000 rwxp 00000000 00:00 0 
7fa6b055f000-7fa6bf2df000 ---p 00000000 00:00 0 
7fa6bf2df000-7fa6bf2e7000 r-xp 00000000 08:01 531633                     /usr/lib/jvm/java-8-openjdk-amd64/jre/lib/amd64/libzip.so
7fa6bf2e7000-7fa6bf4e6000 ---p 00008000 08:01 531633                     /usr/lib/jvm/java-8-openjdk-amd64/jre/lib/amd64/libzip.so
7fa6bf4e6000-7fa6bf4e7000 r--p 00007000 08:01 531633                     /usr/lib/jvm/java-8-openjdk-amd64/jre/lib/amd64/libzip.so
7fa6bf4e7000-7fa6bf4e8000 rw-p 00008000 08:01 531633                     /usr/lib/jvm/java-8-openjdk-amd64/jre/lib/amd64/libzip.so
7fa6bf4e8000-7fa6bf4f3000 r-xp 00000000 08:01 17961506                   /lib/x86_64-linux-gnu/libnss_files-2.23.so
7fa6bf4f3000-7fa6bf6f2000 ---p 0000b000 08:01 17961506                   /lib/x86_64-linux-gnu/libnss_files-2.23.so
7fa6bf6f2000-7fa6bf6f3000 r--p 0000a000 08:01 17961506                   /lib/x86_64-linux-gnu/libnss_files-2.23.so
7fa6bf6f3000-7fa6bf6f4000 rw-p 0000b000 08:01 17961506                   /lib/x86_64-linux-gnu/libnss_files-2.23.so
7fa6bf6f4000-7fa6bf6fa000 rw-p 00000000 00:00 0 
7fa6bf6fa000-7fa6bf705000 r-xp 00000000 08:01 17961516                   /lib/x86_64-linux-gnu/libnss_nis-2.23.so
7fa6bf705000-7fa6bf904000 ---p 0000b000 08:01 17961516                   /lib/x86_64-linux-gnu/libnss_nis-2.23.so
7fa6bf904000-7fa6bf905000 r--p 0000a000 08:01 17961516                   /lib/x86_64-linux-gnu/libnss_nis-2.23.so
7fa6bf905000-7fa6bf906000 rw-p 0000b000 08:01 17961516                   /lib/x86_64-linux-gnu/libnss_nis-2.23.so
7fa6bf906000-7fa6bf91c000 r-xp 00000000 08:01 17961500                   /lib/x86_64-linux-gnu/libnsl-2.23.so
7fa6bf91c000-7fa6bfb1b000 ---p 00016000 08:01 17961500                   /lib/x86_64-linux-gnu/libnsl-2.23.so
7fa6bfb1b000-7fa6bfb1c000 r--p 00015000 08:01 17961500                   /lib/x86_64-linux-gnu/libnsl-2.23.so
7fa6bfb1c000-7fa6bfb1d000 rw-p 00016000 08:01 17961500                   /lib/x86_64-linux-gnu/libnsl-2.23.so
7fa6bfb1d000-7fa6bfb1f000 rw-p 00000000 00:00 0 
7fa6bfb1f000-7fa6bfb27000 r-xp 00000000 08:01 17961502                   /lib/x86_64-linux-gnu/libnss_compat-2.23.so
7fa6bfb27000-7fa6bfd26000 ---p 00008000 08:01 17961502                   /lib/x86_64-linux-gnu/libnss_compat-2.23.so
7fa6bfd26000-7fa6bfd27000 r--p 00007000 08:01 17961502                   /lib/x86_64-linux-gnu/libnss_compat-2.23.so
7fa6bfd27000-7fa6bfd28000 rw-p 00008000 08:01 17961502                   /lib/x86_64-linux-gnu/libnss_compat-2.23.so
7fa6bfd28000-7fa6c0000000 r--p 00000000 08:01 532834                     /usr/lib/locale/locale-archive
7fa6c0000000-7fa6c036a000 rw-p 00000000 00:00 0 
7fa6c036a000-7fa6c4000000 ---p 00000000 00:00 0 
7fa6c400f000-7fa6c4010000 ---p 00000000 00:00 0 
7fa6c4010000-7fa6c4110000 rw-p 00000000 00:00 0 
7fa6c4110000-7fa6c4112000 r-xp 00000000 08:01 531626                     /usr/lib/jvm/java-8-openjdk-amd64/jre/lib/amd64/libnpt.so
7fa6c4112000-7fa6c4312000 ---p 00002000 08:01 531626                     /usr/lib/jvm/java-8-openjdk-amd64/jre/lib/amd64/libnpt.so
7fa6c4312000-7fa6c4313000 r--p 00002000 08:01 531626                     /usr/lib/jvm/java-8-openjdk-amd64/jre/lib/amd64/libnpt.so
7fa6c4313000-7fa6c4314000 rw-p 00003000 08:01 531626                     /usr/lib/jvm/java-8-openjdk-amd64/jre/lib/amd64/libnpt.so
7fa6c4314000-7fa6c434f000 r-xp 00000000 08:01 531617                     /usr/lib/jvm/java-8-openjdk-amd64/jre/lib/amd64/libjdwp.so
7fa6c434f000-7fa6c454e000 ---p 0003b000 08:01 531617                     /usr/lib/jvm/java-8-openjdk-amd64/jre/lib/amd64/libjdwp.so
7fa6c454e000-7fa6c454f000 r--p 0003a000 08:01 531617                     /usr/lib/jvm/java-8-openjdk-amd64/jre/lib/amd64/libjdwp.so
7fa6c454f000-7fa6c4550000 rw-p 0003b000 08:01 531617                     /usr/lib/jvm/java-8-openjdk-amd64/jre/lib/amd64/libjdwp.so
7fa6c4550000-7fa6c457d000 r-xp 00000000 08:01 531612                     /usr/lib/jvm/java-8-openjdk-amd64/jre/lib/amd64/libjava.so
7fa6c457d000-7fa6c477c000 ---p 0002d000 08:01 531612                     /usr/lib/jvm/java-8-openjdk-amd64/jre/lib/amd64/libjava.so
7fa6c477c000-7fa6c477d000 r--p 0002c000 08:01 531612                     /usr/lib/jvm/java-8-openjdk-amd64/jre/lib/amd64/libjava.so
7fa6c477d000-7fa6c477f000 rw-p 0002d000 08:01 531612                     /usr/lib/jvm/java-8-openjdk-amd64/jre/lib/amd64/libjava.so
7fa6c477f000-7fa6c478e000 r-xp 00000000 08:01 531632                     /usr/lib/jvm/java-8-openjdk-amd64/jre/lib/amd64/libverify.so
7fa6c478e000-7fa6c498d000 ---p 0000f000 08:01 531632                     /usr/lib/jvm/java-8-openjdk-amd64/jre/lib/amd64/libverify.so
7fa6c498d000-7fa6c498f000 r--p 0000e000 08:01 531632                     /usr/lib/jvm/java-8-openjdk-amd64/jre/lib/amd64/libverify.so
7fa6c498f000-7fa6c4990000 rw-p 00010000 08:01 531632                     /usr/lib/jvm/java-8-openjdk-amd64/jre/lib/amd64/libverify.so
7fa6c4990000-7fa6c4997000 r-xp 00000000 08:01 17961561                   /lib/x86_64-linux-gnu/librt-2.23.so
7fa6c4997000-7fa6c4b96000 ---p 00007000 08:01 17961561                   /lib/x86_64-linux-gnu/librt-2.23.so
7fa6c4b96000-7fa6c4b97000 r--p 00006000 08:01 17961561                   /lib/x86_64-linux-gnu/librt-2.23.so
7fa6c4b97000-7fa6c4b98000 rw-p 00007000 08:01 17961561                   /lib/x86_64-linux-gnu/librt-2.23.so
7fa6c4b98000-7fa6c4bae000 r-xp 00000000 08:01 17961445                   /lib/x86_64-linux-gnu/libgcc_s.so.1
7fa6c4bae000-7fa6c4dad000 ---p 00016000 08:01 17961445                   /lib/x86_64-linux-gnu/libgcc_s.so.1
7fa6c4dad000-7fa6c4dae000 rw-p 00015000 08:01 17961445                   /lib/x86_64-linux-gnu/libgcc_s.so.1
7fa6c4dae000-7fa6c4eb6000 r-xp 00000000 08:01 17961477                   /lib/x86_64-linux-gnu/libm-2.23.so
7fa6c4eb6000-7fa6c50b5000 ---p 00108000 08:01 17961477                   /lib/x86_64-linux-gnu/libm-2.23.so
7fa6c50b5000-7fa6c50b6000 r--p 00107000 08:01 17961477                   /lib/x86_64-linux-gnu/libm-2.23.so
7fa6c50b6000-7fa6c50b7000 rw-p 00108000 08:01 17961477                   /lib/x86_64-linux-gnu/libm-2.23.so
7fa6c50b7000-7fa6c5229000 r-xp 00000000 08:01 535404                     /usr/lib/x86_64-linux-gnu/libstdc++.so.6.0.21
7fa6c5229000-7fa6c5429000 ---p 00172000 08:01 535404                     /usr/lib/x86_64-linux-gnu/libstdc++.so.6.0.21
7fa6c5429000-7fa6c5433000 r--p 00172000 08:01 535404                     /usr/lib/x86_64-linux-gnu/libstdc++.so.6.0.21
7fa6c5433000-7fa6c5435000 rw-p 0017c000 08:01 535404                     /usr/lib/x86_64-linux-gnu/libstdc++.so.6.0.21
7fa6c5435000-7fa6c5439000 rw-p 00000000 00:00 0 
7fa6c5439000-7fa6c6088000 r-xp 00000000 08:01 531638                     /usr/lib/jvm/java-8-openjdk-amd64/jre/lib/amd64/server/libjvm.so
7fa6c6088000-7fa6c6287000 ---p 00c4f000 08:01 531638                     /usr/lib/jvm/java-8-openjdk-amd64/jre/lib/amd64/server/libjvm.so
7fa6c6287000-7fa6c631a000 r--p 00c4e000 08:01 531638                     /usr/lib/jvm/java-8-openjdk-amd64/jre/lib/amd64/server/libjvm.so
7fa6c631a000-7fa6c6343000 rw-p 00ce1000 08:01 531638                     /usr/lib/jvm/java-8-openjdk-amd64/jre/lib/amd64/server/libjvm.so
7fa6c6343000-7fa6c6373000 rw-p 00000000 00:00 0 
7fa6c6373000-7fa6c638b000 r-xp 00000000 08:01 17961553                   /lib/x86_64-linux-gnu/libpthread-2.23.so
7fa6c638b000-7fa6c658a000 ---p 00018000 08:01 17961553                   /lib/x86_64-linux-gnu/libpthread-2.23.so
7fa6c658a000-7fa6c658b000 r--p 00017000 08:01 17961553                   /lib/x86_64-linux-gnu/libpthread-2.23.so
7fa6c658b000-7fa6c658c000 rw-p 00018000 08:01 17961553                   /lib/x86_64-linux-gnu/libpthread-2.23.so
7fa6c658c000-7fa6c6590000 rw-p 00000000 00:00 0 
7fa6c6590000-7fa6c6593000 r-xp 00000000 08:01 17961431                   /lib/x86_64-linux-gnu/libdl-2.23.so
7fa6c6593000-7fa6c6792000 ---p 00003000 08:01 17961431                   /lib/x86_64-linux-gnu/libdl-2.23.so
7fa6c6792000-7fa6c6793000 r--p 00002000 08:01 17961431                   /lib/x86_64-linux-gnu/libdl-2.23.so
7fa6c6793000-7fa6c6794000 rw-p 00003000 08:01 17961431                   /lib/x86_64-linux-gnu/libdl-2.23.so
7fa6c6794000-7fa6c67ad000 r-xp 00000000 08:01 17961598                   /lib/x86_64-linux-gnu/libz.so.1.2.8
7fa6c67ad000-7fa6c69ac000 ---p 00019000 08:01 17961598                   /lib/x86_64-linux-gnu/libz.so.1.2.8
7fa6c69ac000-7fa6c69ad000 r--p 00018000 08:01 17961598                   /lib/x86_64-linux-gnu/libz.so.1.2.8
7fa6c69ad000-7fa6c69ae000 rw-p 00019000 08:01 17961598                   /lib/x86_64-linux-gnu/libz.so.1.2.8
7fa6c69ae000-7fa6c6b6d000 r-xp 00000000 08:01 17961407                   /lib/x86_64-linux-gnu/libc-2.23.so
7fa6c6b6d000-7fa6c6d6d000 ---p 001bf000 08:01 17961407                   /lib/x86_64-linux-gnu/libc-2.23.so
7fa6c6d6d000-7fa6c6d71000 r--p 001bf000 08:01 17961407                   /lib/x86_64-linux-gnu/libc-2.23.so
7fa6c6d71000-7fa6c6d73000 rw-p 001c3000 08:01 17961407                   /lib/x86_64-linux-gnu/libc-2.23.so
7fa6c6d73000-7fa6c6d77000 rw-p 00000000 00:00 0 
7fa6c6d77000-7fa6c6d84000 r-xp 00000000 08:01 531634                     /usr/lib/jvm/java-8-openjdk-amd64/jre/lib/amd64/jli/libjli.so
7fa6c6d84000-7fa6c6f84000 ---p 0000d000 08:01 531634                     /usr/lib/jvm/java-8-openjdk-amd64/jre/lib/amd64/jli/libjli.so
7fa6c6f84000-7fa6c6f85000 r--p 0000d000 08:01 531634                     /usr/lib/jvm/java-8-openjdk-amd64/jre/lib/amd64/jli/libjli.so
7fa6c6f85000-7fa6c6f86000 rw-p 0000e000 08:01 531634                     /usr/lib/jvm/java-8-openjdk-amd64/jre/lib/amd64/jli/libjli.so
7fa6c6f86000-7fa6c6fac000 r-xp 00000000 08:01 17961379                   /lib/x86_64-linux-gnu/ld-2.23.so
7fa6c6fb9000-7fa6c6fc3000 r--s 00116000 08:01 531648                     /usr/lib/jvm/java-8-openjdk-amd64/jre/lib/ext/localedata.jar
7fa6c6fc3000-7fa6c7080000 rw-p 00000000 00:00 0 
7fa6c7080000-7fa6c7083000 ---p 00000000 00:00 0 
7fa6c7083000-7fa6c7186000 rw-p 00000000 00:00 0 
7fa6c7189000-7fa6c718d000 r--s 00097000 08:01 531581                     /usr/lib/jvm/java-8-openjdk-amd64/jre/lib/jsse.jar
7fa6c718d000-7fa6c7190000 r--s 0000f000 08:01 531646                     /usr/lib/jvm/java-8-openjdk-amd64/jre/lib/ext/icedtea-sound.jar
7fa6c7190000-7fa6c7195000 r--s 0003b000 08:01 531651                     /usr/lib/jvm/java-8-openjdk-amd64/jre/lib/ext/sunjce_provider.jar
7fa6c7195000-7fa6c7196000 r--s 00010000 08:01 531653                     /usr/lib/jvm/java-8-openjdk-amd64/jre/lib/ext/zipfs.jar
7fa6c7196000-7fa6c7197000 r--s 0000a000 08:01 531647                     /usr/lib/jvm/java-8-openjdk-amd64/jre/lib/ext/jaccess.jar
7fa6c7197000-7fa6c7199000 r--s 00008000 08:01 531650                     /usr/lib/jvm/java-8-openjdk-amd64/jre/lib/ext/sunec.jar
7fa6c7199000-7fa6c719b000 r--s 00001000 08:01 531645                     /usr/lib/jvm/java-8-openjdk-amd64/jre/lib/ext/dnsns.jar
7fa6c719b000-7fa6c719f000 r--s 00037000 08:01 531652                     /usr/lib/jvm/java-8-openjdk-amd64/jre/lib/ext/sunpkcs11.jar
7fa6c719f000-7fa6c71a7000 rw-s 00000000 08:01 14155806                   /tmp/hsperfdata_daniel/2067
7fa6c71a7000-7fa6c71a8000 rw-p 00000000 00:00 0 
7fa6c71a8000-7fa6c71a9000 ---p 00000000 00:00 0 
7fa6c71a9000-7fa6c71ab000 rw-p 00000000 00:00 0 
7fa6c71ab000-7fa6c71ac000 r--p 00025000 08:01 17961379                   /lib/x86_64-linux-gnu/ld-2.23.so
7fa6c71ac000-7fa6c71ad000 rw-p 00026000 08:01 17961379                   /lib/x86_64-linux-gnu/ld-2.23.so
7fa6c71ad000-7fa6c71ae000 rw-p 00000000 00:00 0 
7ffe4cd0f000-7ffe4cd30000 rw-p 00000000 00:00 0                          [stack]
7ffe4cda3000-7ffe4cda5000 r--p 00000000 00:00 0                          [vvar]
7ffe4cda5000-7ffe4cda7000 r-xp 00000000 00:00 0                          [vdso]
ffffffffff600000-ffffffffff601000 r-xp 00000000 00:00 0                  [vsyscall]

VM Arguments:
jvm_args: -ea -Xrunjdwp:transport=dt_socket,server=y,suspend=n,address=46499 -Xdebug -Xnoagent -Djava.compiler=NONE -Ddrjava.debug.port=46499 -Dedu.rice.cs.cunit.concJUnit.check.join.enabled=false -Dedu.rice.cs.cunit.concJUnit.check.lucky.enabled=false -Dedu.rice.cs.cunit.concJUnit.check.threads.enabled=false -Djava.rmi.server.hostname=127.0.0.1 
java_command: edu.rice.cs.plt.concurrent.ProcessTaskController$Runner
java_class_path (initial): /home/daniel/Downloads/drjava.jar
Launcher Type: SUN_STANDARD

Environment Variables:
PATH=/home/daniel/bin:/home/daniel/.local/bin:/usr/local/sbin:/usr/local/bin:/usr/sbin:/usr/bin:/sbin:/bin:/usr/games:/usr/local/games
USERNAME=daniel
SHELL=/bin/bash
DISPLAY=:0

Signal Handlers:
SIGSEGV: [libjvm.so+0xa65880], sa_mask[0]=11111111011111111101111111111110, sa_flags=SA_RESTART|SA_SIGINFO
SIGBUS: [libjvm.so+0xa65880], sa_mask[0]=11111111011111111101111111111110, sa_flags=SA_RESTART|SA_SIGINFO
SIGFPE: [libjvm.so+0x8af1c0], sa_mask[0]=11111111011111111101111111111110, sa_flags=SA_RESTART|SA_SIGINFO
SIGPIPE: [libjvm.so+0x8af1c0], sa_mask[0]=11111111011111111101111111111110, sa_flags=SA_RESTART|SA_SIGINFO
SIGXFSZ: [libjvm.so+0x8af1c0], sa_mask[0]=11111111011111111101111111111110, sa_flags=SA_RESTART|SA_SIGINFO
SIGILL: [libjvm.so+0x8af1c0], sa_mask[0]=11111111011111111101111111111110, sa_flags=SA_RESTART|SA_SIGINFO
SIGUSR1: SIG_DFL, sa_mask[0]=00000000000000000000000000000000, sa_flags=none
SIGUSR2: [libjvm.so+0x8af070], sa_mask[0]=00100000000000000000000000000000, sa_flags=SA_RESTART|SA_SIGINFO
SIGHUP: [libjvm.so+0x8af540], sa_mask[0]=11111111011111111101111111111110, sa_flags=SA_RESTART|SA_SIGINFO
SIGINT: [libjvm.so+0x8af540], sa_mask[0]=11111111011111111101111111111110, sa_flags=SA_RESTART|SA_SIGINFO
SIGTERM: [libjvm.so+0x8af540], sa_mask[0]=11111111011111111101111111111110, sa_flags=SA_RESTART|SA_SIGINFO
SIGQUIT: [libjvm.so+0x8af540], sa_mask[0]=11111111011111111101111111111110, sa_flags=SA_RESTART|SA_SIGINFO


---------------  S Y S T E M  ---------------

OS:DISTRIB_ID=LinuxMint
DISTRIB_RELEASE=18.1
DISTRIB_CODENAME=serena
DISTRIB_DESCRIPTION="Linux Mint 18.1 Serena"

uname:Linux 4.4.0-53-generic #74-Ubuntu SMP Fri Dec 2 15:59:10 UTC 2016 x86_64
libc:glibc 2.23 NPTL 2.23 
rlimit: STACK 8192k, CORE 0k, NPROC 47082, NOFILE 65536, AS infinity
load average:2.43 1.39 0.63

/proc/meminfo:
MemTotal:       12095980 kB
MemFree:         8490076 kB
MemAvailable:   10360052 kB
Buffers:           57652 kB
Cached:          2214696 kB
SwapCached:            0 kB
Active:          1471172 kB
Inactive:        1957540 kB
Active(anon):    1159992 kB
Inactive(anon):   186044 kB
Active(file):     311180 kB
Inactive(file):  1771496 kB
Unevictable:           0 kB
Mlocked:               0 kB
SwapTotal:       6081532 kB
SwapFree:        6081532 kB
Dirty:             34536 kB
Writeback:             0 kB
AnonPages:       1156524 kB
Mapped:           310896 kB
Shmem:            189416 kB
Slab:              75160 kB
SReclaimable:      48924 kB
SUnreclaim:        26236 kB
KernelStack:        8400 kB
PageTables:        22208 kB
NFS_Unstable:          0 kB
Bounce:                0 kB
WritebackTmp:          0 kB
CommitLimit:    12129520 kB
Committed_AS:    3814140 kB
VmallocTotal:   34359738367 kB
VmallocUsed:           0 kB
VmallocChunk:          0 kB
HardwareCorrupted:     0 kB
AnonHugePages:    290816 kB
CmaTotal:              0 kB
CmaFree:               0 kB
HugePages_Total:       0
HugePages_Free:        0
HugePages_Rsvd:        0
HugePages_Surp:        0
Hugepagesize:       2048 kB
DirectMap4k:      111560 kB
DirectMap2M:    12263424 kB


CPU:total 4 (2 cores per cpu, 2 threads per core) family 6 model 37 stepping 5, cmov, cx8, fxsr, mmx, sse, sse2, sse3, ssse3, sse4.1, sse4.2, popcnt, ht, tsc, tscinvbit

/proc/cpuinfo:
processor	: 0
vendor_id	: GenuineIntel
cpu family	: 6
model		: 37
model name	: Intel(R) Core(TM) i3 CPU       M 380  @ 2.53GHz
stepping	: 5
microcode	: 0x2
cpu MHz		: 2399.000
cache size	: 3072 KB
physical id	: 0
siblings	: 4
core id		: 0
cpu cores	: 2
apicid		: 0
initial apicid	: 0
fpu		: yes
fpu_exception	: yes
cpuid level	: 11
wp		: yes
flags		: fpu vme de pse tsc msr pae mce cx8 apic sep mtrr pge mca cmov pat pse36 clflush dts acpi mmx fxsr sse sse2 ss ht tm pbe syscall nx rdtscp lm constant_tsc arch_perfmon pebs bts rep_good nopl xtopology nonstop_tsc aperfmperf pni dtes64 monitor ds_cpl vmx est tm2 ssse3 cx16 xtpr pdcm pcid sse4_1 sse4_2 popcnt lahf_lm tpr_shadow vnmi flexpriority ept vpid dtherm arat
bugs		:
bogomips	: 5053.99
clflush size	: 64
cache_alignment	: 64
address sizes	: 36 bits physical, 48 bits virtual
power management:

processor	: 1
vendor_id	: GenuineIntel
cpu family	: 6
model		: 37
model name	: Intel(R) Core(TM) i3 CPU       M 380  @ 2.53GHz
stepping	: 5
microcode	: 0x2
cpu MHz		: 2533.000
cache size	: 3072 KB
physical id	: 0
siblings	: 4
core id		: 2
cpu cores	: 2
apicid		: 4
initial apicid	: 4
fpu		: yes
fpu_exception	: yes
cpuid level	: 11
wp		: yes
flags		: fpu vme de pse tsc msr pae mce cx8 apic sep mtrr pge mca cmov pat pse36 clflush dts acpi mmx fxsr sse sse2 ss ht tm pbe syscall nx rdtscp lm constant_tsc arch_perfmon pebs bts rep_good nopl xtopology nonstop_tsc aperfmperf pni dtes64 monitor ds_cpl vmx est tm2 ssse3 cx16 xtpr pdcm pcid sse4_1 sse4_2 popcnt lahf_lm tpr_shadow vnmi flexpriority ept vpid dtherm arat
bugs		:
bogomips	: 5053.99
clflush size	: 64
cache_alignment	: 64
address sizes	: 36 bits physical, 48 bits virtual
power management:

processor	: 2
vendor_id	: GenuineIntel
cpu family	: 6
model		: 37
model name	: Intel(R) Core(TM) i3 CPU       M 380  @ 2.53GHz
stepping	: 5
microcode	: 0x2
cpu MHz		: 1599.000
cache size	: 3072 KB
physical id	: 0
siblings	: 4
core id		: 0
cpu cores	: 2
apicid		: 1
initial apicid	: 1
fpu		: yes
fpu_exception	: yes
cpuid level	: 11
wp		: yes
flags		: fpu vme de pse tsc msr pae mce cx8 apic sep mtrr pge mca cmov pat pse36 clflush dts acpi mmx fxsr sse sse2 ss ht tm pbe syscall nx rdtscp lm constant_tsc arch_perfmon pebs bts rep_good nopl xtopology nonstop_tsc aperfmperf pni dtes64 monitor ds_cpl vmx est tm2 ssse3 cx16 xtpr pdcm pcid sse4_1 sse4_2 popcnt lahf_lm tpr_shadow vnmi flexpriority ept vpid dtherm arat
bugs		:
bogomips	: 5053.99
clflush size	: 64
cache_alignment	: 64
address sizes	: 36 bits physical, 48 bits virtual
power management:

processor	: 3
vendor_id	: GenuineIntel
cpu family	: 6
model		: 37
model name	: Intel(R) Core(TM) i3 CPU       M 380  @ 2.53GHz
stepping	: 5
microcode	: 0x2
cpu MHz		: 1466.000
cache size	: 3072 KB
physical id	: 0
siblings	: 4
core id		: 2
cpu cores	: 2
apicid		: 5
initial apicid	: 5
fpu		: yes
fpu_exception	: yes
cpuid level	: 11
wp		: yes
flags		: fpu vme de pse tsc msr pae mce cx8 apic sep mtrr pge mca cmov pat pse36 clflush dts acpi mmx fxsr sse sse2 ss ht tm pbe syscall nx rdtscp lm constant_tsc arch_perfmon pebs bts rep_good nopl xtopology nonstop_tsc aperfmperf pni dtes64 monitor ds_cpl vmx est tm2 ssse3 cx16 xtpr pdcm pcid sse4_1 sse4_2 popcnt lahf_lm tpr_shadow vnmi flexpriority ept vpid dtherm arat
bugs		:
bogomips	: 5053.99
clflush size	: 64
cache_alignment	: 64
address sizes	: 36 bits physical, 48 bits virtual
power management:



Memory: 4k page, physical 12095980k(8490076k free), swap 6081532k(6081532k free)

vm_info: OpenJDK 64-Bit Server VM (25.111-b14) for linux-amd64 JRE (1.8.0_111-8u111-b14-2ubuntu0.16.04.2-b14), built on Oct 27 2016 18:10:19 by "buildd" with gcc 5.4.0 20160609

time: Sat May  6 18:53:19 2017
elapsed time: 95 seconds (0d 0h 1m 35s)

